[2023-06-11T02:17:21.721+0200] {processor.py:156} INFO - Started process (PID=47304) to work on /home/choco/airflow/dags/DAG.py
[2023-06-11T02:17:21.722+0200] {processor.py:758} INFO - Processing file /home/choco/airflow/dags/DAG.py for tasks to queue
[2023-06-11T02:17:21.722+0200] {logging_mixin.py:117} INFO - [2023-06-11T02:17:21.722+0200] {dagbag.py:525} INFO - Filling up the DagBag from /home/choco/airflow/dags/DAG.py
[2023-06-11T02:17:21.723+0200] {processor.py:770} WARNING - No viable dags retrieved from /home/choco/airflow/dags/DAG.py
[2023-06-11T02:17:21.735+0200] {processor.py:178} INFO - Processing /home/choco/airflow/dags/DAG.py took 0.015 seconds
[2023-06-11T02:17:58.739+0200] {processor.py:156} INFO - Started process (PID=47560) to work on /home/choco/airflow/dags/DAG.py
[2023-06-11T02:17:58.750+0200] {processor.py:758} INFO - Processing file /home/choco/airflow/dags/DAG.py for tasks to queue
[2023-06-11T02:17:58.751+0200] {logging_mixin.py:117} INFO - [2023-06-11T02:17:58.751+0200] {dagbag.py:525} INFO - Filling up the DagBag from /home/choco/airflow/dags/DAG.py
[2023-06-11T02:17:58.752+0200] {processor.py:770} WARNING - No viable dags retrieved from /home/choco/airflow/dags/DAG.py
[2023-06-11T02:17:58.759+0200] {processor.py:178} INFO - Processing /home/choco/airflow/dags/DAG.py took 0.022 seconds
[2023-06-11T02:18:05.015+0200] {processor.py:156} INFO - Started process (PID=47566) to work on /home/choco/airflow/dags/DAG.py
[2023-06-11T02:18:05.016+0200] {processor.py:758} INFO - Processing file /home/choco/airflow/dags/DAG.py for tasks to queue
[2023-06-11T02:18:05.018+0200] {logging_mixin.py:117} INFO - [2023-06-11T02:18:05.017+0200] {dagbag.py:525} INFO - Filling up the DagBag from /home/choco/airflow/dags/DAG.py
[2023-06-11T02:18:05.019+0200] {processor.py:770} WARNING - No viable dags retrieved from /home/choco/airflow/dags/DAG.py
[2023-06-11T02:18:05.028+0200] {processor.py:178} INFO - Processing /home/choco/airflow/dags/DAG.py took 0.015 seconds
[2023-06-11T02:18:13.024+0200] {processor.py:156} INFO - Started process (PID=47575) to work on /home/choco/airflow/dags/DAG.py
[2023-06-11T02:18:13.037+0200] {processor.py:758} INFO - Processing file /home/choco/airflow/dags/DAG.py for tasks to queue
[2023-06-11T02:18:13.037+0200] {logging_mixin.py:117} INFO - [2023-06-11T02:18:13.037+0200] {dagbag.py:525} INFO - Filling up the DagBag from /home/choco/airflow/dags/DAG.py
[2023-06-11T02:18:13.038+0200] {processor.py:770} WARNING - No viable dags retrieved from /home/choco/airflow/dags/DAG.py
[2023-06-11T02:18:13.045+0200] {processor.py:178} INFO - Processing /home/choco/airflow/dags/DAG.py took 0.022 seconds
[2023-06-11T02:18:48.492+0200] {processor.py:156} INFO - Started process (PID=47690) to work on /home/choco/airflow/dags/DAG.py
[2023-06-11T02:18:48.493+0200] {processor.py:758} INFO - Processing file /home/choco/airflow/dags/DAG.py for tasks to queue
[2023-06-11T02:18:48.493+0200] {logging_mixin.py:117} INFO - [2023-06-11T02:18:48.493+0200] {dagbag.py:525} INFO - Filling up the DagBag from /home/choco/airflow/dags/DAG.py
[2023-06-11T02:18:48.494+0200] {processor.py:770} WARNING - No viable dags retrieved from /home/choco/airflow/dags/DAG.py
[2023-06-11T02:18:48.505+0200] {processor.py:178} INFO - Processing /home/choco/airflow/dags/DAG.py took 0.015 seconds
[2023-06-11T02:19:28.801+0200] {processor.py:156} INFO - Started process (PID=47743) to work on /home/choco/airflow/dags/DAG.py
[2023-06-11T02:19:28.812+0200] {processor.py:758} INFO - Processing file /home/choco/airflow/dags/DAG.py for tasks to queue
[2023-06-11T02:19:28.812+0200] {logging_mixin.py:117} INFO - [2023-06-11T02:19:28.812+0200] {dagbag.py:525} INFO - Filling up the DagBag from /home/choco/airflow/dags/DAG.py
[2023-06-11T02:19:28.813+0200] {processor.py:770} WARNING - No viable dags retrieved from /home/choco/airflow/dags/DAG.py
[2023-06-11T02:19:28.819+0200] {processor.py:178} INFO - Processing /home/choco/airflow/dags/DAG.py took 0.019 seconds
[2023-06-11T02:19:38.922+0200] {processor.py:156} INFO - Started process (PID=47752) to work on /home/choco/airflow/dags/DAG.py
[2023-06-11T02:19:38.924+0200] {processor.py:758} INFO - Processing file /home/choco/airflow/dags/DAG.py for tasks to queue
[2023-06-11T02:19:38.924+0200] {logging_mixin.py:117} INFO - [2023-06-11T02:19:38.924+0200] {dagbag.py:525} INFO - Filling up the DagBag from /home/choco/airflow/dags/DAG.py
[2023-06-11T02:19:38.925+0200] {processor.py:770} WARNING - No viable dags retrieved from /home/choco/airflow/dags/DAG.py
[2023-06-11T02:19:38.932+0200] {processor.py:178} INFO - Processing /home/choco/airflow/dags/DAG.py took 0.012 seconds
[2023-06-11T02:19:51.778+0200] {processor.py:156} INFO - Started process (PID=47776) to work on /home/choco/airflow/dags/DAG.py
[2023-06-11T02:19:51.781+0200] {processor.py:758} INFO - Processing file /home/choco/airflow/dags/DAG.py for tasks to queue
[2023-06-11T02:19:51.782+0200] {logging_mixin.py:117} INFO - [2023-06-11T02:19:51.782+0200] {dagbag.py:525} INFO - Filling up the DagBag from /home/choco/airflow/dags/DAG.py
[2023-06-11T02:19:51.783+0200] {processor.py:770} WARNING - No viable dags retrieved from /home/choco/airflow/dags/DAG.py
[2023-06-11T02:19:51.789+0200] {processor.py:178} INFO - Processing /home/choco/airflow/dags/DAG.py took 0.013 seconds
[2023-06-11T02:21:54.686+0200] {processor.py:156} INFO - Started process (PID=47881) to work on /home/choco/airflow/dags/DAG.py
[2023-06-11T02:21:54.699+0200] {processor.py:758} INFO - Processing file /home/choco/airflow/dags/DAG.py for tasks to queue
[2023-06-11T02:21:54.700+0200] {logging_mixin.py:117} INFO - [2023-06-11T02:21:54.700+0200] {dagbag.py:525} INFO - Filling up the DagBag from /home/choco/airflow/dags/DAG.py
[2023-06-11T02:21:54.701+0200] {processor.py:770} WARNING - No viable dags retrieved from /home/choco/airflow/dags/DAG.py
[2023-06-11T02:21:54.714+0200] {processor.py:178} INFO - Processing /home/choco/airflow/dags/DAG.py took 0.030 seconds
[2023-06-11T02:22:32.446+0200] {processor.py:156} INFO - Started process (PID=47926) to work on /home/choco/airflow/dags/DAG.py
[2023-06-11T02:22:32.459+0200] {processor.py:758} INFO - Processing file /home/choco/airflow/dags/DAG.py for tasks to queue
[2023-06-11T02:22:32.461+0200] {logging_mixin.py:117} INFO - [2023-06-11T02:22:32.460+0200] {dagbag.py:525} INFO - Filling up the DagBag from /home/choco/airflow/dags/DAG.py
[2023-06-11T02:22:32.461+0200] {processor.py:770} WARNING - No viable dags retrieved from /home/choco/airflow/dags/DAG.py
[2023-06-11T02:22:32.468+0200] {processor.py:178} INFO - Processing /home/choco/airflow/dags/DAG.py took 0.023 seconds
[2023-06-11T02:22:38.945+0200] {processor.py:156} INFO - Started process (PID=47932) to work on /home/choco/airflow/dags/DAG.py
[2023-06-11T02:22:38.956+0200] {processor.py:758} INFO - Processing file /home/choco/airflow/dags/DAG.py for tasks to queue
[2023-06-11T02:22:38.957+0200] {logging_mixin.py:117} INFO - [2023-06-11T02:22:38.957+0200] {dagbag.py:525} INFO - Filling up the DagBag from /home/choco/airflow/dags/DAG.py
[2023-06-11T02:22:38.958+0200] {processor.py:770} WARNING - No viable dags retrieved from /home/choco/airflow/dags/DAG.py
[2023-06-11T02:22:38.964+0200] {processor.py:178} INFO - Processing /home/choco/airflow/dags/DAG.py took 0.020 seconds
[2023-06-11T02:22:51.088+0200] {processor.py:156} INFO - Started process (PID=47942) to work on /home/choco/airflow/dags/DAG.py
[2023-06-11T02:22:51.098+0200] {processor.py:758} INFO - Processing file /home/choco/airflow/dags/DAG.py for tasks to queue
[2023-06-11T02:22:51.099+0200] {logging_mixin.py:117} INFO - [2023-06-11T02:22:51.099+0200] {dagbag.py:525} INFO - Filling up the DagBag from /home/choco/airflow/dags/DAG.py
[2023-06-11T02:22:51.099+0200] {processor.py:770} WARNING - No viable dags retrieved from /home/choco/airflow/dags/DAG.py
[2023-06-11T02:22:51.106+0200] {processor.py:178} INFO - Processing /home/choco/airflow/dags/DAG.py took 0.020 seconds
[2023-06-11T02:23:07.437+0200] {processor.py:156} INFO - Started process (PID=47958) to work on /home/choco/airflow/dags/DAG.py
[2023-06-11T02:23:07.448+0200] {processor.py:758} INFO - Processing file /home/choco/airflow/dags/DAG.py for tasks to queue
[2023-06-11T02:23:07.448+0200] {logging_mixin.py:117} INFO - [2023-06-11T02:23:07.448+0200] {dagbag.py:525} INFO - Filling up the DagBag from /home/choco/airflow/dags/DAG.py
[2023-06-11T02:23:07.449+0200] {processor.py:770} WARNING - No viable dags retrieved from /home/choco/airflow/dags/DAG.py
[2023-06-11T02:23:07.456+0200] {processor.py:178} INFO - Processing /home/choco/airflow/dags/DAG.py took 0.022 seconds
[2023-06-11T02:23:23.530+0200] {processor.py:156} INFO - Started process (PID=47975) to work on /home/choco/airflow/dags/DAG.py
[2023-06-11T02:23:23.542+0200] {processor.py:758} INFO - Processing file /home/choco/airflow/dags/DAG.py for tasks to queue
[2023-06-11T02:23:23.543+0200] {logging_mixin.py:117} INFO - [2023-06-11T02:23:23.542+0200] {dagbag.py:525} INFO - Filling up the DagBag from /home/choco/airflow/dags/DAG.py
[2023-06-11T02:23:23.543+0200] {processor.py:770} WARNING - No viable dags retrieved from /home/choco/airflow/dags/DAG.py
[2023-06-11T02:23:23.549+0200] {processor.py:178} INFO - Processing /home/choco/airflow/dags/DAG.py took 0.022 seconds
[2023-06-11T02:23:34.987+0200] {processor.py:156} INFO - Started process (PID=47986) to work on /home/choco/airflow/dags/DAG.py
[2023-06-11T02:23:34.987+0200] {processor.py:758} INFO - Processing file /home/choco/airflow/dags/DAG.py for tasks to queue
[2023-06-11T02:23:34.988+0200] {logging_mixin.py:117} INFO - [2023-06-11T02:23:34.987+0200] {dagbag.py:525} INFO - Filling up the DagBag from /home/choco/airflow/dags/DAG.py
[2023-06-11T02:23:34.988+0200] {processor.py:770} WARNING - No viable dags retrieved from /home/choco/airflow/dags/DAG.py
[2023-06-11T02:23:34.995+0200] {processor.py:178} INFO - Processing /home/choco/airflow/dags/DAG.py took 0.010 seconds
[2023-06-11T02:23:49.133+0200] {processor.py:156} INFO - Started process (PID=48000) to work on /home/choco/airflow/dags/DAG.py
[2023-06-11T02:23:49.134+0200] {processor.py:758} INFO - Processing file /home/choco/airflow/dags/DAG.py for tasks to queue
[2023-06-11T02:23:49.135+0200] {logging_mixin.py:117} INFO - [2023-06-11T02:23:49.135+0200] {dagbag.py:525} INFO - Filling up the DagBag from /home/choco/airflow/dags/DAG.py
[2023-06-11T02:23:49.136+0200] {processor.py:770} WARNING - No viable dags retrieved from /home/choco/airflow/dags/DAG.py
[2023-06-11T02:23:49.142+0200] {processor.py:178} INFO - Processing /home/choco/airflow/dags/DAG.py took 0.011 seconds
[2023-06-11T02:24:00.850+0200] {processor.py:156} INFO - Started process (PID=48013) to work on /home/choco/airflow/dags/DAG.py
[2023-06-11T02:24:00.862+0200] {processor.py:758} INFO - Processing file /home/choco/airflow/dags/DAG.py for tasks to queue
[2023-06-11T02:24:00.863+0200] {logging_mixin.py:117} INFO - [2023-06-11T02:24:00.862+0200] {dagbag.py:525} INFO - Filling up the DagBag from /home/choco/airflow/dags/DAG.py
[2023-06-11T02:24:00.863+0200] {processor.py:770} WARNING - No viable dags retrieved from /home/choco/airflow/dags/DAG.py
[2023-06-11T02:24:00.870+0200] {processor.py:178} INFO - Processing /home/choco/airflow/dags/DAG.py took 0.021 seconds
[2023-06-11T02:24:13.809+0200] {processor.py:156} INFO - Started process (PID=48025) to work on /home/choco/airflow/dags/DAG.py
[2023-06-11T02:24:13.820+0200] {processor.py:758} INFO - Processing file /home/choco/airflow/dags/DAG.py for tasks to queue
[2023-06-11T02:24:13.820+0200] {logging_mixin.py:117} INFO - [2023-06-11T02:24:13.820+0200] {dagbag.py:525} INFO - Filling up the DagBag from /home/choco/airflow/dags/DAG.py
[2023-06-11T02:24:13.822+0200] {processor.py:770} WARNING - No viable dags retrieved from /home/choco/airflow/dags/DAG.py
[2023-06-11T02:24:13.831+0200] {processor.py:178} INFO - Processing /home/choco/airflow/dags/DAG.py took 0.023 seconds
[2023-06-11T02:24:25.494+0200] {processor.py:156} INFO - Started process (PID=48037) to work on /home/choco/airflow/dags/DAG.py
[2023-06-11T02:24:25.496+0200] {processor.py:758} INFO - Processing file /home/choco/airflow/dags/DAG.py for tasks to queue
[2023-06-11T02:24:25.496+0200] {logging_mixin.py:117} INFO - [2023-06-11T02:24:25.496+0200] {dagbag.py:525} INFO - Filling up the DagBag from /home/choco/airflow/dags/DAG.py
[2023-06-11T02:24:25.497+0200] {processor.py:770} WARNING - No viable dags retrieved from /home/choco/airflow/dags/DAG.py
[2023-06-11T02:24:25.503+0200] {processor.py:178} INFO - Processing /home/choco/airflow/dags/DAG.py took 0.011 seconds
[2023-06-11T02:24:39.582+0200] {processor.py:156} INFO - Started process (PID=48050) to work on /home/choco/airflow/dags/DAG.py
[2023-06-11T02:24:39.594+0200] {processor.py:758} INFO - Processing file /home/choco/airflow/dags/DAG.py for tasks to queue
[2023-06-11T02:24:39.594+0200] {logging_mixin.py:117} INFO - [2023-06-11T02:24:39.594+0200] {dagbag.py:525} INFO - Filling up the DagBag from /home/choco/airflow/dags/DAG.py
[2023-06-11T02:24:39.595+0200] {processor.py:770} WARNING - No viable dags retrieved from /home/choco/airflow/dags/DAG.py
[2023-06-11T02:24:39.602+0200] {processor.py:178} INFO - Processing /home/choco/airflow/dags/DAG.py took 0.021 seconds
