[2023-06-11T02:17:41.837+0200] {processor.py:156} INFO - Started process (PID=47543) to work on /home/choco/airflow_venv/lib/python3.10/site-packages/airflow/example_dags/example_latest_only_with_trigger.py
[2023-06-11T02:17:41.837+0200] {processor.py:758} INFO - Processing file /home/choco/airflow_venv/lib/python3.10/site-packages/airflow/example_dags/example_latest_only_with_trigger.py for tasks to queue
[2023-06-11T02:17:41.838+0200] {logging_mixin.py:117} INFO - [2023-06-11T02:17:41.838+0200] {dagbag.py:525} INFO - Filling up the DagBag from /home/choco/airflow_venv/lib/python3.10/site-packages/airflow/example_dags/example_latest_only_with_trigger.py
[2023-06-11T02:17:41.847+0200] {processor.py:768} INFO - DAG(s) dict_keys(['latest_only_with_trigger']) retrieved from /home/choco/airflow_venv/lib/python3.10/site-packages/airflow/example_dags/example_latest_only_with_trigger.py
[2023-06-11T02:17:41.856+0200] {logging_mixin.py:117} INFO - [2023-06-11T02:17:41.856+0200] {dag.py:2573} INFO - Sync 1 DAGs
[2023-06-11T02:17:41.869+0200] {logging_mixin.py:117} INFO - [2023-06-11T02:17:41.869+0200] {dag.py:3324} INFO - Setting next_dagrun for latest_only_with_trigger to 2023-06-10T20:17:41.869443+00:00, run_after=2023-06-11T00:17:41.869443+00:00
[2023-06-11T02:17:41.899+0200] {processor.py:178} INFO - Processing /home/choco/airflow_venv/lib/python3.10/site-packages/airflow/example_dags/example_latest_only_with_trigger.py took 0.064 seconds
[2023-06-11T02:18:22.119+0200] {processor.py:156} INFO - Started process (PID=47589) to work on /home/choco/airflow_venv/lib/python3.10/site-packages/airflow/example_dags/example_latest_only_with_trigger.py
[2023-06-11T02:18:22.132+0200] {processor.py:758} INFO - Processing file /home/choco/airflow_venv/lib/python3.10/site-packages/airflow/example_dags/example_latest_only_with_trigger.py for tasks to queue
[2023-06-11T02:18:22.132+0200] {logging_mixin.py:117} INFO - [2023-06-11T02:18:22.132+0200] {dagbag.py:525} INFO - Filling up the DagBag from /home/choco/airflow_venv/lib/python3.10/site-packages/airflow/example_dags/example_latest_only_with_trigger.py
[2023-06-11T02:18:22.142+0200] {processor.py:768} INFO - DAG(s) dict_keys(['latest_only_with_trigger']) retrieved from /home/choco/airflow_venv/lib/python3.10/site-packages/airflow/example_dags/example_latest_only_with_trigger.py
[2023-06-11T02:18:22.160+0200] {logging_mixin.py:117} INFO - [2023-06-11T02:18:22.160+0200] {dag.py:2573} INFO - Sync 1 DAGs
[2023-06-11T02:18:22.175+0200] {logging_mixin.py:117} INFO - [2023-06-11T02:18:22.175+0200] {dag.py:3324} INFO - Setting next_dagrun for latest_only_with_trigger to 2023-06-10T20:18:22.175185+00:00, run_after=2023-06-11T00:18:22.175185+00:00
[2023-06-11T02:18:22.196+0200] {processor.py:178} INFO - Processing /home/choco/airflow_venv/lib/python3.10/site-packages/airflow/example_dags/example_latest_only_with_trigger.py took 0.078 seconds
[2023-06-11T02:19:10.124+0200] {processor.py:156} INFO - Started process (PID=47725) to work on /home/choco/airflow_venv/lib/python3.10/site-packages/airflow/example_dags/example_latest_only_with_trigger.py
[2023-06-11T02:19:10.136+0200] {processor.py:758} INFO - Processing file /home/choco/airflow_venv/lib/python3.10/site-packages/airflow/example_dags/example_latest_only_with_trigger.py for tasks to queue
[2023-06-11T02:19:10.136+0200] {logging_mixin.py:117} INFO - [2023-06-11T02:19:10.136+0200] {dagbag.py:525} INFO - Filling up the DagBag from /home/choco/airflow_venv/lib/python3.10/site-packages/airflow/example_dags/example_latest_only_with_trigger.py
[2023-06-11T02:19:10.145+0200] {processor.py:768} INFO - DAG(s) dict_keys(['latest_only_with_trigger']) retrieved from /home/choco/airflow_venv/lib/python3.10/site-packages/airflow/example_dags/example_latest_only_with_trigger.py
[2023-06-11T02:19:10.163+0200] {logging_mixin.py:117} INFO - [2023-06-11T02:19:10.163+0200] {dag.py:2573} INFO - Sync 1 DAGs
[2023-06-11T02:19:10.177+0200] {logging_mixin.py:117} INFO - [2023-06-11T02:19:10.177+0200] {dag.py:3324} INFO - Setting next_dagrun for latest_only_with_trigger to 2023-06-10T20:19:10.177671+00:00, run_after=2023-06-11T00:19:10.177671+00:00
[2023-06-11T02:19:10.197+0200] {processor.py:178} INFO - Processing /home/choco/airflow_venv/lib/python3.10/site-packages/airflow/example_dags/example_latest_only_with_trigger.py took 0.075 seconds
[2023-06-11T02:22:12.715+0200] {processor.py:156} INFO - Started process (PID=47908) to work on /home/choco/airflow_venv/lib/python3.10/site-packages/airflow/example_dags/example_latest_only_with_trigger.py
[2023-06-11T02:22:12.716+0200] {processor.py:758} INFO - Processing file /home/choco/airflow_venv/lib/python3.10/site-packages/airflow/example_dags/example_latest_only_with_trigger.py for tasks to queue
[2023-06-11T02:22:12.716+0200] {logging_mixin.py:117} INFO - [2023-06-11T02:22:12.716+0200] {dagbag.py:525} INFO - Filling up the DagBag from /home/choco/airflow_venv/lib/python3.10/site-packages/airflow/example_dags/example_latest_only_with_trigger.py
[2023-06-11T02:22:12.730+0200] {processor.py:768} INFO - DAG(s) dict_keys(['latest_only_with_trigger']) retrieved from /home/choco/airflow_venv/lib/python3.10/site-packages/airflow/example_dags/example_latest_only_with_trigger.py
[2023-06-11T02:22:12.738+0200] {logging_mixin.py:117} INFO - [2023-06-11T02:22:12.738+0200] {dag.py:2573} INFO - Sync 1 DAGs
[2023-06-11T02:22:12.753+0200] {logging_mixin.py:117} INFO - [2023-06-11T02:22:12.753+0200] {dag.py:3324} INFO - Setting next_dagrun for latest_only_with_trigger to 2023-06-10T20:22:12.753266+00:00, run_after=2023-06-11T00:22:12.753266+00:00
[2023-06-11T02:22:12.772+0200] {processor.py:178} INFO - Processing /home/choco/airflow_venv/lib/python3.10/site-packages/airflow/example_dags/example_latest_only_with_trigger.py took 0.060 seconds
[2023-06-11T02:22:58.604+0200] {processor.py:156} INFO - Started process (PID=47950) to work on /home/choco/airflow_venv/lib/python3.10/site-packages/airflow/example_dags/example_latest_only_with_trigger.py
[2023-06-11T02:22:58.615+0200] {processor.py:758} INFO - Processing file /home/choco/airflow_venv/lib/python3.10/site-packages/airflow/example_dags/example_latest_only_with_trigger.py for tasks to queue
[2023-06-11T02:22:58.616+0200] {logging_mixin.py:117} INFO - [2023-06-11T02:22:58.615+0200] {dagbag.py:525} INFO - Filling up the DagBag from /home/choco/airflow_venv/lib/python3.10/site-packages/airflow/example_dags/example_latest_only_with_trigger.py
[2023-06-11T02:22:58.625+0200] {processor.py:768} INFO - DAG(s) dict_keys(['latest_only_with_trigger']) retrieved from /home/choco/airflow_venv/lib/python3.10/site-packages/airflow/example_dags/example_latest_only_with_trigger.py
[2023-06-11T02:22:58.644+0200] {logging_mixin.py:117} INFO - [2023-06-11T02:22:58.644+0200] {dag.py:2573} INFO - Sync 1 DAGs
[2023-06-11T02:22:58.659+0200] {logging_mixin.py:117} INFO - [2023-06-11T02:22:58.659+0200] {dag.py:3324} INFO - Setting next_dagrun for latest_only_with_trigger to 2023-06-10T20:22:58.658835+00:00, run_after=2023-06-11T00:22:58.658835+00:00
[2023-06-11T02:22:58.679+0200] {processor.py:178} INFO - Processing /home/choco/airflow_venv/lib/python3.10/site-packages/airflow/example_dags/example_latest_only_with_trigger.py took 0.077 seconds
[2023-06-11T02:23:42.504+0200] {processor.py:156} INFO - Started process (PID=47994) to work on /home/choco/airflow_venv/lib/python3.10/site-packages/airflow/example_dags/example_latest_only_with_trigger.py
[2023-06-11T02:23:42.520+0200] {processor.py:758} INFO - Processing file /home/choco/airflow_venv/lib/python3.10/site-packages/airflow/example_dags/example_latest_only_with_trigger.py for tasks to queue
[2023-06-11T02:23:42.521+0200] {logging_mixin.py:117} INFO - [2023-06-11T02:23:42.521+0200] {dagbag.py:525} INFO - Filling up the DagBag from /home/choco/airflow_venv/lib/python3.10/site-packages/airflow/example_dags/example_latest_only_with_trigger.py
[2023-06-11T02:23:42.531+0200] {processor.py:768} INFO - DAG(s) dict_keys(['latest_only_with_trigger']) retrieved from /home/choco/airflow_venv/lib/python3.10/site-packages/airflow/example_dags/example_latest_only_with_trigger.py
[2023-06-11T02:23:42.550+0200] {logging_mixin.py:117} INFO - [2023-06-11T02:23:42.550+0200] {dag.py:2573} INFO - Sync 1 DAGs
[2023-06-11T02:23:42.564+0200] {logging_mixin.py:117} INFO - [2023-06-11T02:23:42.563+0200] {dag.py:3324} INFO - Setting next_dagrun for latest_only_with_trigger to 2023-06-10T20:23:42.563780+00:00, run_after=2023-06-11T00:23:42.563780+00:00
[2023-06-11T02:23:42.582+0200] {processor.py:178} INFO - Processing /home/choco/airflow_venv/lib/python3.10/site-packages/airflow/example_dags/example_latest_only_with_trigger.py took 0.080 seconds
[2023-06-11T02:24:30.054+0200] {processor.py:156} INFO - Started process (PID=48041) to work on /home/choco/airflow_venv/lib/python3.10/site-packages/airflow/example_dags/example_latest_only_with_trigger.py
[2023-06-11T02:24:30.056+0200] {processor.py:758} INFO - Processing file /home/choco/airflow_venv/lib/python3.10/site-packages/airflow/example_dags/example_latest_only_with_trigger.py for tasks to queue
[2023-06-11T02:24:30.056+0200] {logging_mixin.py:117} INFO - [2023-06-11T02:24:30.056+0200] {dagbag.py:525} INFO - Filling up the DagBag from /home/choco/airflow_venv/lib/python3.10/site-packages/airflow/example_dags/example_latest_only_with_trigger.py
[2023-06-11T02:24:30.066+0200] {processor.py:768} INFO - DAG(s) dict_keys(['latest_only_with_trigger']) retrieved from /home/choco/airflow_venv/lib/python3.10/site-packages/airflow/example_dags/example_latest_only_with_trigger.py
[2023-06-11T02:24:30.085+0200] {logging_mixin.py:117} INFO - [2023-06-11T02:24:30.085+0200] {dag.py:2573} INFO - Sync 1 DAGs
[2023-06-11T02:24:30.099+0200] {logging_mixin.py:117} INFO - [2023-06-11T02:24:30.099+0200] {dag.py:3324} INFO - Setting next_dagrun for latest_only_with_trigger to 2023-06-10T20:24:30.099495+00:00, run_after=2023-06-11T00:24:30.099495+00:00
[2023-06-11T02:24:30.117+0200] {processor.py:178} INFO - Processing /home/choco/airflow_venv/lib/python3.10/site-packages/airflow/example_dags/example_latest_only_with_trigger.py took 0.065 seconds
