[2023-06-11T02:17:26.701+0200] {processor.py:156} INFO - Started process (PID=47320) to work on /home/choco/airflow_venv/lib/python3.10/site-packages/airflow/example_dags/example_short_circuit_decorator.py
[2023-06-11T02:17:26.702+0200] {processor.py:758} INFO - Processing file /home/choco/airflow_venv/lib/python3.10/site-packages/airflow/example_dags/example_short_circuit_decorator.py for tasks to queue
[2023-06-11T02:17:26.702+0200] {logging_mixin.py:117} INFO - [2023-06-11T02:17:26.702+0200] {dagbag.py:525} INFO - Filling up the DagBag from /home/choco/airflow_venv/lib/python3.10/site-packages/airflow/example_dags/example_short_circuit_decorator.py
[2023-06-11T02:17:26.722+0200] {processor.py:768} INFO - DAG(s) dict_keys(['example_short_circuit_decorator']) retrieved from /home/choco/airflow_venv/lib/python3.10/site-packages/airflow/example_dags/example_short_circuit_decorator.py
[2023-06-11T02:17:26.730+0200] {logging_mixin.py:117} INFO - [2023-06-11T02:17:26.730+0200] {dag.py:2573} INFO - Sync 1 DAGs
[2023-06-11T02:17:26.745+0200] {logging_mixin.py:117} INFO - [2023-06-11T02:17:26.745+0200] {dag.py:3324} INFO - Setting next_dagrun for example_short_circuit_decorator to 2023-06-10T00:17:26.745407+00:00, run_after=2023-06-11T00:17:26.745407+00:00
[2023-06-11T02:17:26.765+0200] {processor.py:178} INFO - Processing /home/choco/airflow_venv/lib/python3.10/site-packages/airflow/example_dags/example_short_circuit_decorator.py took 0.066 seconds
[2023-06-11T02:18:02.738+0200] {processor.py:156} INFO - Started process (PID=47564) to work on /home/choco/airflow_venv/lib/python3.10/site-packages/airflow/example_dags/example_short_circuit_decorator.py
[2023-06-11T02:18:02.749+0200] {processor.py:758} INFO - Processing file /home/choco/airflow_venv/lib/python3.10/site-packages/airflow/example_dags/example_short_circuit_decorator.py for tasks to queue
[2023-06-11T02:18:02.750+0200] {logging_mixin.py:117} INFO - [2023-06-11T02:18:02.750+0200] {dagbag.py:525} INFO - Filling up the DagBag from /home/choco/airflow_venv/lib/python3.10/site-packages/airflow/example_dags/example_short_circuit_decorator.py
[2023-06-11T02:18:02.767+0200] {processor.py:768} INFO - DAG(s) dict_keys(['example_short_circuit_decorator']) retrieved from /home/choco/airflow_venv/lib/python3.10/site-packages/airflow/example_dags/example_short_circuit_decorator.py
[2023-06-11T02:18:02.788+0200] {logging_mixin.py:117} INFO - [2023-06-11T02:18:02.788+0200] {dag.py:2573} INFO - Sync 1 DAGs
[2023-06-11T02:18:02.803+0200] {logging_mixin.py:117} INFO - [2023-06-11T02:18:02.803+0200] {dag.py:3324} INFO - Setting next_dagrun for example_short_circuit_decorator to 2023-06-10T00:18:02.803485+00:00, run_after=2023-06-11T00:18:02.803485+00:00
[2023-06-11T02:18:02.823+0200] {processor.py:178} INFO - Processing /home/choco/airflow_venv/lib/python3.10/site-packages/airflow/example_dags/example_short_circuit_decorator.py took 0.087 seconds
[2023-06-11T02:18:52.832+0200] {processor.py:156} INFO - Started process (PID=47706) to work on /home/choco/airflow_venv/lib/python3.10/site-packages/airflow/example_dags/example_short_circuit_decorator.py
[2023-06-11T02:18:52.833+0200] {processor.py:758} INFO - Processing file /home/choco/airflow_venv/lib/python3.10/site-packages/airflow/example_dags/example_short_circuit_decorator.py for tasks to queue
[2023-06-11T02:18:52.833+0200] {logging_mixin.py:117} INFO - [2023-06-11T02:18:52.833+0200] {dagbag.py:525} INFO - Filling up the DagBag from /home/choco/airflow_venv/lib/python3.10/site-packages/airflow/example_dags/example_short_circuit_decorator.py
[2023-06-11T02:18:52.856+0200] {processor.py:768} INFO - DAG(s) dict_keys(['example_short_circuit_decorator']) retrieved from /home/choco/airflow_venv/lib/python3.10/site-packages/airflow/example_dags/example_short_circuit_decorator.py
[2023-06-11T02:18:52.864+0200] {logging_mixin.py:117} INFO - [2023-06-11T02:18:52.864+0200] {dag.py:2573} INFO - Sync 1 DAGs
[2023-06-11T02:18:52.879+0200] {logging_mixin.py:117} INFO - [2023-06-11T02:18:52.879+0200] {dag.py:3324} INFO - Setting next_dagrun for example_short_circuit_decorator to 2023-06-10T00:18:52.878992+00:00, run_after=2023-06-11T00:18:52.878992+00:00
[2023-06-11T02:18:52.900+0200] {processor.py:178} INFO - Processing /home/choco/airflow_venv/lib/python3.10/site-packages/airflow/example_dags/example_short_circuit_decorator.py took 0.070 seconds
[2023-06-11T02:19:31.911+0200] {processor.py:156} INFO - Started process (PID=47746) to work on /home/choco/airflow_venv/lib/python3.10/site-packages/airflow/example_dags/example_short_circuit_decorator.py
[2023-06-11T02:19:31.922+0200] {processor.py:758} INFO - Processing file /home/choco/airflow_venv/lib/python3.10/site-packages/airflow/example_dags/example_short_circuit_decorator.py for tasks to queue
[2023-06-11T02:19:31.923+0200] {logging_mixin.py:117} INFO - [2023-06-11T02:19:31.923+0200] {dagbag.py:525} INFO - Filling up the DagBag from /home/choco/airflow_venv/lib/python3.10/site-packages/airflow/example_dags/example_short_circuit_decorator.py
[2023-06-11T02:19:31.940+0200] {processor.py:768} INFO - DAG(s) dict_keys(['example_short_circuit_decorator']) retrieved from /home/choco/airflow_venv/lib/python3.10/site-packages/airflow/example_dags/example_short_circuit_decorator.py
[2023-06-11T02:19:31.959+0200] {logging_mixin.py:117} INFO - [2023-06-11T02:19:31.959+0200] {dag.py:2573} INFO - Sync 1 DAGs
[2023-06-11T02:19:31.973+0200] {logging_mixin.py:117} INFO - [2023-06-11T02:19:31.973+0200] {dag.py:3324} INFO - Setting next_dagrun for example_short_circuit_decorator to 2023-06-10T00:19:31.973521+00:00, run_after=2023-06-11T00:19:31.973521+00:00
[2023-06-11T02:19:31.992+0200] {processor.py:178} INFO - Processing /home/choco/airflow_venv/lib/python3.10/site-packages/airflow/example_dags/example_short_circuit_decorator.py took 0.083 seconds
[2023-06-11T02:21:57.577+0200] {processor.py:156} INFO - Started process (PID=47887) to work on /home/choco/airflow_venv/lib/python3.10/site-packages/airflow/example_dags/example_short_circuit_decorator.py
[2023-06-11T02:21:57.579+0200] {processor.py:758} INFO - Processing file /home/choco/airflow_venv/lib/python3.10/site-packages/airflow/example_dags/example_short_circuit_decorator.py for tasks to queue
[2023-06-11T02:21:57.580+0200] {logging_mixin.py:117} INFO - [2023-06-11T02:21:57.579+0200] {dagbag.py:525} INFO - Filling up the DagBag from /home/choco/airflow_venv/lib/python3.10/site-packages/airflow/example_dags/example_short_circuit_decorator.py
[2023-06-11T02:21:57.606+0200] {processor.py:768} INFO - DAG(s) dict_keys(['example_short_circuit_decorator']) retrieved from /home/choco/airflow_venv/lib/python3.10/site-packages/airflow/example_dags/example_short_circuit_decorator.py
[2023-06-11T02:21:57.641+0200] {logging_mixin.py:117} INFO - [2023-06-11T02:21:57.641+0200] {dag.py:2573} INFO - Sync 1 DAGs
[2023-06-11T02:21:57.655+0200] {logging_mixin.py:117} INFO - [2023-06-11T02:21:57.655+0200] {dag.py:3324} INFO - Setting next_dagrun for example_short_circuit_decorator to 2023-06-10T00:21:57.655249+00:00, run_after=2023-06-11T00:21:57.655249+00:00
[2023-06-11T02:21:57.677+0200] {processor.py:178} INFO - Processing /home/choco/airflow_venv/lib/python3.10/site-packages/airflow/example_dags/example_short_circuit_decorator.py took 0.102 seconds
[2023-06-11T02:22:34.945+0200] {processor.py:156} INFO - Started process (PID=47929) to work on /home/choco/airflow_venv/lib/python3.10/site-packages/airflow/example_dags/example_short_circuit_decorator.py
[2023-06-11T02:22:34.947+0200] {processor.py:758} INFO - Processing file /home/choco/airflow_venv/lib/python3.10/site-packages/airflow/example_dags/example_short_circuit_decorator.py for tasks to queue
[2023-06-11T02:22:34.947+0200] {logging_mixin.py:117} INFO - [2023-06-11T02:22:34.947+0200] {dagbag.py:525} INFO - Filling up the DagBag from /home/choco/airflow_venv/lib/python3.10/site-packages/airflow/example_dags/example_short_circuit_decorator.py
[2023-06-11T02:22:34.964+0200] {processor.py:768} INFO - DAG(s) dict_keys(['example_short_circuit_decorator']) retrieved from /home/choco/airflow_venv/lib/python3.10/site-packages/airflow/example_dags/example_short_circuit_decorator.py
[2023-06-11T02:22:34.984+0200] {logging_mixin.py:117} INFO - [2023-06-11T02:22:34.984+0200] {dag.py:2573} INFO - Sync 1 DAGs
[2023-06-11T02:22:34.997+0200] {logging_mixin.py:117} INFO - [2023-06-11T02:22:34.997+0200] {dag.py:3324} INFO - Setting next_dagrun for example_short_circuit_decorator to 2023-06-10T00:22:34.997407+00:00, run_after=2023-06-11T00:22:34.997407+00:00
[2023-06-11T02:22:35.017+0200] {processor.py:178} INFO - Processing /home/choco/airflow_venv/lib/python3.10/site-packages/airflow/example_dags/example_short_circuit_decorator.py took 0.073 seconds
[2023-06-11T02:23:10.769+0200] {processor.py:156} INFO - Started process (PID=47963) to work on /home/choco/airflow_venv/lib/python3.10/site-packages/airflow/example_dags/example_short_circuit_decorator.py
[2023-06-11T02:23:10.771+0200] {processor.py:758} INFO - Processing file /home/choco/airflow_venv/lib/python3.10/site-packages/airflow/example_dags/example_short_circuit_decorator.py for tasks to queue
[2023-06-11T02:23:10.771+0200] {logging_mixin.py:117} INFO - [2023-06-11T02:23:10.771+0200] {dagbag.py:525} INFO - Filling up the DagBag from /home/choco/airflow_venv/lib/python3.10/site-packages/airflow/example_dags/example_short_circuit_decorator.py
[2023-06-11T02:23:10.796+0200] {processor.py:768} INFO - DAG(s) dict_keys(['example_short_circuit_decorator']) retrieved from /home/choco/airflow_venv/lib/python3.10/site-packages/airflow/example_dags/example_short_circuit_decorator.py
[2023-06-11T02:23:10.820+0200] {logging_mixin.py:117} INFO - [2023-06-11T02:23:10.820+0200] {dag.py:2573} INFO - Sync 1 DAGs
[2023-06-11T02:23:10.840+0200] {logging_mixin.py:117} INFO - [2023-06-11T02:23:10.839+0200] {dag.py:3324} INFO - Setting next_dagrun for example_short_circuit_decorator to 2023-06-10T00:23:10.839729+00:00, run_after=2023-06-11T00:23:10.839729+00:00
[2023-06-11T02:23:10.868+0200] {processor.py:178} INFO - Processing /home/choco/airflow_venv/lib/python3.10/site-packages/airflow/example_dags/example_short_circuit_decorator.py took 0.100 seconds
[2023-06-11T02:23:52.553+0200] {processor.py:156} INFO - Started process (PID=48003) to work on /home/choco/airflow_venv/lib/python3.10/site-packages/airflow/example_dags/example_short_circuit_decorator.py
[2023-06-11T02:23:52.565+0200] {processor.py:758} INFO - Processing file /home/choco/airflow_venv/lib/python3.10/site-packages/airflow/example_dags/example_short_circuit_decorator.py for tasks to queue
[2023-06-11T02:23:52.566+0200] {logging_mixin.py:117} INFO - [2023-06-11T02:23:52.566+0200] {dagbag.py:525} INFO - Filling up the DagBag from /home/choco/airflow_venv/lib/python3.10/site-packages/airflow/example_dags/example_short_circuit_decorator.py
[2023-06-11T02:23:52.585+0200] {processor.py:768} INFO - DAG(s) dict_keys(['example_short_circuit_decorator']) retrieved from /home/choco/airflow_venv/lib/python3.10/site-packages/airflow/example_dags/example_short_circuit_decorator.py
[2023-06-11T02:23:52.608+0200] {logging_mixin.py:117} INFO - [2023-06-11T02:23:52.608+0200] {dag.py:2573} INFO - Sync 1 DAGs
[2023-06-11T02:23:52.621+0200] {logging_mixin.py:117} INFO - [2023-06-11T02:23:52.621+0200] {dag.py:3324} INFO - Setting next_dagrun for example_short_circuit_decorator to 2023-06-10T00:23:52.621418+00:00, run_after=2023-06-11T00:23:52.621418+00:00
[2023-06-11T02:23:52.638+0200] {processor.py:178} INFO - Processing /home/choco/airflow_venv/lib/python3.10/site-packages/airflow/example_dags/example_short_circuit_decorator.py took 0.087 seconds
[2023-06-11T02:24:28.921+0200] {processor.py:156} INFO - Started process (PID=48040) to work on /home/choco/airflow_venv/lib/python3.10/site-packages/airflow/example_dags/example_short_circuit_decorator.py
[2023-06-11T02:24:28.932+0200] {processor.py:758} INFO - Processing file /home/choco/airflow_venv/lib/python3.10/site-packages/airflow/example_dags/example_short_circuit_decorator.py for tasks to queue
[2023-06-11T02:24:28.932+0200] {logging_mixin.py:117} INFO - [2023-06-11T02:24:28.932+0200] {dagbag.py:525} INFO - Filling up the DagBag from /home/choco/airflow_venv/lib/python3.10/site-packages/airflow/example_dags/example_short_circuit_decorator.py
[2023-06-11T02:24:28.949+0200] {processor.py:768} INFO - DAG(s) dict_keys(['example_short_circuit_decorator']) retrieved from /home/choco/airflow_venv/lib/python3.10/site-packages/airflow/example_dags/example_short_circuit_decorator.py
[2023-06-11T02:24:28.967+0200] {logging_mixin.py:117} INFO - [2023-06-11T02:24:28.967+0200] {dag.py:2573} INFO - Sync 1 DAGs
[2023-06-11T02:24:28.981+0200] {logging_mixin.py:117} INFO - [2023-06-11T02:24:28.981+0200] {dag.py:3324} INFO - Setting next_dagrun for example_short_circuit_decorator to 2023-06-10T00:24:28.980992+00:00, run_after=2023-06-11T00:24:28.980992+00:00
[2023-06-11T02:24:28.999+0200] {processor.py:178} INFO - Processing /home/choco/airflow_venv/lib/python3.10/site-packages/airflow/example_dags/example_short_circuit_decorator.py took 0.080 seconds
