[2023-06-11T02:17:53.575+0200] {processor.py:156} INFO - Started process (PID=47555) to work on /home/choco/airflow_venv/lib/python3.10/site-packages/airflow/example_dags/example_xcomargs.py
[2023-06-11T02:17:53.576+0200] {processor.py:758} INFO - Processing file /home/choco/airflow_venv/lib/python3.10/site-packages/airflow/example_dags/example_xcomargs.py for tasks to queue
[2023-06-11T02:17:53.576+0200] {logging_mixin.py:117} INFO - [2023-06-11T02:17:53.576+0200] {dagbag.py:525} INFO - Filling up the DagBag from /home/choco/airflow_venv/lib/python3.10/site-packages/airflow/example_dags/example_xcomargs.py
[2023-06-11T02:17:53.594+0200] {processor.py:768} INFO - DAG(s) dict_keys(['example_xcom_args_with_operators', 'example_xcom_args']) retrieved from /home/choco/airflow_venv/lib/python3.10/site-packages/airflow/example_dags/example_xcomargs.py
[2023-06-11T02:17:53.617+0200] {logging_mixin.py:117} INFO - [2023-06-11T02:17:53.616+0200] {dag.py:2573} INFO - Sync 2 DAGs
[2023-06-11T02:17:53.633+0200] {logging_mixin.py:117} INFO - [2023-06-11T02:17:53.633+0200] {dag.py:3324} INFO - Setting next_dagrun for example_xcom_args to None, run_after=None
[2023-06-11T02:17:53.637+0200] {logging_mixin.py:117} INFO - [2023-06-11T02:17:53.636+0200] {dag.py:3324} INFO - Setting next_dagrun for example_xcom_args_with_operators to None, run_after=None
[2023-06-11T02:17:53.668+0200] {processor.py:178} INFO - Processing /home/choco/airflow_venv/lib/python3.10/site-packages/airflow/example_dags/example_xcomargs.py took 0.094 seconds
[2023-06-11T02:19:21.591+0200] {processor.py:156} INFO - Started process (PID=47737) to work on /home/choco/airflow_venv/lib/python3.10/site-packages/airflow/example_dags/example_xcomargs.py
[2023-06-11T02:19:21.593+0200] {processor.py:758} INFO - Processing file /home/choco/airflow_venv/lib/python3.10/site-packages/airflow/example_dags/example_xcomargs.py for tasks to queue
[2023-06-11T02:19:21.593+0200] {logging_mixin.py:117} INFO - [2023-06-11T02:19:21.593+0200] {dagbag.py:525} INFO - Filling up the DagBag from /home/choco/airflow_venv/lib/python3.10/site-packages/airflow/example_dags/example_xcomargs.py
[2023-06-11T02:19:21.611+0200] {processor.py:768} INFO - DAG(s) dict_keys(['example_xcom_args', 'example_xcom_args_with_operators']) retrieved from /home/choco/airflow_venv/lib/python3.10/site-packages/airflow/example_dags/example_xcomargs.py
[2023-06-11T02:19:21.634+0200] {logging_mixin.py:117} INFO - [2023-06-11T02:19:21.634+0200] {dag.py:2573} INFO - Sync 2 DAGs
[2023-06-11T02:19:21.648+0200] {logging_mixin.py:117} INFO - [2023-06-11T02:19:21.648+0200] {dag.py:3324} INFO - Setting next_dagrun for example_xcom_args to None, run_after=None
[2023-06-11T02:19:21.650+0200] {logging_mixin.py:117} INFO - [2023-06-11T02:19:21.650+0200] {dag.py:3324} INFO - Setting next_dagrun for example_xcom_args_with_operators to None, run_after=None
[2023-06-11T02:19:21.668+0200] {processor.py:178} INFO - Processing /home/choco/airflow_venv/lib/python3.10/site-packages/airflow/example_dags/example_xcomargs.py took 0.078 seconds
[2023-06-11T02:22:24.644+0200] {processor.py:156} INFO - Started process (PID=47920) to work on /home/choco/airflow_venv/lib/python3.10/site-packages/airflow/example_dags/example_xcomargs.py
[2023-06-11T02:22:24.661+0200] {processor.py:758} INFO - Processing file /home/choco/airflow_venv/lib/python3.10/site-packages/airflow/example_dags/example_xcomargs.py for tasks to queue
[2023-06-11T02:22:24.662+0200] {logging_mixin.py:117} INFO - [2023-06-11T02:22:24.662+0200] {dagbag.py:525} INFO - Filling up the DagBag from /home/choco/airflow_venv/lib/python3.10/site-packages/airflow/example_dags/example_xcomargs.py
[2023-06-11T02:22:24.681+0200] {processor.py:768} INFO - DAG(s) dict_keys(['example_xcom_args', 'example_xcom_args_with_operators']) retrieved from /home/choco/airflow_venv/lib/python3.10/site-packages/airflow/example_dags/example_xcomargs.py
[2023-06-11T02:22:24.707+0200] {logging_mixin.py:117} INFO - [2023-06-11T02:22:24.707+0200] {dag.py:2573} INFO - Sync 2 DAGs
[2023-06-11T02:22:24.722+0200] {logging_mixin.py:117} INFO - [2023-06-11T02:22:24.722+0200] {dag.py:3324} INFO - Setting next_dagrun for example_xcom_args to None, run_after=None
[2023-06-11T02:22:24.726+0200] {logging_mixin.py:117} INFO - [2023-06-11T02:22:24.726+0200] {dag.py:3324} INFO - Setting next_dagrun for example_xcom_args_with_operators to None, run_after=None
[2023-06-11T02:22:24.745+0200] {processor.py:178} INFO - Processing /home/choco/airflow_venv/lib/python3.10/site-packages/airflow/example_dags/example_xcomargs.py took 0.104 seconds
[2023-06-11T02:23:16.681+0200] {processor.py:156} INFO - Started process (PID=47969) to work on /home/choco/airflow_venv/lib/python3.10/site-packages/airflow/example_dags/example_xcomargs.py
[2023-06-11T02:23:16.682+0200] {processor.py:758} INFO - Processing file /home/choco/airflow_venv/lib/python3.10/site-packages/airflow/example_dags/example_xcomargs.py for tasks to queue
[2023-06-11T02:23:16.683+0200] {logging_mixin.py:117} INFO - [2023-06-11T02:23:16.683+0200] {dagbag.py:525} INFO - Filling up the DagBag from /home/choco/airflow_venv/lib/python3.10/site-packages/airflow/example_dags/example_xcomargs.py
[2023-06-11T02:23:16.700+0200] {processor.py:768} INFO - DAG(s) dict_keys(['example_xcom_args', 'example_xcom_args_with_operators']) retrieved from /home/choco/airflow_venv/lib/python3.10/site-packages/airflow/example_dags/example_xcomargs.py
[2023-06-11T02:23:16.730+0200] {logging_mixin.py:117} INFO - [2023-06-11T02:23:16.729+0200] {dag.py:2573} INFO - Sync 2 DAGs
[2023-06-11T02:23:16.744+0200] {logging_mixin.py:117} INFO - [2023-06-11T02:23:16.744+0200] {dag.py:3324} INFO - Setting next_dagrun for example_xcom_args to None, run_after=None
[2023-06-11T02:23:16.747+0200] {logging_mixin.py:117} INFO - [2023-06-11T02:23:16.747+0200] {dag.py:3324} INFO - Setting next_dagrun for example_xcom_args_with_operators to None, run_after=None
[2023-06-11T02:23:16.767+0200] {processor.py:178} INFO - Processing /home/choco/airflow_venv/lib/python3.10/site-packages/airflow/example_dags/example_xcomargs.py took 0.088 seconds
[2023-06-11T02:23:58.937+0200] {processor.py:156} INFO - Started process (PID=48011) to work on /home/choco/airflow_venv/lib/python3.10/site-packages/airflow/example_dags/example_xcomargs.py
[2023-06-11T02:23:58.949+0200] {processor.py:758} INFO - Processing file /home/choco/airflow_venv/lib/python3.10/site-packages/airflow/example_dags/example_xcomargs.py for tasks to queue
[2023-06-11T02:23:58.949+0200] {logging_mixin.py:117} INFO - [2023-06-11T02:23:58.949+0200] {dagbag.py:525} INFO - Filling up the DagBag from /home/choco/airflow_venv/lib/python3.10/site-packages/airflow/example_dags/example_xcomargs.py
[2023-06-11T02:23:58.966+0200] {processor.py:768} INFO - DAG(s) dict_keys(['example_xcom_args_with_operators', 'example_xcom_args']) retrieved from /home/choco/airflow_venv/lib/python3.10/site-packages/airflow/example_dags/example_xcomargs.py
[2023-06-11T02:23:58.987+0200] {logging_mixin.py:117} INFO - [2023-06-11T02:23:58.986+0200] {dag.py:2573} INFO - Sync 2 DAGs
[2023-06-11T02:23:59.000+0200] {logging_mixin.py:117} INFO - [2023-06-11T02:23:59.000+0200] {dag.py:3324} INFO - Setting next_dagrun for example_xcom_args to None, run_after=None
[2023-06-11T02:23:59.002+0200] {logging_mixin.py:117} INFO - [2023-06-11T02:23:59.002+0200] {dag.py:3324} INFO - Setting next_dagrun for example_xcom_args_with_operators to None, run_after=None
[2023-06-11T02:23:59.018+0200] {processor.py:178} INFO - Processing /home/choco/airflow_venv/lib/python3.10/site-packages/airflow/example_dags/example_xcomargs.py took 0.083 seconds
