[2023-06-11T02:17:55.845+0200] {processor.py:156} INFO - Started process (PID=47557) to work on /home/choco/airflow_venv/lib/python3.10/site-packages/airflow/example_dags/example_datasets.py
[2023-06-11T02:17:55.845+0200] {processor.py:758} INFO - Processing file /home/choco/airflow_venv/lib/python3.10/site-packages/airflow/example_dags/example_datasets.py for tasks to queue
[2023-06-11T02:17:55.846+0200] {logging_mixin.py:117} INFO - [2023-06-11T02:17:55.846+0200] {dagbag.py:525} INFO - Filling up the DagBag from /home/choco/airflow_venv/lib/python3.10/site-packages/airflow/example_dags/example_datasets.py
[2023-06-11T02:17:55.857+0200] {processor.py:768} INFO - DAG(s) dict_keys(['dataset_consumes_unknown_never_scheduled', 'dataset_consumes_1', 'dataset_consumes_1_and_2', 'dataset_consumes_1_never_scheduled', 'dataset_produces_1', 'dataset_produces_2']) retrieved from /home/choco/airflow_venv/lib/python3.10/site-packages/airflow/example_dags/example_datasets.py
[2023-06-11T02:17:55.911+0200] {logging_mixin.py:117} INFO - [2023-06-11T02:17:55.911+0200] {dag.py:2573} INFO - Sync 6 DAGs
[2023-06-11T02:17:55.926+0200] {logging_mixin.py:117} INFO - [2023-06-11T02:17:55.926+0200] {dag.py:3324} INFO - Setting next_dagrun for dataset_consumes_1 to None, run_after=None
[2023-06-11T02:17:55.928+0200] {logging_mixin.py:117} INFO - [2023-06-11T02:17:55.928+0200] {dag.py:3324} INFO - Setting next_dagrun for dataset_consumes_1_and_2 to None, run_after=None
[2023-06-11T02:17:55.928+0200] {logging_mixin.py:117} INFO - [2023-06-11T02:17:55.928+0200] {dag.py:3324} INFO - Setting next_dagrun for dataset_consumes_1_never_scheduled to None, run_after=None
[2023-06-11T02:17:55.929+0200] {logging_mixin.py:117} INFO - [2023-06-11T02:17:55.929+0200] {dag.py:3324} INFO - Setting next_dagrun for dataset_consumes_unknown_never_scheduled to None, run_after=None
[2023-06-11T02:17:55.931+0200] {logging_mixin.py:117} INFO - [2023-06-11T02:17:55.931+0200] {dag.py:3324} INFO - Setting next_dagrun for dataset_produces_1 to 2023-06-10T00:00:00+00:00, run_after=2023-06-11T00:00:00+00:00
[2023-06-11T02:17:55.931+0200] {logging_mixin.py:117} INFO - [2023-06-11T02:17:55.931+0200] {dag.py:3324} INFO - Setting next_dagrun for dataset_produces_2 to None, run_after=None
[2023-06-11T02:17:55.973+0200] {processor.py:178} INFO - Processing /home/choco/airflow_venv/lib/python3.10/site-packages/airflow/example_dags/example_datasets.py took 0.130 seconds
[2023-06-11T02:19:23.367+0200] {processor.py:156} INFO - Started process (PID=47739) to work on /home/choco/airflow_venv/lib/python3.10/site-packages/airflow/example_dags/example_datasets.py
[2023-06-11T02:19:23.369+0200] {processor.py:758} INFO - Processing file /home/choco/airflow_venv/lib/python3.10/site-packages/airflow/example_dags/example_datasets.py for tasks to queue
[2023-06-11T02:19:23.370+0200] {logging_mixin.py:117} INFO - [2023-06-11T02:19:23.370+0200] {dagbag.py:525} INFO - Filling up the DagBag from /home/choco/airflow_venv/lib/python3.10/site-packages/airflow/example_dags/example_datasets.py
[2023-06-11T02:19:23.384+0200] {processor.py:768} INFO - DAG(s) dict_keys(['dataset_consumes_unknown_never_scheduled', 'dataset_produces_1', 'dataset_consumes_1', 'dataset_consumes_1_and_2', 'dataset_consumes_1_never_scheduled', 'dataset_produces_2']) retrieved from /home/choco/airflow_venv/lib/python3.10/site-packages/airflow/example_dags/example_datasets.py
[2023-06-11T02:19:23.443+0200] {logging_mixin.py:117} INFO - [2023-06-11T02:19:23.443+0200] {dag.py:2573} INFO - Sync 6 DAGs
[2023-06-11T02:19:23.459+0200] {logging_mixin.py:117} INFO - [2023-06-11T02:19:23.459+0200] {dag.py:3324} INFO - Setting next_dagrun for dataset_consumes_1 to None, run_after=None
[2023-06-11T02:19:23.461+0200] {logging_mixin.py:117} INFO - [2023-06-11T02:19:23.461+0200] {dag.py:3324} INFO - Setting next_dagrun for dataset_consumes_1_and_2 to None, run_after=None
[2023-06-11T02:19:23.462+0200] {logging_mixin.py:117} INFO - [2023-06-11T02:19:23.462+0200] {dag.py:3324} INFO - Setting next_dagrun for dataset_consumes_1_never_scheduled to None, run_after=None
[2023-06-11T02:19:23.462+0200] {logging_mixin.py:117} INFO - [2023-06-11T02:19:23.462+0200] {dag.py:3324} INFO - Setting next_dagrun for dataset_consumes_unknown_never_scheduled to None, run_after=None
[2023-06-11T02:19:23.464+0200] {logging_mixin.py:117} INFO - [2023-06-11T02:19:23.464+0200] {dag.py:3324} INFO - Setting next_dagrun for dataset_produces_1 to 2023-06-10T00:00:00+00:00, run_after=2023-06-11T00:00:00+00:00
[2023-06-11T02:19:23.465+0200] {logging_mixin.py:117} INFO - [2023-06-11T02:19:23.465+0200] {dag.py:3324} INFO - Setting next_dagrun for dataset_produces_2 to None, run_after=None
[2023-06-11T02:19:23.493+0200] {processor.py:178} INFO - Processing /home/choco/airflow_venv/lib/python3.10/site-packages/airflow/example_dags/example_datasets.py took 0.128 seconds
[2023-06-11T02:22:27.010+0200] {processor.py:156} INFO - Started process (PID=47922) to work on /home/choco/airflow_venv/lib/python3.10/site-packages/airflow/example_dags/example_datasets.py
[2023-06-11T02:22:27.021+0200] {processor.py:758} INFO - Processing file /home/choco/airflow_venv/lib/python3.10/site-packages/airflow/example_dags/example_datasets.py for tasks to queue
[2023-06-11T02:22:27.022+0200] {logging_mixin.py:117} INFO - [2023-06-11T02:22:27.021+0200] {dagbag.py:525} INFO - Filling up the DagBag from /home/choco/airflow_venv/lib/python3.10/site-packages/airflow/example_dags/example_datasets.py
[2023-06-11T02:22:27.038+0200] {processor.py:768} INFO - DAG(s) dict_keys(['dataset_consumes_1_and_2', 'dataset_produces_2', 'dataset_produces_1', 'dataset_consumes_1', 'dataset_consumes_unknown_never_scheduled', 'dataset_consumes_1_never_scheduled']) retrieved from /home/choco/airflow_venv/lib/python3.10/site-packages/airflow/example_dags/example_datasets.py
[2023-06-11T02:22:27.100+0200] {logging_mixin.py:117} INFO - [2023-06-11T02:22:27.100+0200] {dag.py:2573} INFO - Sync 6 DAGs
[2023-06-11T02:22:27.114+0200] {logging_mixin.py:117} INFO - [2023-06-11T02:22:27.114+0200] {dag.py:3324} INFO - Setting next_dagrun for dataset_consumes_1 to None, run_after=None
[2023-06-11T02:22:27.116+0200] {logging_mixin.py:117} INFO - [2023-06-11T02:22:27.116+0200] {dag.py:3324} INFO - Setting next_dagrun for dataset_consumes_1_and_2 to None, run_after=None
[2023-06-11T02:22:27.117+0200] {logging_mixin.py:117} INFO - [2023-06-11T02:22:27.117+0200] {dag.py:3324} INFO - Setting next_dagrun for dataset_consumes_1_never_scheduled to None, run_after=None
[2023-06-11T02:22:27.118+0200] {logging_mixin.py:117} INFO - [2023-06-11T02:22:27.117+0200] {dag.py:3324} INFO - Setting next_dagrun for dataset_consumes_unknown_never_scheduled to None, run_after=None
[2023-06-11T02:22:27.119+0200] {logging_mixin.py:117} INFO - [2023-06-11T02:22:27.119+0200] {dag.py:3324} INFO - Setting next_dagrun for dataset_produces_1 to 2023-06-10T00:00:00+00:00, run_after=2023-06-11T00:00:00+00:00
[2023-06-11T02:22:27.120+0200] {logging_mixin.py:117} INFO - [2023-06-11T02:22:27.120+0200] {dag.py:3324} INFO - Setting next_dagrun for dataset_produces_2 to None, run_after=None
[2023-06-11T02:22:27.152+0200] {processor.py:178} INFO - Processing /home/choco/airflow_venv/lib/python3.10/site-packages/airflow/example_dags/example_datasets.py took 0.144 seconds
[2023-06-11T02:23:18.958+0200] {processor.py:156} INFO - Started process (PID=47971) to work on /home/choco/airflow_venv/lib/python3.10/site-packages/airflow/example_dags/example_datasets.py
[2023-06-11T02:23:18.960+0200] {processor.py:758} INFO - Processing file /home/choco/airflow_venv/lib/python3.10/site-packages/airflow/example_dags/example_datasets.py for tasks to queue
[2023-06-11T02:23:18.960+0200] {logging_mixin.py:117} INFO - [2023-06-11T02:23:18.960+0200] {dagbag.py:525} INFO - Filling up the DagBag from /home/choco/airflow_venv/lib/python3.10/site-packages/airflow/example_dags/example_datasets.py
[2023-06-11T02:23:18.971+0200] {processor.py:768} INFO - DAG(s) dict_keys(['dataset_consumes_1_and_2', 'dataset_consumes_unknown_never_scheduled', 'dataset_produces_2', 'dataset_produces_1', 'dataset_consumes_1', 'dataset_consumes_1_never_scheduled']) retrieved from /home/choco/airflow_venv/lib/python3.10/site-packages/airflow/example_dags/example_datasets.py
[2023-06-11T02:23:19.001+0200] {logging_mixin.py:117} INFO - [2023-06-11T02:23:19.001+0200] {dag.py:2573} INFO - Sync 6 DAGs
[2023-06-11T02:23:19.016+0200] {logging_mixin.py:117} INFO - [2023-06-11T02:23:19.015+0200] {dag.py:3324} INFO - Setting next_dagrun for dataset_consumes_1 to None, run_after=None
[2023-06-11T02:23:19.018+0200] {logging_mixin.py:117} INFO - [2023-06-11T02:23:19.018+0200] {dag.py:3324} INFO - Setting next_dagrun for dataset_consumes_1_and_2 to None, run_after=None
[2023-06-11T02:23:19.019+0200] {logging_mixin.py:117} INFO - [2023-06-11T02:23:19.018+0200] {dag.py:3324} INFO - Setting next_dagrun for dataset_consumes_1_never_scheduled to None, run_after=None
[2023-06-11T02:23:19.019+0200] {logging_mixin.py:117} INFO - [2023-06-11T02:23:19.019+0200] {dag.py:3324} INFO - Setting next_dagrun for dataset_consumes_unknown_never_scheduled to None, run_after=None
[2023-06-11T02:23:19.021+0200] {logging_mixin.py:117} INFO - [2023-06-11T02:23:19.021+0200] {dag.py:3324} INFO - Setting next_dagrun for dataset_produces_1 to 2023-06-10T00:00:00+00:00, run_after=2023-06-11T00:00:00+00:00
[2023-06-11T02:23:19.022+0200] {logging_mixin.py:117} INFO - [2023-06-11T02:23:19.022+0200] {dag.py:3324} INFO - Setting next_dagrun for dataset_produces_2 to None, run_after=None
[2023-06-11T02:23:19.046+0200] {processor.py:178} INFO - Processing /home/choco/airflow_venv/lib/python3.10/site-packages/airflow/example_dags/example_datasets.py took 0.090 seconds
[2023-06-11T02:24:09.038+0200] {processor.py:156} INFO - Started process (PID=48021) to work on /home/choco/airflow_venv/lib/python3.10/site-packages/airflow/example_dags/example_datasets.py
[2023-06-11T02:24:09.049+0200] {processor.py:758} INFO - Processing file /home/choco/airflow_venv/lib/python3.10/site-packages/airflow/example_dags/example_datasets.py for tasks to queue
[2023-06-11T02:24:09.049+0200] {logging_mixin.py:117} INFO - [2023-06-11T02:24:09.049+0200] {dagbag.py:525} INFO - Filling up the DagBag from /home/choco/airflow_venv/lib/python3.10/site-packages/airflow/example_dags/example_datasets.py
[2023-06-11T02:24:09.061+0200] {processor.py:768} INFO - DAG(s) dict_keys(['dataset_consumes_1_never_scheduled', 'dataset_produces_1', 'dataset_produces_2', 'dataset_consumes_unknown_never_scheduled', 'dataset_consumes_1_and_2', 'dataset_consumes_1']) retrieved from /home/choco/airflow_venv/lib/python3.10/site-packages/airflow/example_dags/example_datasets.py
[2023-06-11T02:24:09.092+0200] {logging_mixin.py:117} INFO - [2023-06-11T02:24:09.092+0200] {dag.py:2573} INFO - Sync 6 DAGs
[2023-06-11T02:24:09.108+0200] {logging_mixin.py:117} INFO - [2023-06-11T02:24:09.108+0200] {dag.py:3324} INFO - Setting next_dagrun for dataset_consumes_1 to None, run_after=None
[2023-06-11T02:24:09.111+0200] {logging_mixin.py:117} INFO - [2023-06-11T02:24:09.111+0200] {dag.py:3324} INFO - Setting next_dagrun for dataset_consumes_1_and_2 to None, run_after=None
[2023-06-11T02:24:09.112+0200] {logging_mixin.py:117} INFO - [2023-06-11T02:24:09.112+0200] {dag.py:3324} INFO - Setting next_dagrun for dataset_consumes_1_never_scheduled to None, run_after=None
[2023-06-11T02:24:09.112+0200] {logging_mixin.py:117} INFO - [2023-06-11T02:24:09.112+0200] {dag.py:3324} INFO - Setting next_dagrun for dataset_consumes_unknown_never_scheduled to None, run_after=None
[2023-06-11T02:24:09.114+0200] {logging_mixin.py:117} INFO - [2023-06-11T02:24:09.114+0200] {dag.py:3324} INFO - Setting next_dagrun for dataset_produces_1 to 2023-06-10T00:00:00+00:00, run_after=2023-06-11T00:00:00+00:00
[2023-06-11T02:24:09.115+0200] {logging_mixin.py:117} INFO - [2023-06-11T02:24:09.115+0200] {dag.py:3324} INFO - Setting next_dagrun for dataset_produces_2 to None, run_after=None
[2023-06-11T02:24:09.142+0200] {processor.py:178} INFO - Processing /home/choco/airflow_venv/lib/python3.10/site-packages/airflow/example_dags/example_datasets.py took 0.106 seconds
