[2023-06-11T02:17:41.537+0200] {processor.py:156} INFO - Started process (PID=47542) to work on /home/choco/airflow_venv/lib/python3.10/site-packages/airflow/example_dags/example_branch_python_dop_operator_3.py
[2023-06-11T02:17:41.538+0200] {processor.py:758} INFO - Processing file /home/choco/airflow_venv/lib/python3.10/site-packages/airflow/example_dags/example_branch_python_dop_operator_3.py for tasks to queue
[2023-06-11T02:17:41.538+0200] {logging_mixin.py:117} INFO - [2023-06-11T02:17:41.538+0200] {dagbag.py:525} INFO - Filling up the DagBag from /home/choco/airflow_venv/lib/python3.10/site-packages/airflow/example_dags/example_branch_python_dop_operator_3.py
[2023-06-11T02:17:41.556+0200] {processor.py:768} INFO - DAG(s) dict_keys(['example_branch_dop_operator_v3']) retrieved from /home/choco/airflow_venv/lib/python3.10/site-packages/airflow/example_dags/example_branch_python_dop_operator_3.py
[2023-06-11T02:17:41.564+0200] {logging_mixin.py:117} INFO - [2023-06-11T02:17:41.564+0200] {dag.py:2573} INFO - Sync 1 DAGs
[2023-06-11T02:17:41.585+0200] {logging_mixin.py:117} INFO - [2023-06-11T02:17:41.585+0200] {dag.py:3324} INFO - Setting next_dagrun for example_branch_dop_operator_v3 to 2023-06-11T00:16:00+00:00, run_after=2023-06-11T00:17:00+00:00
[2023-06-11T02:17:41.604+0200] {processor.py:178} INFO - Processing /home/choco/airflow_venv/lib/python3.10/site-packages/airflow/example_dags/example_branch_python_dop_operator_3.py took 0.068 seconds
[2023-06-11T02:18:21.698+0200] {processor.py:156} INFO - Started process (PID=47588) to work on /home/choco/airflow_venv/lib/python3.10/site-packages/airflow/example_dags/example_branch_python_dop_operator_3.py
[2023-06-11T02:18:21.699+0200] {processor.py:758} INFO - Processing file /home/choco/airflow_venv/lib/python3.10/site-packages/airflow/example_dags/example_branch_python_dop_operator_3.py for tasks to queue
[2023-06-11T02:18:21.700+0200] {logging_mixin.py:117} INFO - [2023-06-11T02:18:21.700+0200] {dagbag.py:525} INFO - Filling up the DagBag from /home/choco/airflow_venv/lib/python3.10/site-packages/airflow/example_dags/example_branch_python_dop_operator_3.py
[2023-06-11T02:18:21.716+0200] {processor.py:768} INFO - DAG(s) dict_keys(['example_branch_dop_operator_v3']) retrieved from /home/choco/airflow_venv/lib/python3.10/site-packages/airflow/example_dags/example_branch_python_dop_operator_3.py
[2023-06-11T02:18:21.736+0200] {logging_mixin.py:117} INFO - [2023-06-11T02:18:21.736+0200] {dag.py:2573} INFO - Sync 1 DAGs
[2023-06-11T02:18:21.753+0200] {logging_mixin.py:117} INFO - [2023-06-11T02:18:21.753+0200] {dag.py:3324} INFO - Setting next_dagrun for example_branch_dop_operator_v3 to 2023-06-11T00:17:00+00:00, run_after=2023-06-11T00:18:00+00:00
[2023-06-11T02:18:21.773+0200] {processor.py:178} INFO - Processing /home/choco/airflow_venv/lib/python3.10/site-packages/airflow/example_dags/example_branch_python_dop_operator_3.py took 0.077 seconds
[2023-06-11T02:19:08.965+0200] {processor.py:156} INFO - Started process (PID=47722) to work on /home/choco/airflow_venv/lib/python3.10/site-packages/airflow/example_dags/example_branch_python_dop_operator_3.py
[2023-06-11T02:19:08.976+0200] {processor.py:758} INFO - Processing file /home/choco/airflow_venv/lib/python3.10/site-packages/airflow/example_dags/example_branch_python_dop_operator_3.py for tasks to queue
[2023-06-11T02:19:08.977+0200] {logging_mixin.py:117} INFO - [2023-06-11T02:19:08.977+0200] {dagbag.py:525} INFO - Filling up the DagBag from /home/choco/airflow_venv/lib/python3.10/site-packages/airflow/example_dags/example_branch_python_dop_operator_3.py
[2023-06-11T02:19:08.993+0200] {processor.py:768} INFO - DAG(s) dict_keys(['example_branch_dop_operator_v3']) retrieved from /home/choco/airflow_venv/lib/python3.10/site-packages/airflow/example_dags/example_branch_python_dop_operator_3.py
[2023-06-11T02:19:09.012+0200] {logging_mixin.py:117} INFO - [2023-06-11T02:19:09.012+0200] {dag.py:2573} INFO - Sync 1 DAGs
[2023-06-11T02:19:09.030+0200] {logging_mixin.py:117} INFO - [2023-06-11T02:19:09.030+0200] {dag.py:3324} INFO - Setting next_dagrun for example_branch_dop_operator_v3 to 2023-06-11T00:18:00+00:00, run_after=2023-06-11T00:19:00+00:00
[2023-06-11T02:19:09.050+0200] {processor.py:178} INFO - Processing /home/choco/airflow_venv/lib/python3.10/site-packages/airflow/example_dags/example_branch_python_dop_operator_3.py took 0.086 seconds
[2023-06-11T02:19:55.048+0200] {processor.py:156} INFO - Started process (PID=47779) to work on /home/choco/airflow_venv/lib/python3.10/site-packages/airflow/example_dags/example_branch_python_dop_operator_3.py
[2023-06-11T02:19:55.059+0200] {processor.py:758} INFO - Processing file /home/choco/airflow_venv/lib/python3.10/site-packages/airflow/example_dags/example_branch_python_dop_operator_3.py for tasks to queue
[2023-06-11T02:19:55.060+0200] {logging_mixin.py:117} INFO - [2023-06-11T02:19:55.060+0200] {dagbag.py:525} INFO - Filling up the DagBag from /home/choco/airflow_venv/lib/python3.10/site-packages/airflow/example_dags/example_branch_python_dop_operator_3.py
[2023-06-11T02:19:55.077+0200] {processor.py:768} INFO - DAG(s) dict_keys(['example_branch_dop_operator_v3']) retrieved from /home/choco/airflow_venv/lib/python3.10/site-packages/airflow/example_dags/example_branch_python_dop_operator_3.py
[2023-06-11T02:19:55.096+0200] {logging_mixin.py:117} INFO - [2023-06-11T02:19:55.096+0200] {dag.py:2573} INFO - Sync 1 DAGs
[2023-06-11T02:19:55.113+0200] {logging_mixin.py:117} INFO - [2023-06-11T02:19:55.113+0200] {dag.py:3324} INFO - Setting next_dagrun for example_branch_dop_operator_v3 to 2023-06-11T00:18:00+00:00, run_after=2023-06-11T00:19:00+00:00
[2023-06-11T02:19:55.132+0200] {processor.py:178} INFO - Processing /home/choco/airflow_venv/lib/python3.10/site-packages/airflow/example_dags/example_branch_python_dop_operator_3.py took 0.085 seconds
[2023-06-11T02:22:12.515+0200] {processor.py:156} INFO - Started process (PID=47907) to work on /home/choco/airflow_venv/lib/python3.10/site-packages/airflow/example_dags/example_branch_python_dop_operator_3.py
[2023-06-11T02:22:12.528+0200] {processor.py:758} INFO - Processing file /home/choco/airflow_venv/lib/python3.10/site-packages/airflow/example_dags/example_branch_python_dop_operator_3.py for tasks to queue
[2023-06-11T02:22:12.528+0200] {logging_mixin.py:117} INFO - [2023-06-11T02:22:12.528+0200] {dagbag.py:525} INFO - Filling up the DagBag from /home/choco/airflow_venv/lib/python3.10/site-packages/airflow/example_dags/example_branch_python_dop_operator_3.py
[2023-06-11T02:22:12.544+0200] {processor.py:768} INFO - DAG(s) dict_keys(['example_branch_dop_operator_v3']) retrieved from /home/choco/airflow_venv/lib/python3.10/site-packages/airflow/example_dags/example_branch_python_dop_operator_3.py
[2023-06-11T02:22:12.552+0200] {logging_mixin.py:117} INFO - [2023-06-11T02:22:12.552+0200] {dag.py:2573} INFO - Sync 1 DAGs
[2023-06-11T02:22:12.571+0200] {logging_mixin.py:117} INFO - [2023-06-11T02:22:12.571+0200] {dag.py:3324} INFO - Setting next_dagrun for example_branch_dop_operator_v3 to 2023-06-11T00:21:00+00:00, run_after=2023-06-11T00:22:00+00:00
[2023-06-11T02:22:12.590+0200] {processor.py:178} INFO - Processing /home/choco/airflow_venv/lib/python3.10/site-packages/airflow/example_dags/example_branch_python_dop_operator_3.py took 0.078 seconds
[2023-06-11T02:22:57.470+0200] {processor.py:156} INFO - Started process (PID=47949) to work on /home/choco/airflow_venv/lib/python3.10/site-packages/airflow/example_dags/example_branch_python_dop_operator_3.py
[2023-06-11T02:22:57.471+0200] {processor.py:758} INFO - Processing file /home/choco/airflow_venv/lib/python3.10/site-packages/airflow/example_dags/example_branch_python_dop_operator_3.py for tasks to queue
[2023-06-11T02:22:57.472+0200] {logging_mixin.py:117} INFO - [2023-06-11T02:22:57.472+0200] {dagbag.py:525} INFO - Filling up the DagBag from /home/choco/airflow_venv/lib/python3.10/site-packages/airflow/example_dags/example_branch_python_dop_operator_3.py
[2023-06-11T02:22:57.488+0200] {processor.py:768} INFO - DAG(s) dict_keys(['example_branch_dop_operator_v3']) retrieved from /home/choco/airflow_venv/lib/python3.10/site-packages/airflow/example_dags/example_branch_python_dop_operator_3.py
[2023-06-11T02:22:57.509+0200] {logging_mixin.py:117} INFO - [2023-06-11T02:22:57.509+0200] {dag.py:2573} INFO - Sync 1 DAGs
[2023-06-11T02:22:57.526+0200] {logging_mixin.py:117} INFO - [2023-06-11T02:22:57.526+0200] {dag.py:3324} INFO - Setting next_dagrun for example_branch_dop_operator_v3 to 2023-06-11T00:21:00+00:00, run_after=2023-06-11T00:22:00+00:00
[2023-06-11T02:22:57.546+0200] {processor.py:178} INFO - Processing /home/choco/airflow_venv/lib/python3.10/site-packages/airflow/example_dags/example_branch_python_dop_operator_3.py took 0.077 seconds
[2023-06-11T02:23:41.369+0200] {processor.py:156} INFO - Started process (PID=47993) to work on /home/choco/airflow_venv/lib/python3.10/site-packages/airflow/example_dags/example_branch_python_dop_operator_3.py
[2023-06-11T02:23:41.381+0200] {processor.py:758} INFO - Processing file /home/choco/airflow_venv/lib/python3.10/site-packages/airflow/example_dags/example_branch_python_dop_operator_3.py for tasks to queue
[2023-06-11T02:23:41.382+0200] {logging_mixin.py:117} INFO - [2023-06-11T02:23:41.382+0200] {dagbag.py:525} INFO - Filling up the DagBag from /home/choco/airflow_venv/lib/python3.10/site-packages/airflow/example_dags/example_branch_python_dop_operator_3.py
[2023-06-11T02:23:41.398+0200] {processor.py:768} INFO - DAG(s) dict_keys(['example_branch_dop_operator_v3']) retrieved from /home/choco/airflow_venv/lib/python3.10/site-packages/airflow/example_dags/example_branch_python_dop_operator_3.py
[2023-06-11T02:23:41.417+0200] {logging_mixin.py:117} INFO - [2023-06-11T02:23:41.416+0200] {dag.py:2573} INFO - Sync 1 DAGs
[2023-06-11T02:23:41.433+0200] {logging_mixin.py:117} INFO - [2023-06-11T02:23:41.433+0200] {dag.py:3324} INFO - Setting next_dagrun for example_branch_dop_operator_v3 to 2023-06-11T00:22:00+00:00, run_after=2023-06-11T00:23:00+00:00
[2023-06-11T02:23:41.454+0200] {processor.py:178} INFO - Processing /home/choco/airflow_venv/lib/python3.10/site-packages/airflow/example_dags/example_branch_python_dop_operator_3.py took 0.087 seconds
[2023-06-11T02:24:23.988+0200] {processor.py:156} INFO - Started process (PID=48035) to work on /home/choco/airflow_venv/lib/python3.10/site-packages/airflow/example_dags/example_branch_python_dop_operator_3.py
[2023-06-11T02:24:23.990+0200] {processor.py:758} INFO - Processing file /home/choco/airflow_venv/lib/python3.10/site-packages/airflow/example_dags/example_branch_python_dop_operator_3.py for tasks to queue
[2023-06-11T02:24:23.991+0200] {logging_mixin.py:117} INFO - [2023-06-11T02:24:23.990+0200] {dagbag.py:525} INFO - Filling up the DagBag from /home/choco/airflow_venv/lib/python3.10/site-packages/airflow/example_dags/example_branch_python_dop_operator_3.py
[2023-06-11T02:24:24.009+0200] {processor.py:768} INFO - DAG(s) dict_keys(['example_branch_dop_operator_v3']) retrieved from /home/choco/airflow_venv/lib/python3.10/site-packages/airflow/example_dags/example_branch_python_dop_operator_3.py
[2023-06-11T02:24:24.030+0200] {logging_mixin.py:117} INFO - [2023-06-11T02:24:24.030+0200] {dag.py:2573} INFO - Sync 1 DAGs
[2023-06-11T02:24:24.048+0200] {logging_mixin.py:117} INFO - [2023-06-11T02:24:24.048+0200] {dag.py:3324} INFO - Setting next_dagrun for example_branch_dop_operator_v3 to 2023-06-11T00:23:00+00:00, run_after=2023-06-11T00:24:00+00:00
[2023-06-11T02:24:24.068+0200] {processor.py:178} INFO - Processing /home/choco/airflow_venv/lib/python3.10/site-packages/airflow/example_dags/example_branch_python_dop_operator_3.py took 0.081 seconds
