[2023-06-11T02:17:38.136+0200] {processor.py:156} INFO - Started process (PID=47539) to work on /home/choco/airflow_venv/lib/python3.10/site-packages/airflow/example_dags/example_dag_decorator.py
[2023-06-11T02:17:38.137+0200] {processor.py:758} INFO - Processing file /home/choco/airflow_venv/lib/python3.10/site-packages/airflow/example_dags/example_dag_decorator.py for tasks to queue
[2023-06-11T02:17:38.137+0200] {logging_mixin.py:117} INFO - [2023-06-11T02:17:38.137+0200] {dagbag.py:525} INFO - Filling up the DagBag from /home/choco/airflow_venv/lib/python3.10/site-packages/airflow/example_dags/example_dag_decorator.py
[2023-06-11T02:17:38.158+0200] {processor.py:768} INFO - DAG(s) dict_keys(['example_dag_decorator']) retrieved from /home/choco/airflow_venv/lib/python3.10/site-packages/airflow/example_dags/example_dag_decorator.py
[2023-06-11T02:17:38.168+0200] {logging_mixin.py:117} INFO - [2023-06-11T02:17:38.167+0200] {dag.py:2573} INFO - Sync 1 DAGs
[2023-06-11T02:17:38.184+0200] {logging_mixin.py:117} INFO - [2023-06-11T02:17:38.183+0200] {dag.py:3324} INFO - Setting next_dagrun for example_dag_decorator to None, run_after=None
[2023-06-11T02:17:38.215+0200] {processor.py:178} INFO - Processing /home/choco/airflow_venv/lib/python3.10/site-packages/airflow/example_dags/example_dag_decorator.py took 0.080 seconds
[2023-06-11T02:18:18.209+0200] {processor.py:156} INFO - Started process (PID=47580) to work on /home/choco/airflow_venv/lib/python3.10/site-packages/airflow/example_dags/example_dag_decorator.py
[2023-06-11T02:18:18.220+0200] {processor.py:758} INFO - Processing file /home/choco/airflow_venv/lib/python3.10/site-packages/airflow/example_dags/example_dag_decorator.py for tasks to queue
[2023-06-11T02:18:18.221+0200] {logging_mixin.py:117} INFO - [2023-06-11T02:18:18.220+0200] {dagbag.py:525} INFO - Filling up the DagBag from /home/choco/airflow_venv/lib/python3.10/site-packages/airflow/example_dags/example_dag_decorator.py
[2023-06-11T02:18:18.240+0200] {processor.py:768} INFO - DAG(s) dict_keys(['example_dag_decorator']) retrieved from /home/choco/airflow_venv/lib/python3.10/site-packages/airflow/example_dags/example_dag_decorator.py
[2023-06-11T02:18:18.282+0200] {logging_mixin.py:117} INFO - [2023-06-11T02:18:18.281+0200] {dag.py:2573} INFO - Sync 1 DAGs
[2023-06-11T02:18:18.296+0200] {logging_mixin.py:117} INFO - [2023-06-11T02:18:18.296+0200] {dag.py:3324} INFO - Setting next_dagrun for example_dag_decorator to None, run_after=None
[2023-06-11T02:18:18.316+0200] {processor.py:178} INFO - Processing /home/choco/airflow_venv/lib/python3.10/site-packages/airflow/example_dags/example_dag_decorator.py took 0.109 seconds
[2023-06-11T02:19:06.115+0200] {processor.py:156} INFO - Started process (PID=47719) to work on /home/choco/airflow_venv/lib/python3.10/site-packages/airflow/example_dags/example_dag_decorator.py
[2023-06-11T02:19:06.127+0200] {processor.py:758} INFO - Processing file /home/choco/airflow_venv/lib/python3.10/site-packages/airflow/example_dags/example_dag_decorator.py for tasks to queue
[2023-06-11T02:19:06.127+0200] {logging_mixin.py:117} INFO - [2023-06-11T02:19:06.127+0200] {dagbag.py:525} INFO - Filling up the DagBag from /home/choco/airflow_venv/lib/python3.10/site-packages/airflow/example_dags/example_dag_decorator.py
[2023-06-11T02:19:06.147+0200] {processor.py:768} INFO - DAG(s) dict_keys(['example_dag_decorator']) retrieved from /home/choco/airflow_venv/lib/python3.10/site-packages/airflow/example_dags/example_dag_decorator.py
[2023-06-11T02:19:06.157+0200] {logging_mixin.py:117} INFO - [2023-06-11T02:19:06.156+0200] {dag.py:2573} INFO - Sync 1 DAGs
[2023-06-11T02:19:06.172+0200] {logging_mixin.py:117} INFO - [2023-06-11T02:19:06.172+0200] {dag.py:3324} INFO - Setting next_dagrun for example_dag_decorator to None, run_after=None
[2023-06-11T02:19:06.193+0200] {processor.py:178} INFO - Processing /home/choco/airflow_venv/lib/python3.10/site-packages/airflow/example_dags/example_dag_decorator.py took 0.079 seconds
[2023-06-11T02:19:48.567+0200] {processor.py:156} INFO - Started process (PID=47774) to work on /home/choco/airflow_venv/lib/python3.10/site-packages/airflow/example_dags/example_dag_decorator.py
[2023-06-11T02:19:48.569+0200] {processor.py:758} INFO - Processing file /home/choco/airflow_venv/lib/python3.10/site-packages/airflow/example_dags/example_dag_decorator.py for tasks to queue
[2023-06-11T02:19:48.569+0200] {logging_mixin.py:117} INFO - [2023-06-11T02:19:48.569+0200] {dagbag.py:525} INFO - Filling up the DagBag from /home/choco/airflow_venv/lib/python3.10/site-packages/airflow/example_dags/example_dag_decorator.py
[2023-06-11T02:19:48.590+0200] {processor.py:768} INFO - DAG(s) dict_keys(['example_dag_decorator']) retrieved from /home/choco/airflow_venv/lib/python3.10/site-packages/airflow/example_dags/example_dag_decorator.py
[2023-06-11T02:19:48.634+0200] {logging_mixin.py:117} INFO - [2023-06-11T02:19:48.634+0200] {dag.py:2573} INFO - Sync 1 DAGs
[2023-06-11T02:19:48.648+0200] {logging_mixin.py:117} INFO - [2023-06-11T02:19:48.648+0200] {dag.py:3324} INFO - Setting next_dagrun for example_dag_decorator to None, run_after=None
[2023-06-11T02:19:48.669+0200] {processor.py:178} INFO - Processing /home/choco/airflow_venv/lib/python3.10/site-packages/airflow/example_dags/example_dag_decorator.py took 0.103 seconds
[2023-06-11T02:22:09.105+0200] {processor.py:156} INFO - Started process (PID=47904) to work on /home/choco/airflow_venv/lib/python3.10/site-packages/airflow/example_dags/example_dag_decorator.py
[2023-06-11T02:22:09.117+0200] {processor.py:758} INFO - Processing file /home/choco/airflow_venv/lib/python3.10/site-packages/airflow/example_dags/example_dag_decorator.py for tasks to queue
[2023-06-11T02:22:09.117+0200] {logging_mixin.py:117} INFO - [2023-06-11T02:22:09.117+0200] {dagbag.py:525} INFO - Filling up the DagBag from /home/choco/airflow_venv/lib/python3.10/site-packages/airflow/example_dags/example_dag_decorator.py
[2023-06-11T02:22:09.138+0200] {processor.py:768} INFO - DAG(s) dict_keys(['example_dag_decorator']) retrieved from /home/choco/airflow_venv/lib/python3.10/site-packages/airflow/example_dags/example_dag_decorator.py
[2023-06-11T02:22:09.147+0200] {logging_mixin.py:117} INFO - [2023-06-11T02:22:09.147+0200] {dag.py:2573} INFO - Sync 1 DAGs
[2023-06-11T02:22:09.162+0200] {logging_mixin.py:117} INFO - [2023-06-11T02:22:09.162+0200] {dag.py:3324} INFO - Setting next_dagrun for example_dag_decorator to None, run_after=None
[2023-06-11T02:22:09.182+0200] {processor.py:178} INFO - Processing /home/choco/airflow_venv/lib/python3.10/site-packages/airflow/example_dags/example_dag_decorator.py took 0.078 seconds
[2023-06-11T02:22:54.391+0200] {processor.py:156} INFO - Started process (PID=47946) to work on /home/choco/airflow_venv/lib/python3.10/site-packages/airflow/example_dags/example_dag_decorator.py
[2023-06-11T02:22:54.393+0200] {processor.py:758} INFO - Processing file /home/choco/airflow_venv/lib/python3.10/site-packages/airflow/example_dags/example_dag_decorator.py for tasks to queue
[2023-06-11T02:22:54.393+0200] {logging_mixin.py:117} INFO - [2023-06-11T02:22:54.393+0200] {dagbag.py:525} INFO - Filling up the DagBag from /home/choco/airflow_venv/lib/python3.10/site-packages/airflow/example_dags/example_dag_decorator.py
[2023-06-11T02:22:54.412+0200] {processor.py:768} INFO - DAG(s) dict_keys(['example_dag_decorator']) retrieved from /home/choco/airflow_venv/lib/python3.10/site-packages/airflow/example_dags/example_dag_decorator.py
[2023-06-11T02:22:54.450+0200] {logging_mixin.py:117} INFO - [2023-06-11T02:22:54.450+0200] {dag.py:2573} INFO - Sync 1 DAGs
[2023-06-11T02:22:54.464+0200] {logging_mixin.py:117} INFO - [2023-06-11T02:22:54.464+0200] {dag.py:3324} INFO - Setting next_dagrun for example_dag_decorator to None, run_after=None
[2023-06-11T02:22:54.482+0200] {processor.py:178} INFO - Processing /home/choco/airflow_venv/lib/python3.10/site-packages/airflow/example_dags/example_dag_decorator.py took 0.092 seconds
[2023-06-11T02:23:38.664+0200] {processor.py:156} INFO - Started process (PID=47990) to work on /home/choco/airflow_venv/lib/python3.10/site-packages/airflow/example_dags/example_dag_decorator.py
[2023-06-11T02:23:38.665+0200] {processor.py:758} INFO - Processing file /home/choco/airflow_venv/lib/python3.10/site-packages/airflow/example_dags/example_dag_decorator.py for tasks to queue
[2023-06-11T02:23:38.666+0200] {logging_mixin.py:117} INFO - [2023-06-11T02:23:38.666+0200] {dagbag.py:525} INFO - Filling up the DagBag from /home/choco/airflow_venv/lib/python3.10/site-packages/airflow/example_dags/example_dag_decorator.py
[2023-06-11T02:23:38.687+0200] {processor.py:768} INFO - DAG(s) dict_keys(['example_dag_decorator']) retrieved from /home/choco/airflow_venv/lib/python3.10/site-packages/airflow/example_dags/example_dag_decorator.py
[2023-06-11T02:23:38.724+0200] {logging_mixin.py:117} INFO - [2023-06-11T02:23:38.724+0200] {dag.py:2573} INFO - Sync 1 DAGs
[2023-06-11T02:23:38.738+0200] {logging_mixin.py:117} INFO - [2023-06-11T02:23:38.738+0200] {dag.py:3324} INFO - Setting next_dagrun for example_dag_decorator to None, run_after=None
[2023-06-11T02:23:38.760+0200] {processor.py:178} INFO - Processing /home/choco/airflow_venv/lib/python3.10/site-packages/airflow/example_dags/example_dag_decorator.py took 0.098 seconds
[2023-06-11T02:24:20.259+0200] {processor.py:156} INFO - Started process (PID=48032) to work on /home/choco/airflow_venv/lib/python3.10/site-packages/airflow/example_dags/example_dag_decorator.py
[2023-06-11T02:24:20.260+0200] {processor.py:758} INFO - Processing file /home/choco/airflow_venv/lib/python3.10/site-packages/airflow/example_dags/example_dag_decorator.py for tasks to queue
[2023-06-11T02:24:20.261+0200] {logging_mixin.py:117} INFO - [2023-06-11T02:24:20.261+0200] {dagbag.py:525} INFO - Filling up the DagBag from /home/choco/airflow_venv/lib/python3.10/site-packages/airflow/example_dags/example_dag_decorator.py
[2023-06-11T02:24:20.291+0200] {processor.py:768} INFO - DAG(s) dict_keys(['example_dag_decorator']) retrieved from /home/choco/airflow_venv/lib/python3.10/site-packages/airflow/example_dags/example_dag_decorator.py
[2023-06-11T02:24:20.335+0200] {logging_mixin.py:117} INFO - [2023-06-11T02:24:20.335+0200] {dag.py:2573} INFO - Sync 1 DAGs
[2023-06-11T02:24:20.349+0200] {logging_mixin.py:117} INFO - [2023-06-11T02:24:20.349+0200] {dag.py:3324} INFO - Setting next_dagrun for example_dag_decorator to None, run_after=None
[2023-06-11T02:24:20.369+0200] {processor.py:178} INFO - Processing /home/choco/airflow_venv/lib/python3.10/site-packages/airflow/example_dags/example_dag_decorator.py took 0.113 seconds
