[2023-06-11T02:17:27.852+0200] {processor.py:156} INFO - Started process (PID=47321) to work on /home/choco/airflow_venv/lib/python3.10/site-packages/airflow/example_dags/example_branch_labels.py
[2023-06-11T02:17:27.852+0200] {processor.py:758} INFO - Processing file /home/choco/airflow_venv/lib/python3.10/site-packages/airflow/example_dags/example_branch_labels.py for tasks to queue
[2023-06-11T02:17:27.853+0200] {logging_mixin.py:117} INFO - [2023-06-11T02:17:27.853+0200] {dagbag.py:525} INFO - Filling up the DagBag from /home/choco/airflow_venv/lib/python3.10/site-packages/airflow/example_dags/example_branch_labels.py
[2023-06-11T02:17:27.865+0200] {processor.py:768} INFO - DAG(s) dict_keys(['example_branch_labels']) retrieved from /home/choco/airflow_venv/lib/python3.10/site-packages/airflow/example_dags/example_branch_labels.py
[2023-06-11T02:17:27.886+0200] {logging_mixin.py:117} INFO - [2023-06-11T02:17:27.886+0200] {dag.py:2573} INFO - Sync 1 DAGs
[2023-06-11T02:17:27.905+0200] {logging_mixin.py:117} INFO - [2023-06-11T02:17:27.905+0200] {dag.py:3324} INFO - Setting next_dagrun for example_branch_labels to 2023-06-10T00:00:00+00:00, run_after=2023-06-11T00:00:00+00:00
[2023-06-11T02:17:27.931+0200] {processor.py:178} INFO - Processing /home/choco/airflow_venv/lib/python3.10/site-packages/airflow/example_dags/example_branch_labels.py took 0.084 seconds
[2023-06-11T02:18:03.881+0200] {processor.py:156} INFO - Started process (PID=47565) to work on /home/choco/airflow_venv/lib/python3.10/site-packages/airflow/example_dags/example_branch_labels.py
[2023-06-11T02:18:03.882+0200] {processor.py:758} INFO - Processing file /home/choco/airflow_venv/lib/python3.10/site-packages/airflow/example_dags/example_branch_labels.py for tasks to queue
[2023-06-11T02:18:03.882+0200] {logging_mixin.py:117} INFO - [2023-06-11T02:18:03.882+0200] {dagbag.py:525} INFO - Filling up the DagBag from /home/choco/airflow_venv/lib/python3.10/site-packages/airflow/example_dags/example_branch_labels.py
[2023-06-11T02:18:03.892+0200] {processor.py:768} INFO - DAG(s) dict_keys(['example_branch_labels']) retrieved from /home/choco/airflow_venv/lib/python3.10/site-packages/airflow/example_dags/example_branch_labels.py
[2023-06-11T02:18:03.912+0200] {logging_mixin.py:117} INFO - [2023-06-11T02:18:03.911+0200] {dag.py:2573} INFO - Sync 1 DAGs
[2023-06-11T02:18:03.927+0200] {logging_mixin.py:117} INFO - [2023-06-11T02:18:03.927+0200] {dag.py:3324} INFO - Setting next_dagrun for example_branch_labels to 2023-06-10T00:00:00+00:00, run_after=2023-06-11T00:00:00+00:00
[2023-06-11T02:18:03.945+0200] {processor.py:178} INFO - Processing /home/choco/airflow_venv/lib/python3.10/site-packages/airflow/example_dags/example_branch_labels.py took 0.066 seconds
[2023-06-11T02:18:53.491+0200] {processor.py:156} INFO - Started process (PID=47707) to work on /home/choco/airflow_venv/lib/python3.10/site-packages/airflow/example_dags/example_branch_labels.py
[2023-06-11T02:18:53.492+0200] {processor.py:758} INFO - Processing file /home/choco/airflow_venv/lib/python3.10/site-packages/airflow/example_dags/example_branch_labels.py for tasks to queue
[2023-06-11T02:18:53.493+0200] {logging_mixin.py:117} INFO - [2023-06-11T02:18:53.493+0200] {dagbag.py:525} INFO - Filling up the DagBag from /home/choco/airflow_venv/lib/python3.10/site-packages/airflow/example_dags/example_branch_labels.py
[2023-06-11T02:18:53.508+0200] {processor.py:768} INFO - DAG(s) dict_keys(['example_branch_labels']) retrieved from /home/choco/airflow_venv/lib/python3.10/site-packages/airflow/example_dags/example_branch_labels.py
[2023-06-11T02:18:53.516+0200] {logging_mixin.py:117} INFO - [2023-06-11T02:18:53.516+0200] {dag.py:2573} INFO - Sync 1 DAGs
[2023-06-11T02:18:53.532+0200] {logging_mixin.py:117} INFO - [2023-06-11T02:18:53.531+0200] {dag.py:3324} INFO - Setting next_dagrun for example_branch_labels to 2023-06-10T00:00:00+00:00, run_after=2023-06-11T00:00:00+00:00
[2023-06-11T02:18:53.550+0200] {processor.py:178} INFO - Processing /home/choco/airflow_venv/lib/python3.10/site-packages/airflow/example_dags/example_branch_labels.py took 0.063 seconds
[2023-06-11T02:19:32.366+0200] {processor.py:156} INFO - Started process (PID=47747) to work on /home/choco/airflow_venv/lib/python3.10/site-packages/airflow/example_dags/example_branch_labels.py
[2023-06-11T02:19:32.376+0200] {processor.py:758} INFO - Processing file /home/choco/airflow_venv/lib/python3.10/site-packages/airflow/example_dags/example_branch_labels.py for tasks to queue
[2023-06-11T02:19:32.377+0200] {logging_mixin.py:117} INFO - [2023-06-11T02:19:32.376+0200] {dagbag.py:525} INFO - Filling up the DagBag from /home/choco/airflow_venv/lib/python3.10/site-packages/airflow/example_dags/example_branch_labels.py
[2023-06-11T02:19:32.391+0200] {processor.py:768} INFO - DAG(s) dict_keys(['example_branch_labels']) retrieved from /home/choco/airflow_venv/lib/python3.10/site-packages/airflow/example_dags/example_branch_labels.py
[2023-06-11T02:19:32.411+0200] {logging_mixin.py:117} INFO - [2023-06-11T02:19:32.410+0200] {dag.py:2573} INFO - Sync 1 DAGs
[2023-06-11T02:19:32.426+0200] {logging_mixin.py:117} INFO - [2023-06-11T02:19:32.426+0200] {dag.py:3324} INFO - Setting next_dagrun for example_branch_labels to 2023-06-10T00:00:00+00:00, run_after=2023-06-11T00:00:00+00:00
[2023-06-11T02:19:32.444+0200] {processor.py:178} INFO - Processing /home/choco/airflow_venv/lib/python3.10/site-packages/airflow/example_dags/example_branch_labels.py took 0.080 seconds
[2023-06-11T02:21:58.819+0200] {processor.py:156} INFO - Started process (PID=47888) to work on /home/choco/airflow_venv/lib/python3.10/site-packages/airflow/example_dags/example_branch_labels.py
[2023-06-11T02:21:58.822+0200] {processor.py:758} INFO - Processing file /home/choco/airflow_venv/lib/python3.10/site-packages/airflow/example_dags/example_branch_labels.py for tasks to queue
[2023-06-11T02:21:58.824+0200] {logging_mixin.py:117} INFO - [2023-06-11T02:21:58.823+0200] {dagbag.py:525} INFO - Filling up the DagBag from /home/choco/airflow_venv/lib/python3.10/site-packages/airflow/example_dags/example_branch_labels.py
[2023-06-11T02:21:58.836+0200] {processor.py:768} INFO - DAG(s) dict_keys(['example_branch_labels']) retrieved from /home/choco/airflow_venv/lib/python3.10/site-packages/airflow/example_dags/example_branch_labels.py
[2023-06-11T02:21:58.848+0200] {logging_mixin.py:117} INFO - [2023-06-11T02:21:58.848+0200] {dag.py:2573} INFO - Sync 1 DAGs
[2023-06-11T02:21:58.868+0200] {logging_mixin.py:117} INFO - [2023-06-11T02:21:58.868+0200] {dag.py:3324} INFO - Setting next_dagrun for example_branch_labels to 2023-06-10T00:00:00+00:00, run_after=2023-06-11T00:00:00+00:00
[2023-06-11T02:21:58.895+0200] {processor.py:178} INFO - Processing /home/choco/airflow_venv/lib/python3.10/site-packages/airflow/example_dags/example_branch_labels.py took 0.080 seconds
[2023-06-11T02:22:36.077+0200] {processor.py:156} INFO - Started process (PID=47930) to work on /home/choco/airflow_venv/lib/python3.10/site-packages/airflow/example_dags/example_branch_labels.py
[2023-06-11T02:22:36.089+0200] {processor.py:758} INFO - Processing file /home/choco/airflow_venv/lib/python3.10/site-packages/airflow/example_dags/example_branch_labels.py for tasks to queue
[2023-06-11T02:22:36.090+0200] {logging_mixin.py:117} INFO - [2023-06-11T02:22:36.090+0200] {dagbag.py:525} INFO - Filling up the DagBag from /home/choco/airflow_venv/lib/python3.10/site-packages/airflow/example_dags/example_branch_labels.py
[2023-06-11T02:22:36.100+0200] {processor.py:768} INFO - DAG(s) dict_keys(['example_branch_labels']) retrieved from /home/choco/airflow_venv/lib/python3.10/site-packages/airflow/example_dags/example_branch_labels.py
[2023-06-11T02:22:36.118+0200] {logging_mixin.py:117} INFO - [2023-06-11T02:22:36.118+0200] {dag.py:2573} INFO - Sync 1 DAGs
[2023-06-11T02:22:36.133+0200] {logging_mixin.py:117} INFO - [2023-06-11T02:22:36.133+0200] {dag.py:3324} INFO - Setting next_dagrun for example_branch_labels to 2023-06-10T00:00:00+00:00, run_after=2023-06-11T00:00:00+00:00
[2023-06-11T02:22:36.150+0200] {processor.py:178} INFO - Processing /home/choco/airflow_venv/lib/python3.10/site-packages/airflow/example_dags/example_branch_labels.py took 0.074 seconds
[2023-06-11T02:23:23.778+0200] {processor.py:156} INFO - Started process (PID=47976) to work on /home/choco/airflow_venv/lib/python3.10/site-packages/airflow/example_dags/example_branch_labels.py
[2023-06-11T02:23:23.780+0200] {processor.py:758} INFO - Processing file /home/choco/airflow_venv/lib/python3.10/site-packages/airflow/example_dags/example_branch_labels.py for tasks to queue
[2023-06-11T02:23:23.780+0200] {logging_mixin.py:117} INFO - [2023-06-11T02:23:23.780+0200] {dagbag.py:525} INFO - Filling up the DagBag from /home/choco/airflow_venv/lib/python3.10/site-packages/airflow/example_dags/example_branch_labels.py
[2023-06-11T02:23:23.790+0200] {processor.py:768} INFO - DAG(s) dict_keys(['example_branch_labels']) retrieved from /home/choco/airflow_venv/lib/python3.10/site-packages/airflow/example_dags/example_branch_labels.py
[2023-06-11T02:23:23.810+0200] {logging_mixin.py:117} INFO - [2023-06-11T02:23:23.810+0200] {dag.py:2573} INFO - Sync 1 DAGs
[2023-06-11T02:23:23.824+0200] {logging_mixin.py:117} INFO - [2023-06-11T02:23:23.824+0200] {dag.py:3324} INFO - Setting next_dagrun for example_branch_labels to 2023-06-10T00:00:00+00:00, run_after=2023-06-11T00:00:00+00:00
[2023-06-11T02:23:23.844+0200] {processor.py:178} INFO - Processing /home/choco/airflow_venv/lib/python3.10/site-packages/airflow/example_dags/example_branch_labels.py took 0.067 seconds
[2023-06-11T02:24:01.997+0200] {processor.py:156} INFO - Started process (PID=48014) to work on /home/choco/airflow_venv/lib/python3.10/site-packages/airflow/example_dags/example_branch_labels.py
[2023-06-11T02:24:01.999+0200] {processor.py:758} INFO - Processing file /home/choco/airflow_venv/lib/python3.10/site-packages/airflow/example_dags/example_branch_labels.py for tasks to queue
[2023-06-11T02:24:01.999+0200] {logging_mixin.py:117} INFO - [2023-06-11T02:24:01.999+0200] {dagbag.py:525} INFO - Filling up the DagBag from /home/choco/airflow_venv/lib/python3.10/site-packages/airflow/example_dags/example_branch_labels.py
[2023-06-11T02:24:02.009+0200] {processor.py:768} INFO - DAG(s) dict_keys(['example_branch_labels']) retrieved from /home/choco/airflow_venv/lib/python3.10/site-packages/airflow/example_dags/example_branch_labels.py
[2023-06-11T02:24:02.033+0200] {logging_mixin.py:117} INFO - [2023-06-11T02:24:02.033+0200] {dag.py:2573} INFO - Sync 1 DAGs
[2023-06-11T02:24:02.047+0200] {logging_mixin.py:117} INFO - [2023-06-11T02:24:02.047+0200] {dag.py:3324} INFO - Setting next_dagrun for example_branch_labels to 2023-06-10T00:00:00+00:00, run_after=2023-06-11T00:00:00+00:00
[2023-06-11T02:24:02.065+0200] {processor.py:178} INFO - Processing /home/choco/airflow_venv/lib/python3.10/site-packages/airflow/example_dags/example_branch_labels.py took 0.069 seconds
[2023-06-11T02:24:39.716+0200] {processor.py:156} INFO - Started process (PID=48051) to work on /home/choco/airflow_venv/lib/python3.10/site-packages/airflow/example_dags/example_branch_labels.py
[2023-06-11T02:24:39.718+0200] {processor.py:758} INFO - Processing file /home/choco/airflow_venv/lib/python3.10/site-packages/airflow/example_dags/example_branch_labels.py for tasks to queue
[2023-06-11T02:24:39.718+0200] {logging_mixin.py:117} INFO - [2023-06-11T02:24:39.718+0200] {dagbag.py:525} INFO - Filling up the DagBag from /home/choco/airflow_venv/lib/python3.10/site-packages/airflow/example_dags/example_branch_labels.py
[2023-06-11T02:24:39.730+0200] {processor.py:768} INFO - DAG(s) dict_keys(['example_branch_labels']) retrieved from /home/choco/airflow_venv/lib/python3.10/site-packages/airflow/example_dags/example_branch_labels.py
[2023-06-11T02:24:39.753+0200] {logging_mixin.py:117} INFO - [2023-06-11T02:24:39.752+0200] {dag.py:2573} INFO - Sync 1 DAGs
[2023-06-11T02:24:39.770+0200] {logging_mixin.py:117} INFO - [2023-06-11T02:24:39.770+0200] {dag.py:3324} INFO - Setting next_dagrun for example_branch_labels to 2023-06-10T00:00:00+00:00, run_after=2023-06-11T00:00:00+00:00
[2023-06-11T02:24:39.801+0200] {processor.py:178} INFO - Processing /home/choco/airflow_venv/lib/python3.10/site-packages/airflow/example_dags/example_branch_labels.py took 0.087 seconds
