[2023-06-11T02:17:50.700+0200] {processor.py:156} INFO - Started process (PID=47552) to work on /home/choco/airflow_venv/lib/python3.10/site-packages/airflow/example_dags/example_external_task_marker_dag.py
[2023-06-11T02:17:50.701+0200] {processor.py:758} INFO - Processing file /home/choco/airflow_venv/lib/python3.10/site-packages/airflow/example_dags/example_external_task_marker_dag.py for tasks to queue
[2023-06-11T02:17:50.701+0200] {logging_mixin.py:117} INFO - [2023-06-11T02:17:50.701+0200] {dagbag.py:525} INFO - Filling up the DagBag from /home/choco/airflow_venv/lib/python3.10/site-packages/airflow/example_dags/example_external_task_marker_dag.py
[2023-06-11T02:17:50.710+0200] {processor.py:768} INFO - DAG(s) dict_keys(['example_external_task_marker_parent', 'example_external_task_marker_child']) retrieved from /home/choco/airflow_venv/lib/python3.10/site-packages/airflow/example_dags/example_external_task_marker_dag.py
[2023-06-11T02:17:50.792+0200] {logging_mixin.py:117} INFO - [2023-06-11T02:17:50.792+0200] {dag.py:2573} INFO - Sync 2 DAGs
[2023-06-11T02:17:50.804+0200] {logging_mixin.py:117} INFO - [2023-06-11T02:17:50.804+0200] {dag.py:3324} INFO - Setting next_dagrun for example_external_task_marker_child to None, run_after=None
[2023-06-11T02:17:50.806+0200] {logging_mixin.py:117} INFO - [2023-06-11T02:17:50.806+0200] {dag.py:3324} INFO - Setting next_dagrun for example_external_task_marker_parent to None, run_after=None
[2023-06-11T02:17:50.825+0200] {processor.py:178} INFO - Processing /home/choco/airflow_venv/lib/python3.10/site-packages/airflow/example_dags/example_external_task_marker_dag.py took 0.127 seconds
[2023-06-11T02:19:18.747+0200] {processor.py:156} INFO - Started process (PID=47734) to work on /home/choco/airflow_venv/lib/python3.10/site-packages/airflow/example_dags/example_external_task_marker_dag.py
[2023-06-11T02:19:18.759+0200] {processor.py:758} INFO - Processing file /home/choco/airflow_venv/lib/python3.10/site-packages/airflow/example_dags/example_external_task_marker_dag.py for tasks to queue
[2023-06-11T02:19:18.760+0200] {logging_mixin.py:117} INFO - [2023-06-11T02:19:18.760+0200] {dagbag.py:525} INFO - Filling up the DagBag from /home/choco/airflow_venv/lib/python3.10/site-packages/airflow/example_dags/example_external_task_marker_dag.py
[2023-06-11T02:19:18.769+0200] {processor.py:768} INFO - DAG(s) dict_keys(['example_external_task_marker_child', 'example_external_task_marker_parent']) retrieved from /home/choco/airflow_venv/lib/python3.10/site-packages/airflow/example_dags/example_external_task_marker_dag.py
[2023-06-11T02:19:18.837+0200] {logging_mixin.py:117} INFO - [2023-06-11T02:19:18.837+0200] {dag.py:2573} INFO - Sync 2 DAGs
[2023-06-11T02:19:18.862+0200] {logging_mixin.py:117} INFO - [2023-06-11T02:19:18.862+0200] {dag.py:3324} INFO - Setting next_dagrun for example_external_task_marker_child to None, run_after=None
[2023-06-11T02:19:18.866+0200] {logging_mixin.py:117} INFO - [2023-06-11T02:19:18.866+0200] {dag.py:3324} INFO - Setting next_dagrun for example_external_task_marker_parent to None, run_after=None
[2023-06-11T02:19:18.887+0200] {processor.py:178} INFO - Processing /home/choco/airflow_venv/lib/python3.10/site-packages/airflow/example_dags/example_external_task_marker_dag.py took 0.141 seconds
[2023-06-11T02:22:21.664+0200] {processor.py:156} INFO - Started process (PID=47917) to work on /home/choco/airflow_venv/lib/python3.10/site-packages/airflow/example_dags/example_external_task_marker_dag.py
[2023-06-11T02:22:21.666+0200] {processor.py:758} INFO - Processing file /home/choco/airflow_venv/lib/python3.10/site-packages/airflow/example_dags/example_external_task_marker_dag.py for tasks to queue
[2023-06-11T02:22:21.667+0200] {logging_mixin.py:117} INFO - [2023-06-11T02:22:21.667+0200] {dagbag.py:525} INFO - Filling up the DagBag from /home/choco/airflow_venv/lib/python3.10/site-packages/airflow/example_dags/example_external_task_marker_dag.py
[2023-06-11T02:22:21.679+0200] {processor.py:768} INFO - DAG(s) dict_keys(['example_external_task_marker_parent', 'example_external_task_marker_child']) retrieved from /home/choco/airflow_venv/lib/python3.10/site-packages/airflow/example_dags/example_external_task_marker_dag.py
[2023-06-11T02:22:21.740+0200] {logging_mixin.py:117} INFO - [2023-06-11T02:22:21.739+0200] {dag.py:2573} INFO - Sync 2 DAGs
[2023-06-11T02:22:21.753+0200] {logging_mixin.py:117} INFO - [2023-06-11T02:22:21.753+0200] {dag.py:3324} INFO - Setting next_dagrun for example_external_task_marker_child to None, run_after=None
[2023-06-11T02:22:21.755+0200] {logging_mixin.py:117} INFO - [2023-06-11T02:22:21.755+0200] {dag.py:3324} INFO - Setting next_dagrun for example_external_task_marker_parent to None, run_after=None
[2023-06-11T02:22:21.781+0200] {processor.py:178} INFO - Processing /home/choco/airflow_venv/lib/python3.10/site-packages/airflow/example_dags/example_external_task_marker_dag.py took 0.120 seconds
[2023-06-11T02:23:13.542+0200] {processor.py:156} INFO - Started process (PID=47966) to work on /home/choco/airflow_venv/lib/python3.10/site-packages/airflow/example_dags/example_external_task_marker_dag.py
[2023-06-11T02:23:13.543+0200] {processor.py:758} INFO - Processing file /home/choco/airflow_venv/lib/python3.10/site-packages/airflow/example_dags/example_external_task_marker_dag.py for tasks to queue
[2023-06-11T02:23:13.544+0200] {logging_mixin.py:117} INFO - [2023-06-11T02:23:13.544+0200] {dagbag.py:525} INFO - Filling up the DagBag from /home/choco/airflow_venv/lib/python3.10/site-packages/airflow/example_dags/example_external_task_marker_dag.py
[2023-06-11T02:23:13.557+0200] {processor.py:768} INFO - DAG(s) dict_keys(['example_external_task_marker_parent', 'example_external_task_marker_child']) retrieved from /home/choco/airflow_venv/lib/python3.10/site-packages/airflow/example_dags/example_external_task_marker_dag.py
[2023-06-11T02:23:13.630+0200] {logging_mixin.py:117} INFO - [2023-06-11T02:23:13.630+0200] {dag.py:2573} INFO - Sync 2 DAGs
[2023-06-11T02:23:13.644+0200] {logging_mixin.py:117} INFO - [2023-06-11T02:23:13.644+0200] {dag.py:3324} INFO - Setting next_dagrun for example_external_task_marker_child to None, run_after=None
[2023-06-11T02:23:13.647+0200] {logging_mixin.py:117} INFO - [2023-06-11T02:23:13.647+0200] {dag.py:3324} INFO - Setting next_dagrun for example_external_task_marker_parent to None, run_after=None
[2023-06-11T02:23:13.664+0200] {processor.py:178} INFO - Processing /home/choco/airflow_venv/lib/python3.10/site-packages/airflow/example_dags/example_external_task_marker_dag.py took 0.125 seconds
[2023-06-11T02:23:55.411+0200] {processor.py:156} INFO - Started process (PID=48008) to work on /home/choco/airflow_venv/lib/python3.10/site-packages/airflow/example_dags/example_external_task_marker_dag.py
[2023-06-11T02:23:55.413+0200] {processor.py:758} INFO - Processing file /home/choco/airflow_venv/lib/python3.10/site-packages/airflow/example_dags/example_external_task_marker_dag.py for tasks to queue
[2023-06-11T02:23:55.414+0200] {logging_mixin.py:117} INFO - [2023-06-11T02:23:55.414+0200] {dagbag.py:525} INFO - Filling up the DagBag from /home/choco/airflow_venv/lib/python3.10/site-packages/airflow/example_dags/example_external_task_marker_dag.py
[2023-06-11T02:23:55.423+0200] {processor.py:768} INFO - DAG(s) dict_keys(['example_external_task_marker_parent', 'example_external_task_marker_child']) retrieved from /home/choco/airflow_venv/lib/python3.10/site-packages/airflow/example_dags/example_external_task_marker_dag.py
[2023-06-11T02:23:55.482+0200] {logging_mixin.py:117} INFO - [2023-06-11T02:23:55.482+0200] {dag.py:2573} INFO - Sync 2 DAGs
[2023-06-11T02:23:55.495+0200] {logging_mixin.py:117} INFO - [2023-06-11T02:23:55.495+0200] {dag.py:3324} INFO - Setting next_dagrun for example_external_task_marker_child to None, run_after=None
[2023-06-11T02:23:55.497+0200] {logging_mixin.py:117} INFO - [2023-06-11T02:23:55.497+0200] {dag.py:3324} INFO - Setting next_dagrun for example_external_task_marker_parent to None, run_after=None
[2023-06-11T02:23:55.514+0200] {processor.py:178} INFO - Processing /home/choco/airflow_venv/lib/python3.10/site-packages/airflow/example_dags/example_external_task_marker_dag.py took 0.104 seconds
[2023-06-11T02:24:47.123+0200] {processor.py:156} INFO - Started process (PID=48058) to work on /home/choco/airflow_venv/lib/python3.10/site-packages/airflow/example_dags/example_external_task_marker_dag.py
[2023-06-11T02:24:47.124+0200] {processor.py:758} INFO - Processing file /home/choco/airflow_venv/lib/python3.10/site-packages/airflow/example_dags/example_external_task_marker_dag.py for tasks to queue
[2023-06-11T02:24:47.125+0200] {logging_mixin.py:117} INFO - [2023-06-11T02:24:47.125+0200] {dagbag.py:525} INFO - Filling up the DagBag from /home/choco/airflow_venv/lib/python3.10/site-packages/airflow/example_dags/example_external_task_marker_dag.py
[2023-06-11T02:24:47.140+0200] {processor.py:768} INFO - DAG(s) dict_keys(['example_external_task_marker_parent', 'example_external_task_marker_child']) retrieved from /home/choco/airflow_venv/lib/python3.10/site-packages/airflow/example_dags/example_external_task_marker_dag.py
[2023-06-11T02:24:47.205+0200] {logging_mixin.py:117} INFO - [2023-06-11T02:24:47.205+0200] {dag.py:2573} INFO - Sync 2 DAGs
[2023-06-11T02:24:47.218+0200] {logging_mixin.py:117} INFO - [2023-06-11T02:24:47.218+0200] {dag.py:3324} INFO - Setting next_dagrun for example_external_task_marker_child to None, run_after=None
[2023-06-11T02:24:47.221+0200] {logging_mixin.py:117} INFO - [2023-06-11T02:24:47.221+0200] {dag.py:3324} INFO - Setting next_dagrun for example_external_task_marker_parent to None, run_after=None
[2023-06-11T02:24:47.238+0200] {processor.py:178} INFO - Processing /home/choco/airflow_venv/lib/python3.10/site-packages/airflow/example_dags/example_external_task_marker_dag.py took 0.117 seconds
