[2023-06-11T02:17:45.657+0200] {processor.py:156} INFO - Started process (PID=47547) to work on /home/choco/airflow_venv/lib/python3.10/site-packages/airflow/example_dags/example_trigger_target_dag.py
[2023-06-11T02:17:45.658+0200] {processor.py:758} INFO - Processing file /home/choco/airflow_venv/lib/python3.10/site-packages/airflow/example_dags/example_trigger_target_dag.py for tasks to queue
[2023-06-11T02:17:45.658+0200] {logging_mixin.py:117} INFO - [2023-06-11T02:17:45.658+0200] {dagbag.py:525} INFO - Filling up the DagBag from /home/choco/airflow_venv/lib/python3.10/site-packages/airflow/example_dags/example_trigger_target_dag.py
[2023-06-11T02:17:45.674+0200] {processor.py:768} INFO - DAG(s) dict_keys(['example_trigger_target_dag']) retrieved from /home/choco/airflow_venv/lib/python3.10/site-packages/airflow/example_dags/example_trigger_target_dag.py
[2023-06-11T02:17:45.683+0200] {logging_mixin.py:117} INFO - [2023-06-11T02:17:45.683+0200] {dag.py:2573} INFO - Sync 1 DAGs
[2023-06-11T02:17:45.698+0200] {logging_mixin.py:117} INFO - [2023-06-11T02:17:45.698+0200] {dag.py:3324} INFO - Setting next_dagrun for example_trigger_target_dag to None, run_after=None
[2023-06-11T02:17:45.718+0200] {processor.py:178} INFO - Processing /home/choco/airflow_venv/lib/python3.10/site-packages/airflow/example_dags/example_trigger_target_dag.py took 0.062 seconds
[2023-06-11T02:19:13.219+0200] {processor.py:156} INFO - Started process (PID=47729) to work on /home/choco/airflow_venv/lib/python3.10/site-packages/airflow/example_dags/example_trigger_target_dag.py
[2023-06-11T02:19:13.230+0200] {processor.py:758} INFO - Processing file /home/choco/airflow_venv/lib/python3.10/site-packages/airflow/example_dags/example_trigger_target_dag.py for tasks to queue
[2023-06-11T02:19:13.230+0200] {logging_mixin.py:117} INFO - [2023-06-11T02:19:13.230+0200] {dagbag.py:525} INFO - Filling up the DagBag from /home/choco/airflow_venv/lib/python3.10/site-packages/airflow/example_dags/example_trigger_target_dag.py
[2023-06-11T02:19:13.246+0200] {processor.py:768} INFO - DAG(s) dict_keys(['example_trigger_target_dag']) retrieved from /home/choco/airflow_venv/lib/python3.10/site-packages/airflow/example_dags/example_trigger_target_dag.py
[2023-06-11T02:19:13.265+0200] {logging_mixin.py:117} INFO - [2023-06-11T02:19:13.265+0200] {dag.py:2573} INFO - Sync 1 DAGs
[2023-06-11T02:19:13.281+0200] {logging_mixin.py:117} INFO - [2023-06-11T02:19:13.280+0200] {dag.py:3324} INFO - Setting next_dagrun for example_trigger_target_dag to None, run_after=None
[2023-06-11T02:19:13.298+0200] {processor.py:178} INFO - Processing /home/choco/airflow_venv/lib/python3.10/site-packages/airflow/example_dags/example_trigger_target_dag.py took 0.081 seconds
[2023-06-11T02:22:16.519+0200] {processor.py:156} INFO - Started process (PID=47912) to work on /home/choco/airflow_venv/lib/python3.10/site-packages/airflow/example_dags/example_trigger_target_dag.py
[2023-06-11T02:22:16.521+0200] {processor.py:758} INFO - Processing file /home/choco/airflow_venv/lib/python3.10/site-packages/airflow/example_dags/example_trigger_target_dag.py for tasks to queue
[2023-06-11T02:22:16.521+0200] {logging_mixin.py:117} INFO - [2023-06-11T02:22:16.521+0200] {dagbag.py:525} INFO - Filling up the DagBag from /home/choco/airflow_venv/lib/python3.10/site-packages/airflow/example_dags/example_trigger_target_dag.py
[2023-06-11T02:22:16.539+0200] {processor.py:768} INFO - DAG(s) dict_keys(['example_trigger_target_dag']) retrieved from /home/choco/airflow_venv/lib/python3.10/site-packages/airflow/example_dags/example_trigger_target_dag.py
[2023-06-11T02:22:16.551+0200] {logging_mixin.py:117} INFO - [2023-06-11T02:22:16.551+0200] {dag.py:2573} INFO - Sync 1 DAGs
[2023-06-11T02:22:16.571+0200] {logging_mixin.py:117} INFO - [2023-06-11T02:22:16.570+0200] {dag.py:3324} INFO - Setting next_dagrun for example_trigger_target_dag to None, run_after=None
[2023-06-11T02:22:16.589+0200] {processor.py:178} INFO - Processing /home/choco/airflow_venv/lib/python3.10/site-packages/airflow/example_dags/example_trigger_target_dag.py took 0.072 seconds
[2023-06-11T02:23:02.520+0200] {processor.py:156} INFO - Started process (PID=47954) to work on /home/choco/airflow_venv/lib/python3.10/site-packages/airflow/example_dags/example_trigger_target_dag.py
[2023-06-11T02:23:02.531+0200] {processor.py:758} INFO - Processing file /home/choco/airflow_venv/lib/python3.10/site-packages/airflow/example_dags/example_trigger_target_dag.py for tasks to queue
[2023-06-11T02:23:02.531+0200] {logging_mixin.py:117} INFO - [2023-06-11T02:23:02.531+0200] {dagbag.py:525} INFO - Filling up the DagBag from /home/choco/airflow_venv/lib/python3.10/site-packages/airflow/example_dags/example_trigger_target_dag.py
[2023-06-11T02:23:02.547+0200] {processor.py:768} INFO - DAG(s) dict_keys(['example_trigger_target_dag']) retrieved from /home/choco/airflow_venv/lib/python3.10/site-packages/airflow/example_dags/example_trigger_target_dag.py
[2023-06-11T02:23:02.565+0200] {logging_mixin.py:117} INFO - [2023-06-11T02:23:02.565+0200] {dag.py:2573} INFO - Sync 1 DAGs
[2023-06-11T02:23:02.579+0200] {logging_mixin.py:117} INFO - [2023-06-11T02:23:02.578+0200] {dag.py:3324} INFO - Setting next_dagrun for example_trigger_target_dag to None, run_after=None
[2023-06-11T02:23:02.596+0200] {processor.py:178} INFO - Processing /home/choco/airflow_venv/lib/python3.10/site-packages/airflow/example_dags/example_trigger_target_dag.py took 0.078 seconds
[2023-06-11T02:23:46.273+0200] {processor.py:156} INFO - Started process (PID=47998) to work on /home/choco/airflow_venv/lib/python3.10/site-packages/airflow/example_dags/example_trigger_target_dag.py
[2023-06-11T02:23:46.276+0200] {processor.py:758} INFO - Processing file /home/choco/airflow_venv/lib/python3.10/site-packages/airflow/example_dags/example_trigger_target_dag.py for tasks to queue
[2023-06-11T02:23:46.277+0200] {logging_mixin.py:117} INFO - [2023-06-11T02:23:46.277+0200] {dagbag.py:525} INFO - Filling up the DagBag from /home/choco/airflow_venv/lib/python3.10/site-packages/airflow/example_dags/example_trigger_target_dag.py
[2023-06-11T02:23:46.291+0200] {processor.py:768} INFO - DAG(s) dict_keys(['example_trigger_target_dag']) retrieved from /home/choco/airflow_venv/lib/python3.10/site-packages/airflow/example_dags/example_trigger_target_dag.py
[2023-06-11T02:23:46.313+0200] {logging_mixin.py:117} INFO - [2023-06-11T02:23:46.313+0200] {dag.py:2573} INFO - Sync 1 DAGs
[2023-06-11T02:23:46.329+0200] {logging_mixin.py:117} INFO - [2023-06-11T02:23:46.329+0200] {dag.py:3324} INFO - Setting next_dagrun for example_trigger_target_dag to None, run_after=None
[2023-06-11T02:23:46.348+0200] {processor.py:178} INFO - Processing /home/choco/airflow_venv/lib/python3.10/site-packages/airflow/example_dags/example_trigger_target_dag.py took 0.077 seconds
[2023-06-11T02:24:34.047+0200] {processor.py:156} INFO - Started process (PID=48045) to work on /home/choco/airflow_venv/lib/python3.10/site-packages/airflow/example_dags/example_trigger_target_dag.py
[2023-06-11T02:24:34.049+0200] {processor.py:758} INFO - Processing file /home/choco/airflow_venv/lib/python3.10/site-packages/airflow/example_dags/example_trigger_target_dag.py for tasks to queue
[2023-06-11T02:24:34.050+0200] {logging_mixin.py:117} INFO - [2023-06-11T02:24:34.050+0200] {dagbag.py:525} INFO - Filling up the DagBag from /home/choco/airflow_venv/lib/python3.10/site-packages/airflow/example_dags/example_trigger_target_dag.py
[2023-06-11T02:24:34.064+0200] {processor.py:768} INFO - DAG(s) dict_keys(['example_trigger_target_dag']) retrieved from /home/choco/airflow_venv/lib/python3.10/site-packages/airflow/example_dags/example_trigger_target_dag.py
[2023-06-11T02:24:34.085+0200] {logging_mixin.py:117} INFO - [2023-06-11T02:24:34.085+0200] {dag.py:2573} INFO - Sync 1 DAGs
[2023-06-11T02:24:34.099+0200] {logging_mixin.py:117} INFO - [2023-06-11T02:24:34.098+0200] {dag.py:3324} INFO - Setting next_dagrun for example_trigger_target_dag to None, run_after=None
[2023-06-11T02:24:34.119+0200] {processor.py:178} INFO - Processing /home/choco/airflow_venv/lib/python3.10/site-packages/airflow/example_dags/example_trigger_target_dag.py took 0.075 seconds
