[2023-06-11T02:17:31.359+0200] {processor.py:156} INFO - Started process (PID=47324) to work on /home/choco/airflow_venv/lib/python3.10/site-packages/airflow/example_dags/example_branch_day_of_week_operator.py
[2023-06-11T02:17:31.360+0200] {processor.py:758} INFO - Processing file /home/choco/airflow_venv/lib/python3.10/site-packages/airflow/example_dags/example_branch_day_of_week_operator.py for tasks to queue
[2023-06-11T02:17:31.360+0200] {logging_mixin.py:117} INFO - [2023-06-11T02:17:31.360+0200] {dagbag.py:525} INFO - Filling up the DagBag from /home/choco/airflow_venv/lib/python3.10/site-packages/airflow/example_dags/example_branch_day_of_week_operator.py
[2023-06-11T02:17:31.372+0200] {processor.py:768} INFO - DAG(s) dict_keys(['example_weekday_branch_operator']) retrieved from /home/choco/airflow_venv/lib/python3.10/site-packages/airflow/example_dags/example_branch_day_of_week_operator.py
[2023-06-11T02:17:31.380+0200] {logging_mixin.py:117} INFO - [2023-06-11T02:17:31.380+0200] {dag.py:2573} INFO - Sync 1 DAGs
[2023-06-11T02:17:31.396+0200] {logging_mixin.py:117} INFO - [2023-06-11T02:17:31.396+0200] {dag.py:3324} INFO - Setting next_dagrun for example_weekday_branch_operator to 2023-06-10T00:00:00+00:00, run_after=2023-06-11T00:00:00+00:00
[2023-06-11T02:17:31.416+0200] {processor.py:178} INFO - Processing /home/choco/airflow_venv/lib/python3.10/site-packages/airflow/example_dags/example_branch_day_of_week_operator.py took 0.058 seconds
[2023-06-11T02:18:07.880+0200] {processor.py:156} INFO - Started process (PID=47569) to work on /home/choco/airflow_venv/lib/python3.10/site-packages/airflow/example_dags/example_branch_day_of_week_operator.py
[2023-06-11T02:18:07.892+0200] {processor.py:758} INFO - Processing file /home/choco/airflow_venv/lib/python3.10/site-packages/airflow/example_dags/example_branch_day_of_week_operator.py for tasks to queue
[2023-06-11T02:18:07.892+0200] {logging_mixin.py:117} INFO - [2023-06-11T02:18:07.892+0200] {dagbag.py:525} INFO - Filling up the DagBag from /home/choco/airflow_venv/lib/python3.10/site-packages/airflow/example_dags/example_branch_day_of_week_operator.py
[2023-06-11T02:18:07.906+0200] {processor.py:768} INFO - DAG(s) dict_keys(['example_weekday_branch_operator']) retrieved from /home/choco/airflow_venv/lib/python3.10/site-packages/airflow/example_dags/example_branch_day_of_week_operator.py
[2023-06-11T02:18:07.928+0200] {logging_mixin.py:117} INFO - [2023-06-11T02:18:07.927+0200] {dag.py:2573} INFO - Sync 1 DAGs
[2023-06-11T02:18:07.944+0200] {logging_mixin.py:117} INFO - [2023-06-11T02:18:07.944+0200] {dag.py:3324} INFO - Setting next_dagrun for example_weekday_branch_operator to 2023-06-10T00:00:00+00:00, run_after=2023-06-11T00:00:00+00:00
[2023-06-11T02:18:07.962+0200] {processor.py:178} INFO - Processing /home/choco/airflow_venv/lib/python3.10/site-packages/airflow/example_dags/example_branch_day_of_week_operator.py took 0.084 seconds
[2023-06-11T02:18:56.633+0200] {processor.py:156} INFO - Started process (PID=47710) to work on /home/choco/airflow_venv/lib/python3.10/site-packages/airflow/example_dags/example_branch_day_of_week_operator.py
[2023-06-11T02:18:56.634+0200] {processor.py:758} INFO - Processing file /home/choco/airflow_venv/lib/python3.10/site-packages/airflow/example_dags/example_branch_day_of_week_operator.py for tasks to queue
[2023-06-11T02:18:56.634+0200] {logging_mixin.py:117} INFO - [2023-06-11T02:18:56.634+0200] {dagbag.py:525} INFO - Filling up the DagBag from /home/choco/airflow_venv/lib/python3.10/site-packages/airflow/example_dags/example_branch_day_of_week_operator.py
[2023-06-11T02:18:56.647+0200] {processor.py:768} INFO - DAG(s) dict_keys(['example_weekday_branch_operator']) retrieved from /home/choco/airflow_venv/lib/python3.10/site-packages/airflow/example_dags/example_branch_day_of_week_operator.py
[2023-06-11T02:18:56.658+0200] {logging_mixin.py:117} INFO - [2023-06-11T02:18:56.658+0200] {dag.py:2573} INFO - Sync 1 DAGs
[2023-06-11T02:18:56.676+0200] {logging_mixin.py:117} INFO - [2023-06-11T02:18:56.676+0200] {dag.py:3324} INFO - Setting next_dagrun for example_weekday_branch_operator to 2023-06-10T00:00:00+00:00, run_after=2023-06-11T00:00:00+00:00
[2023-06-11T02:18:56.698+0200] {processor.py:178} INFO - Processing /home/choco/airflow_venv/lib/python3.10/site-packages/airflow/example_dags/example_branch_day_of_week_operator.py took 0.067 seconds
[2023-06-11T02:19:35.813+0200] {processor.py:156} INFO - Started process (PID=47750) to work on /home/choco/airflow_venv/lib/python3.10/site-packages/airflow/example_dags/example_branch_day_of_week_operator.py
[2023-06-11T02:19:35.824+0200] {processor.py:758} INFO - Processing file /home/choco/airflow_venv/lib/python3.10/site-packages/airflow/example_dags/example_branch_day_of_week_operator.py for tasks to queue
[2023-06-11T02:19:35.825+0200] {logging_mixin.py:117} INFO - [2023-06-11T02:19:35.824+0200] {dagbag.py:525} INFO - Filling up the DagBag from /home/choco/airflow_venv/lib/python3.10/site-packages/airflow/example_dags/example_branch_day_of_week_operator.py
[2023-06-11T02:19:35.835+0200] {processor.py:768} INFO - DAG(s) dict_keys(['example_weekday_branch_operator']) retrieved from /home/choco/airflow_venv/lib/python3.10/site-packages/airflow/example_dags/example_branch_day_of_week_operator.py
[2023-06-11T02:19:35.858+0200] {logging_mixin.py:117} INFO - [2023-06-11T02:19:35.858+0200] {dag.py:2573} INFO - Sync 1 DAGs
[2023-06-11T02:19:35.876+0200] {logging_mixin.py:117} INFO - [2023-06-11T02:19:35.875+0200] {dag.py:3324} INFO - Setting next_dagrun for example_weekday_branch_operator to 2023-06-10T00:00:00+00:00, run_after=2023-06-11T00:00:00+00:00
[2023-06-11T02:19:35.897+0200] {processor.py:178} INFO - Processing /home/choco/airflow_venv/lib/python3.10/site-packages/airflow/example_dags/example_branch_day_of_week_operator.py took 0.085 seconds
[2023-06-11T02:22:02.232+0200] {processor.py:156} INFO - Started process (PID=47893) to work on /home/choco/airflow_venv/lib/python3.10/site-packages/airflow/example_dags/example_branch_day_of_week_operator.py
[2023-06-11T02:22:02.242+0200] {processor.py:758} INFO - Processing file /home/choco/airflow_venv/lib/python3.10/site-packages/airflow/example_dags/example_branch_day_of_week_operator.py for tasks to queue
[2023-06-11T02:22:02.243+0200] {logging_mixin.py:117} INFO - [2023-06-11T02:22:02.243+0200] {dagbag.py:525} INFO - Filling up the DagBag from /home/choco/airflow_venv/lib/python3.10/site-packages/airflow/example_dags/example_branch_day_of_week_operator.py
[2023-06-11T02:22:02.253+0200] {processor.py:768} INFO - DAG(s) dict_keys(['example_weekday_branch_operator']) retrieved from /home/choco/airflow_venv/lib/python3.10/site-packages/airflow/example_dags/example_branch_day_of_week_operator.py
[2023-06-11T02:22:02.263+0200] {logging_mixin.py:117} INFO - [2023-06-11T02:22:02.263+0200] {dag.py:2573} INFO - Sync 1 DAGs
[2023-06-11T02:22:02.280+0200] {logging_mixin.py:117} INFO - [2023-06-11T02:22:02.279+0200] {dag.py:3324} INFO - Setting next_dagrun for example_weekday_branch_operator to 2023-06-10T00:00:00+00:00, run_after=2023-06-11T00:00:00+00:00
[2023-06-11T02:22:02.300+0200] {processor.py:178} INFO - Processing /home/choco/airflow_venv/lib/python3.10/site-packages/airflow/example_dags/example_branch_day_of_week_operator.py took 0.069 seconds
[2023-06-11T02:22:42.467+0200] {processor.py:156} INFO - Started process (PID=47935) to work on /home/choco/airflow_venv/lib/python3.10/site-packages/airflow/example_dags/example_branch_day_of_week_operator.py
[2023-06-11T02:22:42.478+0200] {processor.py:758} INFO - Processing file /home/choco/airflow_venv/lib/python3.10/site-packages/airflow/example_dags/example_branch_day_of_week_operator.py for tasks to queue
[2023-06-11T02:22:42.478+0200] {logging_mixin.py:117} INFO - [2023-06-11T02:22:42.478+0200] {dagbag.py:525} INFO - Filling up the DagBag from /home/choco/airflow_venv/lib/python3.10/site-packages/airflow/example_dags/example_branch_day_of_week_operator.py
[2023-06-11T02:22:42.489+0200] {processor.py:768} INFO - DAG(s) dict_keys(['example_weekday_branch_operator']) retrieved from /home/choco/airflow_venv/lib/python3.10/site-packages/airflow/example_dags/example_branch_day_of_week_operator.py
[2023-06-11T02:22:42.510+0200] {logging_mixin.py:117} INFO - [2023-06-11T02:22:42.510+0200] {dag.py:2573} INFO - Sync 1 DAGs
[2023-06-11T02:22:42.525+0200] {logging_mixin.py:117} INFO - [2023-06-11T02:22:42.525+0200] {dag.py:3324} INFO - Setting next_dagrun for example_weekday_branch_operator to 2023-06-10T00:00:00+00:00, run_after=2023-06-11T00:00:00+00:00
[2023-06-11T02:22:42.549+0200] {processor.py:178} INFO - Processing /home/choco/airflow_venv/lib/python3.10/site-packages/airflow/example_dags/example_branch_day_of_week_operator.py took 0.084 seconds
[2023-06-11T02:23:27.188+0200] {processor.py:156} INFO - Started process (PID=47979) to work on /home/choco/airflow_venv/lib/python3.10/site-packages/airflow/example_dags/example_branch_day_of_week_operator.py
[2023-06-11T02:23:27.190+0200] {processor.py:758} INFO - Processing file /home/choco/airflow_venv/lib/python3.10/site-packages/airflow/example_dags/example_branch_day_of_week_operator.py for tasks to queue
[2023-06-11T02:23:27.190+0200] {logging_mixin.py:117} INFO - [2023-06-11T02:23:27.190+0200] {dagbag.py:525} INFO - Filling up the DagBag from /home/choco/airflow_venv/lib/python3.10/site-packages/airflow/example_dags/example_branch_day_of_week_operator.py
[2023-06-11T02:23:27.201+0200] {processor.py:768} INFO - DAG(s) dict_keys(['example_weekday_branch_operator']) retrieved from /home/choco/airflow_venv/lib/python3.10/site-packages/airflow/example_dags/example_branch_day_of_week_operator.py
[2023-06-11T02:23:27.220+0200] {logging_mixin.py:117} INFO - [2023-06-11T02:23:27.219+0200] {dag.py:2573} INFO - Sync 1 DAGs
[2023-06-11T02:23:27.234+0200] {logging_mixin.py:117} INFO - [2023-06-11T02:23:27.234+0200] {dag.py:3324} INFO - Setting next_dagrun for example_weekday_branch_operator to 2023-06-10T00:00:00+00:00, run_after=2023-06-11T00:00:00+00:00
[2023-06-11T02:23:27.251+0200] {processor.py:178} INFO - Processing /home/choco/airflow_venv/lib/python3.10/site-packages/airflow/example_dags/example_branch_day_of_week_operator.py took 0.065 seconds
[2023-06-11T02:24:04.850+0200] {processor.py:156} INFO - Started process (PID=48017) to work on /home/choco/airflow_venv/lib/python3.10/site-packages/airflow/example_dags/example_branch_day_of_week_operator.py
[2023-06-11T02:24:04.863+0200] {processor.py:758} INFO - Processing file /home/choco/airflow_venv/lib/python3.10/site-packages/airflow/example_dags/example_branch_day_of_week_operator.py for tasks to queue
[2023-06-11T02:24:04.863+0200] {logging_mixin.py:117} INFO - [2023-06-11T02:24:04.863+0200] {dagbag.py:525} INFO - Filling up the DagBag from /home/choco/airflow_venv/lib/python3.10/site-packages/airflow/example_dags/example_branch_day_of_week_operator.py
[2023-06-11T02:24:04.873+0200] {processor.py:768} INFO - DAG(s) dict_keys(['example_weekday_branch_operator']) retrieved from /home/choco/airflow_venv/lib/python3.10/site-packages/airflow/example_dags/example_branch_day_of_week_operator.py
[2023-06-11T02:24:04.894+0200] {logging_mixin.py:117} INFO - [2023-06-11T02:24:04.893+0200] {dag.py:2573} INFO - Sync 1 DAGs
[2023-06-11T02:24:04.908+0200] {logging_mixin.py:117} INFO - [2023-06-11T02:24:04.908+0200] {dag.py:3324} INFO - Setting next_dagrun for example_weekday_branch_operator to 2023-06-10T00:00:00+00:00, run_after=2023-06-11T00:00:00+00:00
[2023-06-11T02:24:04.929+0200] {processor.py:178} INFO - Processing /home/choco/airflow_venv/lib/python3.10/site-packages/airflow/example_dags/example_branch_day_of_week_operator.py took 0.081 seconds
[2023-06-11T02:24:43.128+0200] {processor.py:156} INFO - Started process (PID=48054) to work on /home/choco/airflow_venv/lib/python3.10/site-packages/airflow/example_dags/example_branch_day_of_week_operator.py
[2023-06-11T02:24:43.138+0200] {processor.py:758} INFO - Processing file /home/choco/airflow_venv/lib/python3.10/site-packages/airflow/example_dags/example_branch_day_of_week_operator.py for tasks to queue
[2023-06-11T02:24:43.139+0200] {logging_mixin.py:117} INFO - [2023-06-11T02:24:43.139+0200] {dagbag.py:525} INFO - Filling up the DagBag from /home/choco/airflow_venv/lib/python3.10/site-packages/airflow/example_dags/example_branch_day_of_week_operator.py
[2023-06-11T02:24:43.150+0200] {processor.py:768} INFO - DAG(s) dict_keys(['example_weekday_branch_operator']) retrieved from /home/choco/airflow_venv/lib/python3.10/site-packages/airflow/example_dags/example_branch_day_of_week_operator.py
[2023-06-11T02:24:43.171+0200] {logging_mixin.py:117} INFO - [2023-06-11T02:24:43.171+0200] {dag.py:2573} INFO - Sync 1 DAGs
[2023-06-11T02:24:43.186+0200] {logging_mixin.py:117} INFO - [2023-06-11T02:24:43.186+0200] {dag.py:3324} INFO - Setting next_dagrun for example_weekday_branch_operator to 2023-06-10T00:00:00+00:00, run_after=2023-06-11T00:00:00+00:00
[2023-06-11T02:24:43.205+0200] {processor.py:178} INFO - Processing /home/choco/airflow_venv/lib/python3.10/site-packages/airflow/example_dags/example_branch_day_of_week_operator.py took 0.079 seconds
