[2023-06-11T02:17:31.841+0200] {processor.py:156} INFO - Started process (PID=47326) to work on /home/choco/airflow_venv/lib/python3.10/site-packages/airflow/example_dags/example_local_kubernetes_executor.py
[2023-06-11T02:17:31.842+0200] {processor.py:758} INFO - Processing file /home/choco/airflow_venv/lib/python3.10/site-packages/airflow/example_dags/example_local_kubernetes_executor.py for tasks to queue
[2023-06-11T02:17:31.842+0200] {logging_mixin.py:117} INFO - [2023-06-11T02:17:31.842+0200] {dagbag.py:525} INFO - Filling up the DagBag from /home/choco/airflow_venv/lib/python3.10/site-packages/airflow/example_dags/example_local_kubernetes_executor.py
[2023-06-11T02:17:31.857+0200] {processor.py:768} INFO - DAG(s) dict_keys(['example_local_kubernetes_executor']) retrieved from /home/choco/airflow_venv/lib/python3.10/site-packages/airflow/example_dags/example_local_kubernetes_executor.py
[2023-06-11T02:17:31.866+0200] {logging_mixin.py:117} INFO - [2023-06-11T02:17:31.865+0200] {dag.py:2573} INFO - Sync 1 DAGs
[2023-06-11T02:17:31.880+0200] {logging_mixin.py:117} INFO - [2023-06-11T02:17:31.880+0200] {dag.py:3324} INFO - Setting next_dagrun for example_local_kubernetes_executor to None, run_after=None
[2023-06-11T02:17:31.900+0200] {processor.py:178} INFO - Processing /home/choco/airflow_venv/lib/python3.10/site-packages/airflow/example_dags/example_local_kubernetes_executor.py took 0.061 seconds
[2023-06-11T02:18:10.163+0200] {processor.py:156} INFO - Started process (PID=47571) to work on /home/choco/airflow_venv/lib/python3.10/site-packages/airflow/example_dags/example_local_kubernetes_executor.py
[2023-06-11T02:18:10.166+0200] {processor.py:758} INFO - Processing file /home/choco/airflow_venv/lib/python3.10/site-packages/airflow/example_dags/example_local_kubernetes_executor.py for tasks to queue
[2023-06-11T02:18:10.166+0200] {logging_mixin.py:117} INFO - [2023-06-11T02:18:10.166+0200] {dagbag.py:525} INFO - Filling up the DagBag from /home/choco/airflow_venv/lib/python3.10/site-packages/airflow/example_dags/example_local_kubernetes_executor.py
[2023-06-11T02:18:10.182+0200] {processor.py:768} INFO - DAG(s) dict_keys(['example_local_kubernetes_executor']) retrieved from /home/choco/airflow_venv/lib/python3.10/site-packages/airflow/example_dags/example_local_kubernetes_executor.py
[2023-06-11T02:18:10.200+0200] {logging_mixin.py:117} INFO - [2023-06-11T02:18:10.200+0200] {dag.py:2573} INFO - Sync 1 DAGs
[2023-06-11T02:18:10.213+0200] {logging_mixin.py:117} INFO - [2023-06-11T02:18:10.213+0200] {dag.py:3324} INFO - Setting next_dagrun for example_local_kubernetes_executor to None, run_after=None
[2023-06-11T02:18:10.231+0200] {processor.py:178} INFO - Processing /home/choco/airflow_venv/lib/python3.10/site-packages/airflow/example_dags/example_local_kubernetes_executor.py took 0.071 seconds
[2023-06-11T02:18:58.647+0200] {processor.py:156} INFO - Started process (PID=47712) to work on /home/choco/airflow_venv/lib/python3.10/site-packages/airflow/example_dags/example_local_kubernetes_executor.py
[2023-06-11T02:18:58.649+0200] {processor.py:758} INFO - Processing file /home/choco/airflow_venv/lib/python3.10/site-packages/airflow/example_dags/example_local_kubernetes_executor.py for tasks to queue
[2023-06-11T02:18:58.649+0200] {logging_mixin.py:117} INFO - [2023-06-11T02:18:58.649+0200] {dagbag.py:525} INFO - Filling up the DagBag from /home/choco/airflow_venv/lib/python3.10/site-packages/airflow/example_dags/example_local_kubernetes_executor.py
[2023-06-11T02:18:58.665+0200] {processor.py:768} INFO - DAG(s) dict_keys(['example_local_kubernetes_executor']) retrieved from /home/choco/airflow_venv/lib/python3.10/site-packages/airflow/example_dags/example_local_kubernetes_executor.py
[2023-06-11T02:18:58.675+0200] {logging_mixin.py:117} INFO - [2023-06-11T02:18:58.675+0200] {dag.py:2573} INFO - Sync 1 DAGs
[2023-06-11T02:18:58.692+0200] {logging_mixin.py:117} INFO - [2023-06-11T02:18:58.692+0200] {dag.py:3324} INFO - Setting next_dagrun for example_local_kubernetes_executor to None, run_after=None
[2023-06-11T02:18:58.713+0200] {processor.py:178} INFO - Processing /home/choco/airflow_venv/lib/python3.10/site-packages/airflow/example_dags/example_local_kubernetes_executor.py took 0.067 seconds
[2023-06-11T02:19:40.970+0200] {processor.py:156} INFO - Started process (PID=47754) to work on /home/choco/airflow_venv/lib/python3.10/site-packages/airflow/example_dags/example_local_kubernetes_executor.py
[2023-06-11T02:19:40.971+0200] {processor.py:758} INFO - Processing file /home/choco/airflow_venv/lib/python3.10/site-packages/airflow/example_dags/example_local_kubernetes_executor.py for tasks to queue
[2023-06-11T02:19:40.972+0200] {logging_mixin.py:117} INFO - [2023-06-11T02:19:40.971+0200] {dagbag.py:525} INFO - Filling up the DagBag from /home/choco/airflow_venv/lib/python3.10/site-packages/airflow/example_dags/example_local_kubernetes_executor.py
[2023-06-11T02:19:40.989+0200] {processor.py:768} INFO - DAG(s) dict_keys(['example_local_kubernetes_executor']) retrieved from /home/choco/airflow_venv/lib/python3.10/site-packages/airflow/example_dags/example_local_kubernetes_executor.py
[2023-06-11T02:19:41.009+0200] {logging_mixin.py:117} INFO - [2023-06-11T02:19:41.009+0200] {dag.py:2573} INFO - Sync 1 DAGs
[2023-06-11T02:19:41.028+0200] {logging_mixin.py:117} INFO - [2023-06-11T02:19:41.028+0200] {dag.py:3324} INFO - Setting next_dagrun for example_local_kubernetes_executor to None, run_after=None
[2023-06-11T02:19:41.046+0200] {processor.py:178} INFO - Processing /home/choco/airflow_venv/lib/python3.10/site-packages/airflow/example_dags/example_local_kubernetes_executor.py took 0.078 seconds
[2023-06-11T02:22:02.815+0200] {processor.py:156} INFO - Started process (PID=47895) to work on /home/choco/airflow_venv/lib/python3.10/site-packages/airflow/example_dags/example_local_kubernetes_executor.py
[2023-06-11T02:22:02.817+0200] {processor.py:758} INFO - Processing file /home/choco/airflow_venv/lib/python3.10/site-packages/airflow/example_dags/example_local_kubernetes_executor.py for tasks to queue
[2023-06-11T02:22:02.817+0200] {logging_mixin.py:117} INFO - [2023-06-11T02:22:02.817+0200] {dagbag.py:525} INFO - Filling up the DagBag from /home/choco/airflow_venv/lib/python3.10/site-packages/airflow/example_dags/example_local_kubernetes_executor.py
[2023-06-11T02:22:02.833+0200] {processor.py:768} INFO - DAG(s) dict_keys(['example_local_kubernetes_executor']) retrieved from /home/choco/airflow_venv/lib/python3.10/site-packages/airflow/example_dags/example_local_kubernetes_executor.py
[2023-06-11T02:22:02.841+0200] {logging_mixin.py:117} INFO - [2023-06-11T02:22:02.841+0200] {dag.py:2573} INFO - Sync 1 DAGs
[2023-06-11T02:22:02.856+0200] {logging_mixin.py:117} INFO - [2023-06-11T02:22:02.856+0200] {dag.py:3324} INFO - Setting next_dagrun for example_local_kubernetes_executor to None, run_after=None
[2023-06-11T02:22:02.874+0200] {processor.py:178} INFO - Processing /home/choco/airflow_venv/lib/python3.10/site-packages/airflow/example_dags/example_local_kubernetes_executor.py took 0.061 seconds
[2023-06-11T02:22:44.090+0200] {processor.py:156} INFO - Started process (PID=47937) to work on /home/choco/airflow_venv/lib/python3.10/site-packages/airflow/example_dags/example_local_kubernetes_executor.py
[2023-06-11T02:22:44.101+0200] {processor.py:758} INFO - Processing file /home/choco/airflow_venv/lib/python3.10/site-packages/airflow/example_dags/example_local_kubernetes_executor.py for tasks to queue
[2023-06-11T02:22:44.102+0200] {logging_mixin.py:117} INFO - [2023-06-11T02:22:44.102+0200] {dagbag.py:525} INFO - Filling up the DagBag from /home/choco/airflow_venv/lib/python3.10/site-packages/airflow/example_dags/example_local_kubernetes_executor.py
[2023-06-11T02:22:44.119+0200] {processor.py:768} INFO - DAG(s) dict_keys(['example_local_kubernetes_executor']) retrieved from /home/choco/airflow_venv/lib/python3.10/site-packages/airflow/example_dags/example_local_kubernetes_executor.py
[2023-06-11T02:22:44.138+0200] {logging_mixin.py:117} INFO - [2023-06-11T02:22:44.138+0200] {dag.py:2573} INFO - Sync 1 DAGs
[2023-06-11T02:22:44.153+0200] {logging_mixin.py:117} INFO - [2023-06-11T02:22:44.153+0200] {dag.py:3324} INFO - Setting next_dagrun for example_local_kubernetes_executor to None, run_after=None
[2023-06-11T02:22:44.171+0200] {processor.py:178} INFO - Processing /home/choco/airflow_venv/lib/python3.10/site-packages/airflow/example_dags/example_local_kubernetes_executor.py took 0.083 seconds
[2023-06-11T02:23:29.041+0200] {processor.py:156} INFO - Started process (PID=47981) to work on /home/choco/airflow_venv/lib/python3.10/site-packages/airflow/example_dags/example_local_kubernetes_executor.py
[2023-06-11T02:23:29.053+0200] {processor.py:758} INFO - Processing file /home/choco/airflow_venv/lib/python3.10/site-packages/airflow/example_dags/example_local_kubernetes_executor.py for tasks to queue
[2023-06-11T02:23:29.054+0200] {logging_mixin.py:117} INFO - [2023-06-11T02:23:29.054+0200] {dagbag.py:525} INFO - Filling up the DagBag from /home/choco/airflow_venv/lib/python3.10/site-packages/airflow/example_dags/example_local_kubernetes_executor.py
[2023-06-11T02:23:29.068+0200] {processor.py:768} INFO - DAG(s) dict_keys(['example_local_kubernetes_executor']) retrieved from /home/choco/airflow_venv/lib/python3.10/site-packages/airflow/example_dags/example_local_kubernetes_executor.py
[2023-06-11T02:23:29.087+0200] {logging_mixin.py:117} INFO - [2023-06-11T02:23:29.087+0200] {dag.py:2573} INFO - Sync 1 DAGs
[2023-06-11T02:23:29.100+0200] {logging_mixin.py:117} INFO - [2023-06-11T02:23:29.100+0200] {dag.py:3324} INFO - Setting next_dagrun for example_local_kubernetes_executor to None, run_after=None
[2023-06-11T02:23:29.118+0200] {processor.py:178} INFO - Processing /home/choco/airflow_venv/lib/python3.10/site-packages/airflow/example_dags/example_local_kubernetes_executor.py took 0.079 seconds
[2023-06-11T02:24:07.133+0200] {processor.py:156} INFO - Started process (PID=48019) to work on /home/choco/airflow_venv/lib/python3.10/site-packages/airflow/example_dags/example_local_kubernetes_executor.py
[2023-06-11T02:24:07.144+0200] {processor.py:758} INFO - Processing file /home/choco/airflow_venv/lib/python3.10/site-packages/airflow/example_dags/example_local_kubernetes_executor.py for tasks to queue
[2023-06-11T02:24:07.145+0200] {logging_mixin.py:117} INFO - [2023-06-11T02:24:07.145+0200] {dagbag.py:525} INFO - Filling up the DagBag from /home/choco/airflow_venv/lib/python3.10/site-packages/airflow/example_dags/example_local_kubernetes_executor.py
[2023-06-11T02:24:07.162+0200] {processor.py:768} INFO - DAG(s) dict_keys(['example_local_kubernetes_executor']) retrieved from /home/choco/airflow_venv/lib/python3.10/site-packages/airflow/example_dags/example_local_kubernetes_executor.py
[2023-06-11T02:24:07.180+0200] {logging_mixin.py:117} INFO - [2023-06-11T02:24:07.180+0200] {dag.py:2573} INFO - Sync 1 DAGs
[2023-06-11T02:24:07.193+0200] {logging_mixin.py:117} INFO - [2023-06-11T02:24:07.193+0200] {dag.py:3324} INFO - Setting next_dagrun for example_local_kubernetes_executor to None, run_after=None
[2023-06-11T02:24:07.211+0200] {processor.py:178} INFO - Processing /home/choco/airflow_venv/lib/python3.10/site-packages/airflow/example_dags/example_local_kubernetes_executor.py took 0.080 seconds
[2023-06-11T02:24:44.859+0200] {processor.py:156} INFO - Started process (PID=48056) to work on /home/choco/airflow_venv/lib/python3.10/site-packages/airflow/example_dags/example_local_kubernetes_executor.py
[2023-06-11T02:24:44.861+0200] {processor.py:758} INFO - Processing file /home/choco/airflow_venv/lib/python3.10/site-packages/airflow/example_dags/example_local_kubernetes_executor.py for tasks to queue
[2023-06-11T02:24:44.862+0200] {logging_mixin.py:117} INFO - [2023-06-11T02:24:44.861+0200] {dagbag.py:525} INFO - Filling up the DagBag from /home/choco/airflow_venv/lib/python3.10/site-packages/airflow/example_dags/example_local_kubernetes_executor.py
[2023-06-11T02:24:44.879+0200] {processor.py:768} INFO - DAG(s) dict_keys(['example_local_kubernetes_executor']) retrieved from /home/choco/airflow_venv/lib/python3.10/site-packages/airflow/example_dags/example_local_kubernetes_executor.py
[2023-06-11T02:24:44.898+0200] {logging_mixin.py:117} INFO - [2023-06-11T02:24:44.898+0200] {dag.py:2573} INFO - Sync 1 DAGs
[2023-06-11T02:24:44.912+0200] {logging_mixin.py:117} INFO - [2023-06-11T02:24:44.912+0200] {dag.py:3324} INFO - Setting next_dagrun for example_local_kubernetes_executor to None, run_after=None
[2023-06-11T02:24:44.932+0200] {processor.py:178} INFO - Processing /home/choco/airflow_venv/lib/python3.10/site-packages/airflow/example_dags/example_local_kubernetes_executor.py took 0.075 seconds
