[2023-06-11T02:17:36.989+0200] {processor.py:156} INFO - Started process (PID=47538) to work on /home/choco/airflow_venv/lib/python3.10/site-packages/airflow/example_dags/example_short_circuit_operator.py
[2023-06-11T02:17:36.990+0200] {processor.py:758} INFO - Processing file /home/choco/airflow_venv/lib/python3.10/site-packages/airflow/example_dags/example_short_circuit_operator.py for tasks to queue
[2023-06-11T02:17:36.990+0200] {logging_mixin.py:117} INFO - [2023-06-11T02:17:36.990+0200] {dagbag.py:525} INFO - Filling up the DagBag from /home/choco/airflow_venv/lib/python3.10/site-packages/airflow/example_dags/example_short_circuit_operator.py
[2023-06-11T02:17:37.002+0200] {processor.py:768} INFO - DAG(s) dict_keys(['example_short_circuit_operator']) retrieved from /home/choco/airflow_venv/lib/python3.10/site-packages/airflow/example_dags/example_short_circuit_operator.py
[2023-06-11T02:17:37.012+0200] {logging_mixin.py:117} INFO - [2023-06-11T02:17:37.012+0200] {dag.py:2573} INFO - Sync 1 DAGs
[2023-06-11T02:17:37.026+0200] {logging_mixin.py:117} INFO - [2023-06-11T02:17:37.026+0200] {dag.py:3324} INFO - Setting next_dagrun for example_short_circuit_operator to 2023-06-10T00:17:37.026143+00:00, run_after=2023-06-11T00:17:37.026143+00:00
[2023-06-11T02:17:37.044+0200] {processor.py:178} INFO - Processing /home/choco/airflow_venv/lib/python3.10/site-packages/airflow/example_dags/example_short_circuit_operator.py took 0.056 seconds
[2023-06-11T02:18:17.718+0200] {processor.py:156} INFO - Started process (PID=47579) to work on /home/choco/airflow_venv/lib/python3.10/site-packages/airflow/example_dags/example_short_circuit_operator.py
[2023-06-11T02:18:17.720+0200] {processor.py:758} INFO - Processing file /home/choco/airflow_venv/lib/python3.10/site-packages/airflow/example_dags/example_short_circuit_operator.py for tasks to queue
[2023-06-11T02:18:17.720+0200] {logging_mixin.py:117} INFO - [2023-06-11T02:18:17.720+0200] {dagbag.py:525} INFO - Filling up the DagBag from /home/choco/airflow_venv/lib/python3.10/site-packages/airflow/example_dags/example_short_circuit_operator.py
[2023-06-11T02:18:17.731+0200] {processor.py:768} INFO - DAG(s) dict_keys(['example_short_circuit_operator']) retrieved from /home/choco/airflow_venv/lib/python3.10/site-packages/airflow/example_dags/example_short_circuit_operator.py
[2023-06-11T02:18:17.752+0200] {logging_mixin.py:117} INFO - [2023-06-11T02:18:17.752+0200] {dag.py:2573} INFO - Sync 1 DAGs
[2023-06-11T02:18:17.768+0200] {logging_mixin.py:117} INFO - [2023-06-11T02:18:17.767+0200] {dag.py:3324} INFO - Setting next_dagrun for example_short_circuit_operator to 2023-06-10T00:18:17.767661+00:00, run_after=2023-06-11T00:18:17.767661+00:00
[2023-06-11T02:18:17.789+0200] {processor.py:178} INFO - Processing /home/choco/airflow_venv/lib/python3.10/site-packages/airflow/example_dags/example_short_circuit_operator.py took 0.073 seconds
[2023-06-11T02:19:04.965+0200] {processor.py:156} INFO - Started process (PID=47718) to work on /home/choco/airflow_venv/lib/python3.10/site-packages/airflow/example_dags/example_short_circuit_operator.py
[2023-06-11T02:19:04.976+0200] {processor.py:758} INFO - Processing file /home/choco/airflow_venv/lib/python3.10/site-packages/airflow/example_dags/example_short_circuit_operator.py for tasks to queue
[2023-06-11T02:19:04.977+0200] {logging_mixin.py:117} INFO - [2023-06-11T02:19:04.977+0200] {dagbag.py:525} INFO - Filling up the DagBag from /home/choco/airflow_venv/lib/python3.10/site-packages/airflow/example_dags/example_short_circuit_operator.py
[2023-06-11T02:19:04.988+0200] {processor.py:768} INFO - DAG(s) dict_keys(['example_short_circuit_operator']) retrieved from /home/choco/airflow_venv/lib/python3.10/site-packages/airflow/example_dags/example_short_circuit_operator.py
[2023-06-11T02:19:04.998+0200] {logging_mixin.py:117} INFO - [2023-06-11T02:19:04.998+0200] {dag.py:2573} INFO - Sync 1 DAGs
[2023-06-11T02:19:05.015+0200] {logging_mixin.py:117} INFO - [2023-06-11T02:19:05.015+0200] {dag.py:3324} INFO - Setting next_dagrun for example_short_circuit_operator to 2023-06-10T00:19:05.015052+00:00, run_after=2023-06-11T00:19:05.015052+00:00
[2023-06-11T02:19:05.040+0200] {processor.py:178} INFO - Processing /home/choco/airflow_venv/lib/python3.10/site-packages/airflow/example_dags/example_short_circuit_operator.py took 0.076 seconds
[2023-06-11T02:19:46.123+0200] {processor.py:156} INFO - Started process (PID=47760) to work on /home/choco/airflow_venv/lib/python3.10/site-packages/airflow/example_dags/example_short_circuit_operator.py
[2023-06-11T02:19:46.124+0200] {processor.py:758} INFO - Processing file /home/choco/airflow_venv/lib/python3.10/site-packages/airflow/example_dags/example_short_circuit_operator.py for tasks to queue
[2023-06-11T02:19:46.125+0200] {logging_mixin.py:117} INFO - [2023-06-11T02:19:46.125+0200] {dagbag.py:525} INFO - Filling up the DagBag from /home/choco/airflow_venv/lib/python3.10/site-packages/airflow/example_dags/example_short_circuit_operator.py
[2023-06-11T02:19:46.135+0200] {processor.py:768} INFO - DAG(s) dict_keys(['example_short_circuit_operator']) retrieved from /home/choco/airflow_venv/lib/python3.10/site-packages/airflow/example_dags/example_short_circuit_operator.py
[2023-06-11T02:19:46.154+0200] {logging_mixin.py:117} INFO - [2023-06-11T02:19:46.154+0200] {dag.py:2573} INFO - Sync 1 DAGs
[2023-06-11T02:19:46.168+0200] {logging_mixin.py:117} INFO - [2023-06-11T02:19:46.168+0200] {dag.py:3324} INFO - Setting next_dagrun for example_short_circuit_operator to 2023-06-10T00:19:46.168576+00:00, run_after=2023-06-11T00:19:46.168576+00:00
[2023-06-11T02:19:46.187+0200] {processor.py:178} INFO - Processing /home/choco/airflow_venv/lib/python3.10/site-packages/airflow/example_dags/example_short_circuit_operator.py took 0.066 seconds
[2023-06-11T02:22:07.961+0200] {processor.py:156} INFO - Started process (PID=47901) to work on /home/choco/airflow_venv/lib/python3.10/site-packages/airflow/example_dags/example_short_circuit_operator.py
[2023-06-11T02:22:07.963+0200] {processor.py:758} INFO - Processing file /home/choco/airflow_venv/lib/python3.10/site-packages/airflow/example_dags/example_short_circuit_operator.py for tasks to queue
[2023-06-11T02:22:07.964+0200] {logging_mixin.py:117} INFO - [2023-06-11T02:22:07.963+0200] {dagbag.py:525} INFO - Filling up the DagBag from /home/choco/airflow_venv/lib/python3.10/site-packages/airflow/example_dags/example_short_circuit_operator.py
[2023-06-11T02:22:07.975+0200] {processor.py:768} INFO - DAG(s) dict_keys(['example_short_circuit_operator']) retrieved from /home/choco/airflow_venv/lib/python3.10/site-packages/airflow/example_dags/example_short_circuit_operator.py
[2023-06-11T02:22:07.984+0200] {logging_mixin.py:117} INFO - [2023-06-11T02:22:07.984+0200] {dag.py:2573} INFO - Sync 1 DAGs
[2023-06-11T02:22:07.999+0200] {logging_mixin.py:117} INFO - [2023-06-11T02:22:07.999+0200] {dag.py:3324} INFO - Setting next_dagrun for example_short_circuit_operator to 2023-06-10T00:22:07.999086+00:00, run_after=2023-06-11T00:22:07.999086+00:00
[2023-06-11T02:22:08.019+0200] {processor.py:178} INFO - Processing /home/choco/airflow_venv/lib/python3.10/site-packages/airflow/example_dags/example_short_circuit_operator.py took 0.059 seconds
[2023-06-11T02:22:53.251+0200] {processor.py:156} INFO - Started process (PID=47945) to work on /home/choco/airflow_venv/lib/python3.10/site-packages/airflow/example_dags/example_short_circuit_operator.py
[2023-06-11T02:22:53.253+0200] {processor.py:758} INFO - Processing file /home/choco/airflow_venv/lib/python3.10/site-packages/airflow/example_dags/example_short_circuit_operator.py for tasks to queue
[2023-06-11T02:22:53.253+0200] {logging_mixin.py:117} INFO - [2023-06-11T02:22:53.253+0200] {dagbag.py:525} INFO - Filling up the DagBag from /home/choco/airflow_venv/lib/python3.10/site-packages/airflow/example_dags/example_short_circuit_operator.py
[2023-06-11T02:22:53.264+0200] {processor.py:768} INFO - DAG(s) dict_keys(['example_short_circuit_operator']) retrieved from /home/choco/airflow_venv/lib/python3.10/site-packages/airflow/example_dags/example_short_circuit_operator.py
[2023-06-11T02:22:53.283+0200] {logging_mixin.py:117} INFO - [2023-06-11T02:22:53.283+0200] {dag.py:2573} INFO - Sync 1 DAGs
[2023-06-11T02:22:53.298+0200] {logging_mixin.py:117} INFO - [2023-06-11T02:22:53.298+0200] {dag.py:3324} INFO - Setting next_dagrun for example_short_circuit_operator to 2023-06-10T00:22:53.298090+00:00, run_after=2023-06-11T00:22:53.298090+00:00
[2023-06-11T02:22:53.316+0200] {processor.py:178} INFO - Processing /home/choco/airflow_venv/lib/python3.10/site-packages/airflow/example_dags/example_short_circuit_operator.py took 0.066 seconds
[2023-06-11T02:23:38.492+0200] {processor.py:156} INFO - Started process (PID=47989) to work on /home/choco/airflow_venv/lib/python3.10/site-packages/airflow/example_dags/example_short_circuit_operator.py
[2023-06-11T02:23:38.504+0200] {processor.py:758} INFO - Processing file /home/choco/airflow_venv/lib/python3.10/site-packages/airflow/example_dags/example_short_circuit_operator.py for tasks to queue
[2023-06-11T02:23:38.505+0200] {logging_mixin.py:117} INFO - [2023-06-11T02:23:38.505+0200] {dagbag.py:525} INFO - Filling up the DagBag from /home/choco/airflow_venv/lib/python3.10/site-packages/airflow/example_dags/example_short_circuit_operator.py
[2023-06-11T02:23:38.516+0200] {processor.py:768} INFO - DAG(s) dict_keys(['example_short_circuit_operator']) retrieved from /home/choco/airflow_venv/lib/python3.10/site-packages/airflow/example_dags/example_short_circuit_operator.py
[2023-06-11T02:23:38.539+0200] {logging_mixin.py:117} INFO - [2023-06-11T02:23:38.539+0200] {dag.py:2573} INFO - Sync 1 DAGs
[2023-06-11T02:23:38.553+0200] {logging_mixin.py:117} INFO - [2023-06-11T02:23:38.553+0200] {dag.py:3324} INFO - Setting next_dagrun for example_short_circuit_operator to 2023-06-10T00:23:38.553558+00:00, run_after=2023-06-11T00:23:38.553558+00:00
[2023-06-11T02:23:38.571+0200] {processor.py:178} INFO - Processing /home/choco/airflow_venv/lib/python3.10/site-packages/airflow/example_dags/example_short_circuit_operator.py took 0.081 seconds
[2023-06-11T02:24:19.770+0200] {processor.py:156} INFO - Started process (PID=48031) to work on /home/choco/airflow_venv/lib/python3.10/site-packages/airflow/example_dags/example_short_circuit_operator.py
[2023-06-11T02:24:19.782+0200] {processor.py:758} INFO - Processing file /home/choco/airflow_venv/lib/python3.10/site-packages/airflow/example_dags/example_short_circuit_operator.py for tasks to queue
[2023-06-11T02:24:19.782+0200] {logging_mixin.py:117} INFO - [2023-06-11T02:24:19.782+0200] {dagbag.py:525} INFO - Filling up the DagBag from /home/choco/airflow_venv/lib/python3.10/site-packages/airflow/example_dags/example_short_circuit_operator.py
[2023-06-11T02:24:19.793+0200] {processor.py:768} INFO - DAG(s) dict_keys(['example_short_circuit_operator']) retrieved from /home/choco/airflow_venv/lib/python3.10/site-packages/airflow/example_dags/example_short_circuit_operator.py
[2023-06-11T02:24:19.813+0200] {logging_mixin.py:117} INFO - [2023-06-11T02:24:19.813+0200] {dag.py:2573} INFO - Sync 1 DAGs
[2023-06-11T02:24:19.826+0200] {logging_mixin.py:117} INFO - [2023-06-11T02:24:19.826+0200] {dag.py:3324} INFO - Setting next_dagrun for example_short_circuit_operator to 2023-06-10T00:24:19.826531+00:00, run_after=2023-06-11T00:24:19.826531+00:00
[2023-06-11T02:24:19.847+0200] {processor.py:178} INFO - Processing /home/choco/airflow_venv/lib/python3.10/site-packages/airflow/example_dags/example_short_circuit_operator.py took 0.079 seconds
