[2023-06-11T02:17:57.078+0200] {processor.py:156} INFO - Started process (PID=47558) to work on /home/choco/airflow_venv/lib/python3.10/site-packages/airflow/example_dags/example_kubernetes_executor.py
[2023-06-11T02:17:57.079+0200] {processor.py:758} INFO - Processing file /home/choco/airflow_venv/lib/python3.10/site-packages/airflow/example_dags/example_kubernetes_executor.py for tasks to queue
[2023-06-11T02:17:57.079+0200] {logging_mixin.py:117} INFO - [2023-06-11T02:17:57.079+0200] {dagbag.py:525} INFO - Filling up the DagBag from /home/choco/airflow_venv/lib/python3.10/site-packages/airflow/example_dags/example_kubernetes_executor.py
[2023-06-11T02:17:57.098+0200] {processor.py:768} INFO - DAG(s) dict_keys(['example_kubernetes_executor']) retrieved from /home/choco/airflow_venv/lib/python3.10/site-packages/airflow/example_dags/example_kubernetes_executor.py
[2023-06-11T02:17:57.120+0200] {logging_mixin.py:117} INFO - [2023-06-11T02:17:57.120+0200] {dag.py:2573} INFO - Sync 1 DAGs
[2023-06-11T02:17:57.134+0200] {logging_mixin.py:117} INFO - [2023-06-11T02:17:57.134+0200] {dag.py:3324} INFO - Setting next_dagrun for example_kubernetes_executor to None, run_after=None
[2023-06-11T02:17:57.153+0200] {processor.py:178} INFO - Processing /home/choco/airflow_venv/lib/python3.10/site-packages/airflow/example_dags/example_kubernetes_executor.py took 0.077 seconds
[2023-06-11T02:19:24.444+0200] {processor.py:156} INFO - Started process (PID=47740) to work on /home/choco/airflow_venv/lib/python3.10/site-packages/airflow/example_dags/example_kubernetes_executor.py
[2023-06-11T02:19:24.455+0200] {processor.py:758} INFO - Processing file /home/choco/airflow_venv/lib/python3.10/site-packages/airflow/example_dags/example_kubernetes_executor.py for tasks to queue
[2023-06-11T02:19:24.456+0200] {logging_mixin.py:117} INFO - [2023-06-11T02:19:24.456+0200] {dagbag.py:525} INFO - Filling up the DagBag from /home/choco/airflow_venv/lib/python3.10/site-packages/airflow/example_dags/example_kubernetes_executor.py
[2023-06-11T02:19:24.475+0200] {processor.py:768} INFO - DAG(s) dict_keys(['example_kubernetes_executor']) retrieved from /home/choco/airflow_venv/lib/python3.10/site-packages/airflow/example_dags/example_kubernetes_executor.py
[2023-06-11T02:19:24.496+0200] {logging_mixin.py:117} INFO - [2023-06-11T02:19:24.496+0200] {dag.py:2573} INFO - Sync 1 DAGs
[2023-06-11T02:19:24.509+0200] {logging_mixin.py:117} INFO - [2023-06-11T02:19:24.509+0200] {dag.py:3324} INFO - Setting next_dagrun for example_kubernetes_executor to None, run_after=None
[2023-06-11T02:19:24.528+0200] {processor.py:178} INFO - Processing /home/choco/airflow_venv/lib/python3.10/site-packages/airflow/example_dags/example_kubernetes_executor.py took 0.085 seconds
[2023-06-11T02:22:28.242+0200] {processor.py:156} INFO - Started process (PID=47923) to work on /home/choco/airflow_venv/lib/python3.10/site-packages/airflow/example_dags/example_kubernetes_executor.py
[2023-06-11T02:22:28.253+0200] {processor.py:758} INFO - Processing file /home/choco/airflow_venv/lib/python3.10/site-packages/airflow/example_dags/example_kubernetes_executor.py for tasks to queue
[2023-06-11T02:22:28.254+0200] {logging_mixin.py:117} INFO - [2023-06-11T02:22:28.254+0200] {dagbag.py:525} INFO - Filling up the DagBag from /home/choco/airflow_venv/lib/python3.10/site-packages/airflow/example_dags/example_kubernetes_executor.py
[2023-06-11T02:22:28.272+0200] {processor.py:768} INFO - DAG(s) dict_keys(['example_kubernetes_executor']) retrieved from /home/choco/airflow_venv/lib/python3.10/site-packages/airflow/example_dags/example_kubernetes_executor.py
[2023-06-11T02:22:28.293+0200] {logging_mixin.py:117} INFO - [2023-06-11T02:22:28.293+0200] {dag.py:2573} INFO - Sync 1 DAGs
[2023-06-11T02:22:28.312+0200] {logging_mixin.py:117} INFO - [2023-06-11T02:22:28.312+0200] {dag.py:3324} INFO - Setting next_dagrun for example_kubernetes_executor to None, run_after=None
[2023-06-11T02:22:28.331+0200] {processor.py:178} INFO - Processing /home/choco/airflow_venv/lib/python3.10/site-packages/airflow/example_dags/example_kubernetes_executor.py took 0.090 seconds
[2023-06-11T02:23:20.093+0200] {processor.py:156} INFO - Started process (PID=47972) to work on /home/choco/airflow_venv/lib/python3.10/site-packages/airflow/example_dags/example_kubernetes_executor.py
[2023-06-11T02:23:20.113+0200] {processor.py:758} INFO - Processing file /home/choco/airflow_venv/lib/python3.10/site-packages/airflow/example_dags/example_kubernetes_executor.py for tasks to queue
[2023-06-11T02:23:20.113+0200] {logging_mixin.py:117} INFO - [2023-06-11T02:23:20.113+0200] {dagbag.py:525} INFO - Filling up the DagBag from /home/choco/airflow_venv/lib/python3.10/site-packages/airflow/example_dags/example_kubernetes_executor.py
[2023-06-11T02:23:20.136+0200] {processor.py:768} INFO - DAG(s) dict_keys(['example_kubernetes_executor']) retrieved from /home/choco/airflow_venv/lib/python3.10/site-packages/airflow/example_dags/example_kubernetes_executor.py
[2023-06-11T02:23:20.162+0200] {logging_mixin.py:117} INFO - [2023-06-11T02:23:20.162+0200] {dag.py:2573} INFO - Sync 1 DAGs
[2023-06-11T02:23:20.179+0200] {logging_mixin.py:117} INFO - [2023-06-11T02:23:20.179+0200] {dag.py:3324} INFO - Setting next_dagrun for example_kubernetes_executor to None, run_after=None
[2023-06-11T02:23:20.201+0200] {processor.py:178} INFO - Processing /home/choco/airflow_venv/lib/python3.10/site-packages/airflow/example_dags/example_kubernetes_executor.py took 0.111 seconds
[2023-06-11T02:24:09.987+0200] {processor.py:156} INFO - Started process (PID=48022) to work on /home/choco/airflow_venv/lib/python3.10/site-packages/airflow/example_dags/example_kubernetes_executor.py
[2023-06-11T02:24:09.989+0200] {processor.py:758} INFO - Processing file /home/choco/airflow_venv/lib/python3.10/site-packages/airflow/example_dags/example_kubernetes_executor.py for tasks to queue
[2023-06-11T02:24:09.989+0200] {logging_mixin.py:117} INFO - [2023-06-11T02:24:09.989+0200] {dagbag.py:525} INFO - Filling up the DagBag from /home/choco/airflow_venv/lib/python3.10/site-packages/airflow/example_dags/example_kubernetes_executor.py
[2023-06-11T02:24:10.009+0200] {processor.py:768} INFO - DAG(s) dict_keys(['example_kubernetes_executor']) retrieved from /home/choco/airflow_venv/lib/python3.10/site-packages/airflow/example_dags/example_kubernetes_executor.py
[2023-06-11T02:24:10.031+0200] {logging_mixin.py:117} INFO - [2023-06-11T02:24:10.031+0200] {dag.py:2573} INFO - Sync 1 DAGs
[2023-06-11T02:24:10.045+0200] {logging_mixin.py:117} INFO - [2023-06-11T02:24:10.045+0200] {dag.py:3324} INFO - Setting next_dagrun for example_kubernetes_executor to None, run_after=None
[2023-06-11T02:24:10.065+0200] {processor.py:178} INFO - Processing /home/choco/airflow_venv/lib/python3.10/site-packages/airflow/example_dags/example_kubernetes_executor.py took 0.080 seconds
