[2023-06-11T02:17:52.429+0200] {processor.py:156} INFO - Started process (PID=47554) to work on /home/choco/airflow_venv/lib/python3.10/site-packages/airflow/example_dags/example_branch_operator_decorator.py
[2023-06-11T02:17:52.430+0200] {processor.py:758} INFO - Processing file /home/choco/airflow_venv/lib/python3.10/site-packages/airflow/example_dags/example_branch_operator_decorator.py for tasks to queue
[2023-06-11T02:17:52.430+0200] {logging_mixin.py:117} INFO - [2023-06-11T02:17:52.430+0200] {dagbag.py:525} INFO - Filling up the DagBag from /home/choco/airflow_venv/lib/python3.10/site-packages/airflow/example_dags/example_branch_operator_decorator.py
[2023-06-11T02:17:52.448+0200] {processor.py:768} INFO - DAG(s) dict_keys(['example_branch_python_operator_decorator']) retrieved from /home/choco/airflow_venv/lib/python3.10/site-packages/airflow/example_dags/example_branch_operator_decorator.py
[2023-06-11T02:17:52.467+0200] {logging_mixin.py:117} INFO - [2023-06-11T02:17:52.467+0200] {dag.py:2573} INFO - Sync 1 DAGs
[2023-06-11T02:17:52.482+0200] {logging_mixin.py:117} INFO - [2023-06-11T02:17:52.482+0200] {dag.py:3324} INFO - Setting next_dagrun for example_branch_python_operator_decorator to 2023-06-10T00:00:00+00:00, run_after=2023-06-11T00:00:00+00:00
[2023-06-11T02:17:52.510+0200] {processor.py:178} INFO - Processing /home/choco/airflow_venv/lib/python3.10/site-packages/airflow/example_dags/example_branch_operator_decorator.py took 0.082 seconds
[2023-06-11T02:19:20.445+0200] {processor.py:156} INFO - Started process (PID=47736) to work on /home/choco/airflow_venv/lib/python3.10/site-packages/airflow/example_dags/example_branch_operator_decorator.py
[2023-06-11T02:19:20.456+0200] {processor.py:758} INFO - Processing file /home/choco/airflow_venv/lib/python3.10/site-packages/airflow/example_dags/example_branch_operator_decorator.py for tasks to queue
[2023-06-11T02:19:20.457+0200] {logging_mixin.py:117} INFO - [2023-06-11T02:19:20.456+0200] {dagbag.py:525} INFO - Filling up the DagBag from /home/choco/airflow_venv/lib/python3.10/site-packages/airflow/example_dags/example_branch_operator_decorator.py
[2023-06-11T02:19:20.473+0200] {processor.py:768} INFO - DAG(s) dict_keys(['example_branch_python_operator_decorator']) retrieved from /home/choco/airflow_venv/lib/python3.10/site-packages/airflow/example_dags/example_branch_operator_decorator.py
[2023-06-11T02:19:20.493+0200] {logging_mixin.py:117} INFO - [2023-06-11T02:19:20.493+0200] {dag.py:2573} INFO - Sync 1 DAGs
[2023-06-11T02:19:20.507+0200] {logging_mixin.py:117} INFO - [2023-06-11T02:19:20.507+0200] {dag.py:3324} INFO - Setting next_dagrun for example_branch_python_operator_decorator to 2023-06-10T00:00:00+00:00, run_after=2023-06-11T00:00:00+00:00
[2023-06-11T02:19:20.526+0200] {processor.py:178} INFO - Processing /home/choco/airflow_venv/lib/python3.10/site-packages/airflow/example_dags/example_branch_operator_decorator.py took 0.082 seconds
[2023-06-11T02:22:23.394+0200] {processor.py:156} INFO - Started process (PID=47919) to work on /home/choco/airflow_venv/lib/python3.10/site-packages/airflow/example_dags/example_branch_operator_decorator.py
[2023-06-11T02:22:23.406+0200] {processor.py:758} INFO - Processing file /home/choco/airflow_venv/lib/python3.10/site-packages/airflow/example_dags/example_branch_operator_decorator.py for tasks to queue
[2023-06-11T02:22:23.406+0200] {logging_mixin.py:117} INFO - [2023-06-11T02:22:23.406+0200] {dagbag.py:525} INFO - Filling up the DagBag from /home/choco/airflow_venv/lib/python3.10/site-packages/airflow/example_dags/example_branch_operator_decorator.py
[2023-06-11T02:22:23.429+0200] {processor.py:768} INFO - DAG(s) dict_keys(['example_branch_python_operator_decorator']) retrieved from /home/choco/airflow_venv/lib/python3.10/site-packages/airflow/example_dags/example_branch_operator_decorator.py
[2023-06-11T02:22:23.454+0200] {logging_mixin.py:117} INFO - [2023-06-11T02:22:23.454+0200] {dag.py:2573} INFO - Sync 1 DAGs
[2023-06-11T02:22:23.471+0200] {logging_mixin.py:117} INFO - [2023-06-11T02:22:23.471+0200] {dag.py:3324} INFO - Setting next_dagrun for example_branch_python_operator_decorator to 2023-06-10T00:00:00+00:00, run_after=2023-06-11T00:00:00+00:00
[2023-06-11T02:22:23.497+0200] {processor.py:178} INFO - Processing /home/choco/airflow_venv/lib/python3.10/site-packages/airflow/example_dags/example_branch_operator_decorator.py took 0.104 seconds
[2023-06-11T02:23:15.919+0200] {processor.py:156} INFO - Started process (PID=47968) to work on /home/choco/airflow_venv/lib/python3.10/site-packages/airflow/example_dags/example_branch_operator_decorator.py
[2023-06-11T02:23:15.932+0200] {processor.py:758} INFO - Processing file /home/choco/airflow_venv/lib/python3.10/site-packages/airflow/example_dags/example_branch_operator_decorator.py for tasks to queue
[2023-06-11T02:23:15.932+0200] {logging_mixin.py:117} INFO - [2023-06-11T02:23:15.932+0200] {dagbag.py:525} INFO - Filling up the DagBag from /home/choco/airflow_venv/lib/python3.10/site-packages/airflow/example_dags/example_branch_operator_decorator.py
[2023-06-11T02:23:15.953+0200] {processor.py:768} INFO - DAG(s) dict_keys(['example_branch_python_operator_decorator']) retrieved from /home/choco/airflow_venv/lib/python3.10/site-packages/airflow/example_dags/example_branch_operator_decorator.py
[2023-06-11T02:23:15.974+0200] {logging_mixin.py:117} INFO - [2023-06-11T02:23:15.974+0200] {dag.py:2573} INFO - Sync 1 DAGs
[2023-06-11T02:23:15.992+0200] {logging_mixin.py:117} INFO - [2023-06-11T02:23:15.992+0200] {dag.py:3324} INFO - Setting next_dagrun for example_branch_python_operator_decorator to 2023-06-10T00:00:00+00:00, run_after=2023-06-11T00:00:00+00:00
[2023-06-11T02:23:16.016+0200] {processor.py:178} INFO - Processing /home/choco/airflow_venv/lib/python3.10/site-packages/airflow/example_dags/example_branch_operator_decorator.py took 0.099 seconds
[2023-06-11T02:23:57.797+0200] {processor.py:156} INFO - Started process (PID=48010) to work on /home/choco/airflow_venv/lib/python3.10/site-packages/airflow/example_dags/example_branch_operator_decorator.py
[2023-06-11T02:23:57.808+0200] {processor.py:758} INFO - Processing file /home/choco/airflow_venv/lib/python3.10/site-packages/airflow/example_dags/example_branch_operator_decorator.py for tasks to queue
[2023-06-11T02:23:57.809+0200] {logging_mixin.py:117} INFO - [2023-06-11T02:23:57.809+0200] {dagbag.py:525} INFO - Filling up the DagBag from /home/choco/airflow_venv/lib/python3.10/site-packages/airflow/example_dags/example_branch_operator_decorator.py
[2023-06-11T02:23:57.826+0200] {processor.py:768} INFO - DAG(s) dict_keys(['example_branch_python_operator_decorator']) retrieved from /home/choco/airflow_venv/lib/python3.10/site-packages/airflow/example_dags/example_branch_operator_decorator.py
[2023-06-11T02:23:57.845+0200] {logging_mixin.py:117} INFO - [2023-06-11T02:23:57.845+0200] {dag.py:2573} INFO - Sync 1 DAGs
[2023-06-11T02:23:57.859+0200] {logging_mixin.py:117} INFO - [2023-06-11T02:23:57.859+0200] {dag.py:3324} INFO - Setting next_dagrun for example_branch_python_operator_decorator to 2023-06-10T00:00:00+00:00, run_after=2023-06-11T00:00:00+00:00
[2023-06-11T02:23:57.876+0200] {processor.py:178} INFO - Processing /home/choco/airflow_venv/lib/python3.10/site-packages/airflow/example_dags/example_branch_operator_decorator.py took 0.081 seconds
[2023-06-11T02:24:49.514+0200] {processor.py:156} INFO - Started process (PID=48060) to work on /home/choco/airflow_venv/lib/python3.10/site-packages/airflow/example_dags/example_branch_operator_decorator.py
[2023-06-11T02:24:49.527+0200] {processor.py:758} INFO - Processing file /home/choco/airflow_venv/lib/python3.10/site-packages/airflow/example_dags/example_branch_operator_decorator.py for tasks to queue
[2023-06-11T02:24:49.527+0200] {logging_mixin.py:117} INFO - [2023-06-11T02:24:49.527+0200] {dagbag.py:525} INFO - Filling up the DagBag from /home/choco/airflow_venv/lib/python3.10/site-packages/airflow/example_dags/example_branch_operator_decorator.py
[2023-06-11T02:24:49.544+0200] {processor.py:768} INFO - DAG(s) dict_keys(['example_branch_python_operator_decorator']) retrieved from /home/choco/airflow_venv/lib/python3.10/site-packages/airflow/example_dags/example_branch_operator_decorator.py
[2023-06-11T02:24:49.563+0200] {logging_mixin.py:117} INFO - [2023-06-11T02:24:49.563+0200] {dag.py:2573} INFO - Sync 1 DAGs
[2023-06-11T02:24:49.577+0200] {logging_mixin.py:117} INFO - [2023-06-11T02:24:49.577+0200] {dag.py:3324} INFO - Setting next_dagrun for example_branch_python_operator_decorator to 2023-06-10T00:00:00+00:00, run_after=2023-06-11T00:00:00+00:00
[2023-06-11T02:24:49.598+0200] {processor.py:178} INFO - Processing /home/choco/airflow_venv/lib/python3.10/site-packages/airflow/example_dags/example_branch_operator_decorator.py took 0.085 seconds
