[2023-06-11T02:17:26.294+0200] {processor.py:156} INFO - Started process (PID=47319) to work on /home/choco/airflow_venv/lib/python3.10/site-packages/airflow/example_dags/example_branch_operator.py
[2023-06-11T02:17:26.295+0200] {processor.py:758} INFO - Processing file /home/choco/airflow_venv/lib/python3.10/site-packages/airflow/example_dags/example_branch_operator.py for tasks to queue
[2023-06-11T02:17:26.295+0200] {logging_mixin.py:117} INFO - [2023-06-11T02:17:26.295+0200] {dagbag.py:525} INFO - Filling up the DagBag from /home/choco/airflow_venv/lib/python3.10/site-packages/airflow/example_dags/example_branch_operator.py
[2023-06-11T02:17:26.313+0200] {processor.py:768} INFO - DAG(s) dict_keys(['example_branch_operator']) retrieved from /home/choco/airflow_venv/lib/python3.10/site-packages/airflow/example_dags/example_branch_operator.py
[2023-06-11T02:17:26.324+0200] {logging_mixin.py:117} INFO - [2023-06-11T02:17:26.324+0200] {dag.py:2573} INFO - Sync 1 DAGs
[2023-06-11T02:17:26.341+0200] {logging_mixin.py:117} INFO - [2023-06-11T02:17:26.341+0200] {dag.py:3324} INFO - Setting next_dagrun for example_branch_operator to 2023-06-10T00:00:00+00:00, run_after=2023-06-11T00:00:00+00:00
[2023-06-11T02:17:26.361+0200] {processor.py:178} INFO - Processing /home/choco/airflow_venv/lib/python3.10/site-packages/airflow/example_dags/example_branch_operator.py took 0.069 seconds
[2023-06-11T02:18:01.983+0200] {processor.py:156} INFO - Started process (PID=47563) to work on /home/choco/airflow_venv/lib/python3.10/site-packages/airflow/example_dags/example_branch_operator.py
[2023-06-11T02:18:01.993+0200] {processor.py:758} INFO - Processing file /home/choco/airflow_venv/lib/python3.10/site-packages/airflow/example_dags/example_branch_operator.py for tasks to queue
[2023-06-11T02:18:01.994+0200] {logging_mixin.py:117} INFO - [2023-06-11T02:18:01.994+0200] {dagbag.py:525} INFO - Filling up the DagBag from /home/choco/airflow_venv/lib/python3.10/site-packages/airflow/example_dags/example_branch_operator.py
[2023-06-11T02:18:02.007+0200] {processor.py:768} INFO - DAG(s) dict_keys(['example_branch_operator']) retrieved from /home/choco/airflow_venv/lib/python3.10/site-packages/airflow/example_dags/example_branch_operator.py
[2023-06-11T02:18:02.030+0200] {logging_mixin.py:117} INFO - [2023-06-11T02:18:02.030+0200] {dag.py:2573} INFO - Sync 1 DAGs
[2023-06-11T02:18:02.047+0200] {logging_mixin.py:117} INFO - [2023-06-11T02:18:02.047+0200] {dag.py:3324} INFO - Setting next_dagrun for example_branch_operator to 2023-06-10T00:00:00+00:00, run_after=2023-06-11T00:00:00+00:00
[2023-06-11T02:18:02.065+0200] {processor.py:178} INFO - Processing /home/choco/airflow_venv/lib/python3.10/site-packages/airflow/example_dags/example_branch_operator.py took 0.085 seconds
[2023-06-11T02:18:51.633+0200] {processor.py:156} INFO - Started process (PID=47705) to work on /home/choco/airflow_venv/lib/python3.10/site-packages/airflow/example_dags/example_branch_operator.py
[2023-06-11T02:18:51.635+0200] {processor.py:758} INFO - Processing file /home/choco/airflow_venv/lib/python3.10/site-packages/airflow/example_dags/example_branch_operator.py for tasks to queue
[2023-06-11T02:18:51.636+0200] {logging_mixin.py:117} INFO - [2023-06-11T02:18:51.635+0200] {dagbag.py:525} INFO - Filling up the DagBag from /home/choco/airflow_venv/lib/python3.10/site-packages/airflow/example_dags/example_branch_operator.py
[2023-06-11T02:18:51.650+0200] {processor.py:768} INFO - DAG(s) dict_keys(['example_branch_operator']) retrieved from /home/choco/airflow_venv/lib/python3.10/site-packages/airflow/example_dags/example_branch_operator.py
[2023-06-11T02:18:51.660+0200] {logging_mixin.py:117} INFO - [2023-06-11T02:18:51.660+0200] {dag.py:2573} INFO - Sync 1 DAGs
[2023-06-11T02:18:51.676+0200] {logging_mixin.py:117} INFO - [2023-06-11T02:18:51.676+0200] {dag.py:3324} INFO - Setting next_dagrun for example_branch_operator to 2023-06-10T00:00:00+00:00, run_after=2023-06-11T00:00:00+00:00
[2023-06-11T02:18:51.696+0200] {processor.py:178} INFO - Processing /home/choco/airflow_venv/lib/python3.10/site-packages/airflow/example_dags/example_branch_operator.py took 0.065 seconds
[2023-06-11T02:19:30.767+0200] {processor.py:156} INFO - Started process (PID=47745) to work on /home/choco/airflow_venv/lib/python3.10/site-packages/airflow/example_dags/example_branch_operator.py
[2023-06-11T02:19:30.777+0200] {processor.py:758} INFO - Processing file /home/choco/airflow_venv/lib/python3.10/site-packages/airflow/example_dags/example_branch_operator.py for tasks to queue
[2023-06-11T02:19:30.778+0200] {logging_mixin.py:117} INFO - [2023-06-11T02:19:30.778+0200] {dagbag.py:525} INFO - Filling up the DagBag from /home/choco/airflow_venv/lib/python3.10/site-packages/airflow/example_dags/example_branch_operator.py
[2023-06-11T02:19:30.790+0200] {processor.py:768} INFO - DAG(s) dict_keys(['example_branch_operator']) retrieved from /home/choco/airflow_venv/lib/python3.10/site-packages/airflow/example_dags/example_branch_operator.py
[2023-06-11T02:19:30.810+0200] {logging_mixin.py:117} INFO - [2023-06-11T02:19:30.809+0200] {dag.py:2573} INFO - Sync 1 DAGs
[2023-06-11T02:19:30.826+0200] {logging_mixin.py:117} INFO - [2023-06-11T02:19:30.826+0200] {dag.py:3324} INFO - Setting next_dagrun for example_branch_operator to 2023-06-10T00:00:00+00:00, run_after=2023-06-11T00:00:00+00:00
[2023-06-11T02:19:30.843+0200] {processor.py:178} INFO - Processing /home/choco/airflow_venv/lib/python3.10/site-packages/airflow/example_dags/example_branch_operator.py took 0.078 seconds
[2023-06-11T02:21:56.986+0200] {processor.py:156} INFO - Started process (PID=47886) to work on /home/choco/airflow_venv/lib/python3.10/site-packages/airflow/example_dags/example_branch_operator.py
[2023-06-11T02:21:56.988+0200] {processor.py:758} INFO - Processing file /home/choco/airflow_venv/lib/python3.10/site-packages/airflow/example_dags/example_branch_operator.py for tasks to queue
[2023-06-11T02:21:56.988+0200] {logging_mixin.py:117} INFO - [2023-06-11T02:21:56.988+0200] {dagbag.py:525} INFO - Filling up the DagBag from /home/choco/airflow_venv/lib/python3.10/site-packages/airflow/example_dags/example_branch_operator.py
[2023-06-11T02:21:57.003+0200] {processor.py:768} INFO - DAG(s) dict_keys(['example_branch_operator']) retrieved from /home/choco/airflow_venv/lib/python3.10/site-packages/airflow/example_dags/example_branch_operator.py
[2023-06-11T02:21:57.012+0200] {logging_mixin.py:117} INFO - [2023-06-11T02:21:57.012+0200] {dag.py:2573} INFO - Sync 1 DAGs
[2023-06-11T02:21:57.027+0200] {logging_mixin.py:117} INFO - [2023-06-11T02:21:57.027+0200] {dag.py:3324} INFO - Setting next_dagrun for example_branch_operator to 2023-06-10T00:00:00+00:00, run_after=2023-06-11T00:00:00+00:00
[2023-06-11T02:21:57.049+0200] {processor.py:178} INFO - Processing /home/choco/airflow_venv/lib/python3.10/site-packages/airflow/example_dags/example_branch_operator.py took 0.064 seconds
[2023-06-11T02:22:33.801+0200] {processor.py:156} INFO - Started process (PID=47928) to work on /home/choco/airflow_venv/lib/python3.10/site-packages/airflow/example_dags/example_branch_operator.py
[2023-06-11T02:22:33.811+0200] {processor.py:758} INFO - Processing file /home/choco/airflow_venv/lib/python3.10/site-packages/airflow/example_dags/example_branch_operator.py for tasks to queue
[2023-06-11T02:22:33.812+0200] {logging_mixin.py:117} INFO - [2023-06-11T02:22:33.812+0200] {dagbag.py:525} INFO - Filling up the DagBag from /home/choco/airflow_venv/lib/python3.10/site-packages/airflow/example_dags/example_branch_operator.py
[2023-06-11T02:22:33.823+0200] {processor.py:768} INFO - DAG(s) dict_keys(['example_branch_operator']) retrieved from /home/choco/airflow_venv/lib/python3.10/site-packages/airflow/example_dags/example_branch_operator.py
[2023-06-11T02:22:33.843+0200] {logging_mixin.py:117} INFO - [2023-06-11T02:22:33.843+0200] {dag.py:2573} INFO - Sync 1 DAGs
[2023-06-11T02:22:33.858+0200] {logging_mixin.py:117} INFO - [2023-06-11T02:22:33.858+0200] {dag.py:3324} INFO - Setting next_dagrun for example_branch_operator to 2023-06-10T00:00:00+00:00, run_after=2023-06-11T00:00:00+00:00
[2023-06-11T02:22:33.877+0200] {processor.py:178} INFO - Processing /home/choco/airflow_venv/lib/python3.10/site-packages/airflow/example_dags/example_branch_operator.py took 0.078 seconds
[2023-06-11T02:23:09.529+0200] {processor.py:156} INFO - Started process (PID=47962) to work on /home/choco/airflow_venv/lib/python3.10/site-packages/airflow/example_dags/example_branch_operator.py
[2023-06-11T02:23:09.539+0200] {processor.py:758} INFO - Processing file /home/choco/airflow_venv/lib/python3.10/site-packages/airflow/example_dags/example_branch_operator.py for tasks to queue
[2023-06-11T02:23:09.540+0200] {logging_mixin.py:117} INFO - [2023-06-11T02:23:09.539+0200] {dagbag.py:525} INFO - Filling up the DagBag from /home/choco/airflow_venv/lib/python3.10/site-packages/airflow/example_dags/example_branch_operator.py
[2023-06-11T02:23:09.555+0200] {processor.py:768} INFO - DAG(s) dict_keys(['example_branch_operator']) retrieved from /home/choco/airflow_venv/lib/python3.10/site-packages/airflow/example_dags/example_branch_operator.py
[2023-06-11T02:23:09.582+0200] {logging_mixin.py:117} INFO - [2023-06-11T02:23:09.582+0200] {dag.py:2573} INFO - Sync 1 DAGs
[2023-06-11T02:23:09.602+0200] {logging_mixin.py:117} INFO - [2023-06-11T02:23:09.602+0200] {dag.py:3324} INFO - Setting next_dagrun for example_branch_operator to 2023-06-10T00:00:00+00:00, run_after=2023-06-11T00:00:00+00:00
[2023-06-11T02:23:09.625+0200] {processor.py:178} INFO - Processing /home/choco/airflow_venv/lib/python3.10/site-packages/airflow/example_dags/example_branch_operator.py took 0.098 seconds
[2023-06-11T02:23:51.419+0200] {processor.py:156} INFO - Started process (PID=48002) to work on /home/choco/airflow_venv/lib/python3.10/site-packages/airflow/example_dags/example_branch_operator.py
[2023-06-11T02:23:51.430+0200] {processor.py:758} INFO - Processing file /home/choco/airflow_venv/lib/python3.10/site-packages/airflow/example_dags/example_branch_operator.py for tasks to queue
[2023-06-11T02:23:51.431+0200] {logging_mixin.py:117} INFO - [2023-06-11T02:23:51.431+0200] {dagbag.py:525} INFO - Filling up the DagBag from /home/choco/airflow_venv/lib/python3.10/site-packages/airflow/example_dags/example_branch_operator.py
[2023-06-11T02:23:51.442+0200] {processor.py:768} INFO - DAG(s) dict_keys(['example_branch_operator']) retrieved from /home/choco/airflow_venv/lib/python3.10/site-packages/airflow/example_dags/example_branch_operator.py
[2023-06-11T02:23:51.462+0200] {logging_mixin.py:117} INFO - [2023-06-11T02:23:51.462+0200] {dag.py:2573} INFO - Sync 1 DAGs
[2023-06-11T02:23:51.479+0200] {logging_mixin.py:117} INFO - [2023-06-11T02:23:51.479+0200] {dag.py:3324} INFO - Setting next_dagrun for example_branch_operator to 2023-06-10T00:00:00+00:00, run_after=2023-06-11T00:00:00+00:00
[2023-06-11T02:23:51.500+0200] {processor.py:178} INFO - Processing /home/choco/airflow_venv/lib/python3.10/site-packages/airflow/example_dags/example_branch_operator.py took 0.082 seconds
[2023-06-11T02:24:27.788+0200] {processor.py:156} INFO - Started process (PID=48039) to work on /home/choco/airflow_venv/lib/python3.10/site-packages/airflow/example_dags/example_branch_operator.py
[2023-06-11T02:24:27.800+0200] {processor.py:758} INFO - Processing file /home/choco/airflow_venv/lib/python3.10/site-packages/airflow/example_dags/example_branch_operator.py for tasks to queue
[2023-06-11T02:24:27.800+0200] {logging_mixin.py:117} INFO - [2023-06-11T02:24:27.800+0200] {dagbag.py:525} INFO - Filling up the DagBag from /home/choco/airflow_venv/lib/python3.10/site-packages/airflow/example_dags/example_branch_operator.py
[2023-06-11T02:24:27.813+0200] {processor.py:768} INFO - DAG(s) dict_keys(['example_branch_operator']) retrieved from /home/choco/airflow_venv/lib/python3.10/site-packages/airflow/example_dags/example_branch_operator.py
[2023-06-11T02:24:27.833+0200] {logging_mixin.py:117} INFO - [2023-06-11T02:24:27.833+0200] {dag.py:2573} INFO - Sync 1 DAGs
[2023-06-11T02:24:27.848+0200] {logging_mixin.py:117} INFO - [2023-06-11T02:24:27.848+0200] {dag.py:3324} INFO - Setting next_dagrun for example_branch_operator to 2023-06-10T00:00:00+00:00, run_after=2023-06-11T00:00:00+00:00
[2023-06-11T02:24:27.866+0200] {processor.py:178} INFO - Processing /home/choco/airflow_venv/lib/python3.10/site-packages/airflow/example_dags/example_branch_operator.py took 0.080 seconds
