[2023-06-11T02:17:36.516+0200] {processor.py:156} INFO - Started process (PID=47536) to work on /home/choco/airflow_venv/lib/python3.10/site-packages/airflow/example_dags/example_trigger_controller_dag.py
[2023-06-11T02:17:36.517+0200] {processor.py:758} INFO - Processing file /home/choco/airflow_venv/lib/python3.10/site-packages/airflow/example_dags/example_trigger_controller_dag.py for tasks to queue
[2023-06-11T02:17:36.517+0200] {logging_mixin.py:117} INFO - [2023-06-11T02:17:36.517+0200] {dagbag.py:525} INFO - Filling up the DagBag from /home/choco/airflow_venv/lib/python3.10/site-packages/airflow/example_dags/example_trigger_controller_dag.py
[2023-06-11T02:17:36.528+0200] {processor.py:768} INFO - DAG(s) dict_keys(['example_trigger_controller_dag']) retrieved from /home/choco/airflow_venv/lib/python3.10/site-packages/airflow/example_dags/example_trigger_controller_dag.py
[2023-06-11T02:17:36.541+0200] {logging_mixin.py:117} INFO - [2023-06-11T02:17:36.541+0200] {dag.py:2573} INFO - Sync 1 DAGs
[2023-06-11T02:17:36.567+0200] {logging_mixin.py:117} INFO - [2023-06-11T02:17:36.566+0200] {dag.py:3324} INFO - Setting next_dagrun for example_trigger_controller_dag to 2021-01-01T00:00:00+00:00, run_after=2021-01-01T00:00:00+00:00
[2023-06-11T02:17:36.597+0200] {processor.py:178} INFO - Processing /home/choco/airflow_venv/lib/python3.10/site-packages/airflow/example_dags/example_trigger_controller_dag.py took 0.083 seconds
[2023-06-11T02:18:15.444+0200] {processor.py:156} INFO - Started process (PID=47577) to work on /home/choco/airflow_venv/lib/python3.10/site-packages/airflow/example_dags/example_trigger_controller_dag.py
[2023-06-11T02:18:15.454+0200] {processor.py:758} INFO - Processing file /home/choco/airflow_venv/lib/python3.10/site-packages/airflow/example_dags/example_trigger_controller_dag.py for tasks to queue
[2023-06-11T02:18:15.455+0200] {logging_mixin.py:117} INFO - [2023-06-11T02:18:15.455+0200] {dagbag.py:525} INFO - Filling up the DagBag from /home/choco/airflow_venv/lib/python3.10/site-packages/airflow/example_dags/example_trigger_controller_dag.py
[2023-06-11T02:18:15.464+0200] {processor.py:768} INFO - DAG(s) dict_keys(['example_trigger_controller_dag']) retrieved from /home/choco/airflow_venv/lib/python3.10/site-packages/airflow/example_dags/example_trigger_controller_dag.py
[2023-06-11T02:18:15.485+0200] {logging_mixin.py:117} INFO - [2023-06-11T02:18:15.485+0200] {dag.py:2573} INFO - Sync 1 DAGs
[2023-06-11T02:18:15.502+0200] {logging_mixin.py:117} INFO - [2023-06-11T02:18:15.502+0200] {dag.py:3324} INFO - Setting next_dagrun for example_trigger_controller_dag to 2021-01-01T00:00:00+00:00, run_after=2021-01-01T00:00:00+00:00
[2023-06-11T02:18:15.522+0200] {processor.py:178} INFO - Processing /home/choco/airflow_venv/lib/python3.10/site-packages/airflow/example_dags/example_trigger_controller_dag.py took 0.080 seconds
[2023-06-11T02:19:02.970+0200] {processor.py:156} INFO - Started process (PID=47716) to work on /home/choco/airflow_venv/lib/python3.10/site-packages/airflow/example_dags/example_trigger_controller_dag.py
[2023-06-11T02:19:02.981+0200] {processor.py:758} INFO - Processing file /home/choco/airflow_venv/lib/python3.10/site-packages/airflow/example_dags/example_trigger_controller_dag.py for tasks to queue
[2023-06-11T02:19:02.982+0200] {logging_mixin.py:117} INFO - [2023-06-11T02:19:02.982+0200] {dagbag.py:525} INFO - Filling up the DagBag from /home/choco/airflow_venv/lib/python3.10/site-packages/airflow/example_dags/example_trigger_controller_dag.py
[2023-06-11T02:19:02.991+0200] {processor.py:768} INFO - DAG(s) dict_keys(['example_trigger_controller_dag']) retrieved from /home/choco/airflow_venv/lib/python3.10/site-packages/airflow/example_dags/example_trigger_controller_dag.py
[2023-06-11T02:19:03.000+0200] {logging_mixin.py:117} INFO - [2023-06-11T02:19:03.000+0200] {dag.py:2573} INFO - Sync 1 DAGs
[2023-06-11T02:19:03.019+0200] {logging_mixin.py:117} INFO - [2023-06-11T02:19:03.019+0200] {dag.py:3324} INFO - Setting next_dagrun for example_trigger_controller_dag to 2021-01-01T00:00:00+00:00, run_after=2021-01-01T00:00:00+00:00
[2023-06-11T02:19:03.041+0200] {processor.py:178} INFO - Processing /home/choco/airflow_venv/lib/python3.10/site-packages/airflow/example_dags/example_trigger_controller_dag.py took 0.073 seconds
[2023-06-11T02:19:44.072+0200] {processor.py:156} INFO - Started process (PID=47758) to work on /home/choco/airflow_venv/lib/python3.10/site-packages/airflow/example_dags/example_trigger_controller_dag.py
[2023-06-11T02:19:44.083+0200] {processor.py:758} INFO - Processing file /home/choco/airflow_venv/lib/python3.10/site-packages/airflow/example_dags/example_trigger_controller_dag.py for tasks to queue
[2023-06-11T02:19:44.083+0200] {logging_mixin.py:117} INFO - [2023-06-11T02:19:44.083+0200] {dagbag.py:525} INFO - Filling up the DagBag from /home/choco/airflow_venv/lib/python3.10/site-packages/airflow/example_dags/example_trigger_controller_dag.py
[2023-06-11T02:19:44.092+0200] {processor.py:768} INFO - DAG(s) dict_keys(['example_trigger_controller_dag']) retrieved from /home/choco/airflow_venv/lib/python3.10/site-packages/airflow/example_dags/example_trigger_controller_dag.py
[2023-06-11T02:19:44.111+0200] {logging_mixin.py:117} INFO - [2023-06-11T02:19:44.110+0200] {dag.py:2573} INFO - Sync 1 DAGs
[2023-06-11T02:19:44.125+0200] {logging_mixin.py:117} INFO - [2023-06-11T02:19:44.125+0200] {dag.py:3324} INFO - Setting next_dagrun for example_trigger_controller_dag to 2021-01-01T00:00:00+00:00, run_after=2021-01-01T00:00:00+00:00
[2023-06-11T02:19:44.143+0200] {processor.py:178} INFO - Processing /home/choco/airflow_venv/lib/python3.10/site-packages/airflow/example_dags/example_trigger_controller_dag.py took 0.073 seconds
[2023-06-11T02:22:07.376+0200] {processor.py:156} INFO - Started process (PID=47899) to work on /home/choco/airflow_venv/lib/python3.10/site-packages/airflow/example_dags/example_trigger_controller_dag.py
[2023-06-11T02:22:07.387+0200] {processor.py:758} INFO - Processing file /home/choco/airflow_venv/lib/python3.10/site-packages/airflow/example_dags/example_trigger_controller_dag.py for tasks to queue
[2023-06-11T02:22:07.387+0200] {logging_mixin.py:117} INFO - [2023-06-11T02:22:07.387+0200] {dagbag.py:525} INFO - Filling up the DagBag from /home/choco/airflow_venv/lib/python3.10/site-packages/airflow/example_dags/example_trigger_controller_dag.py
[2023-06-11T02:22:07.395+0200] {processor.py:768} INFO - DAG(s) dict_keys(['example_trigger_controller_dag']) retrieved from /home/choco/airflow_venv/lib/python3.10/site-packages/airflow/example_dags/example_trigger_controller_dag.py
[2023-06-11T02:22:07.405+0200] {logging_mixin.py:117} INFO - [2023-06-11T02:22:07.405+0200] {dag.py:2573} INFO - Sync 1 DAGs
[2023-06-11T02:22:07.421+0200] {logging_mixin.py:117} INFO - [2023-06-11T02:22:07.421+0200] {dag.py:3324} INFO - Setting next_dagrun for example_trigger_controller_dag to 2021-01-01T00:00:00+00:00, run_after=2021-01-01T00:00:00+00:00
[2023-06-11T02:22:07.442+0200] {processor.py:178} INFO - Processing /home/choco/airflow_venv/lib/python3.10/site-packages/airflow/example_dags/example_trigger_controller_dag.py took 0.068 seconds
[2023-06-11T02:22:52.222+0200] {processor.py:156} INFO - Started process (PID=47943) to work on /home/choco/airflow_venv/lib/python3.10/site-packages/airflow/example_dags/example_trigger_controller_dag.py
[2023-06-11T02:22:52.234+0200] {processor.py:758} INFO - Processing file /home/choco/airflow_venv/lib/python3.10/site-packages/airflow/example_dags/example_trigger_controller_dag.py for tasks to queue
[2023-06-11T02:22:52.234+0200] {logging_mixin.py:117} INFO - [2023-06-11T02:22:52.234+0200] {dagbag.py:525} INFO - Filling up the DagBag from /home/choco/airflow_venv/lib/python3.10/site-packages/airflow/example_dags/example_trigger_controller_dag.py
[2023-06-11T02:22:52.242+0200] {processor.py:768} INFO - DAG(s) dict_keys(['example_trigger_controller_dag']) retrieved from /home/choco/airflow_venv/lib/python3.10/site-packages/airflow/example_dags/example_trigger_controller_dag.py
[2023-06-11T02:22:52.262+0200] {logging_mixin.py:117} INFO - [2023-06-11T02:22:52.262+0200] {dag.py:2573} INFO - Sync 1 DAGs
[2023-06-11T02:22:52.277+0200] {logging_mixin.py:117} INFO - [2023-06-11T02:22:52.276+0200] {dag.py:3324} INFO - Setting next_dagrun for example_trigger_controller_dag to 2021-01-01T00:00:00+00:00, run_after=2021-01-01T00:00:00+00:00
[2023-06-11T02:22:52.297+0200] {processor.py:178} INFO - Processing /home/choco/airflow_venv/lib/python3.10/site-packages/airflow/example_dags/example_trigger_controller_dag.py took 0.076 seconds
[2023-06-11T02:23:36.121+0200] {processor.py:156} INFO - Started process (PID=47987) to work on /home/choco/airflow_venv/lib/python3.10/site-packages/airflow/example_dags/example_trigger_controller_dag.py
[2023-06-11T02:23:36.131+0200] {processor.py:758} INFO - Processing file /home/choco/airflow_venv/lib/python3.10/site-packages/airflow/example_dags/example_trigger_controller_dag.py for tasks to queue
[2023-06-11T02:23:36.131+0200] {logging_mixin.py:117} INFO - [2023-06-11T02:23:36.131+0200] {dagbag.py:525} INFO - Filling up the DagBag from /home/choco/airflow_venv/lib/python3.10/site-packages/airflow/example_dags/example_trigger_controller_dag.py
[2023-06-11T02:23:36.139+0200] {processor.py:768} INFO - DAG(s) dict_keys(['example_trigger_controller_dag']) retrieved from /home/choco/airflow_venv/lib/python3.10/site-packages/airflow/example_dags/example_trigger_controller_dag.py
[2023-06-11T02:23:36.158+0200] {logging_mixin.py:117} INFO - [2023-06-11T02:23:36.158+0200] {dag.py:2573} INFO - Sync 1 DAGs
[2023-06-11T02:23:36.171+0200] {logging_mixin.py:117} INFO - [2023-06-11T02:23:36.171+0200] {dag.py:3324} INFO - Setting next_dagrun for example_trigger_controller_dag to 2021-01-01T00:00:00+00:00, run_after=2021-01-01T00:00:00+00:00
[2023-06-11T02:23:36.189+0200] {processor.py:178} INFO - Processing /home/choco/airflow_venv/lib/python3.10/site-packages/airflow/example_dags/example_trigger_controller_dag.py took 0.070 seconds
[2023-06-11T02:24:17.502+0200] {processor.py:156} INFO - Started process (PID=48029) to work on /home/choco/airflow_venv/lib/python3.10/site-packages/airflow/example_dags/example_trigger_controller_dag.py
[2023-06-11T02:24:17.503+0200] {processor.py:758} INFO - Processing file /home/choco/airflow_venv/lib/python3.10/site-packages/airflow/example_dags/example_trigger_controller_dag.py for tasks to queue
[2023-06-11T02:24:17.504+0200] {logging_mixin.py:117} INFO - [2023-06-11T02:24:17.504+0200] {dagbag.py:525} INFO - Filling up the DagBag from /home/choco/airflow_venv/lib/python3.10/site-packages/airflow/example_dags/example_trigger_controller_dag.py
[2023-06-11T02:24:17.512+0200] {processor.py:768} INFO - DAG(s) dict_keys(['example_trigger_controller_dag']) retrieved from /home/choco/airflow_venv/lib/python3.10/site-packages/airflow/example_dags/example_trigger_controller_dag.py
[2023-06-11T02:24:17.533+0200] {logging_mixin.py:117} INFO - [2023-06-11T02:24:17.533+0200] {dag.py:2573} INFO - Sync 1 DAGs
[2023-06-11T02:24:17.546+0200] {logging_mixin.py:117} INFO - [2023-06-11T02:24:17.546+0200] {dag.py:3324} INFO - Setting next_dagrun for example_trigger_controller_dag to 2021-01-01T00:00:00+00:00, run_after=2021-01-01T00:00:00+00:00
[2023-06-11T02:24:17.563+0200] {processor.py:178} INFO - Processing /home/choco/airflow_venv/lib/python3.10/site-packages/airflow/example_dags/example_trigger_controller_dag.py took 0.062 seconds
