[2023-06-11T02:17:49.567+0200] {processor.py:156} INFO - Started process (PID=47551) to work on /home/choco/airflow_venv/lib/python3.10/site-packages/airflow/example_dags/example_branch_datetime_operator.py
[2023-06-11T02:17:49.568+0200] {processor.py:758} INFO - Processing file /home/choco/airflow_venv/lib/python3.10/site-packages/airflow/example_dags/example_branch_datetime_operator.py for tasks to queue
[2023-06-11T02:17:49.568+0200] {logging_mixin.py:117} INFO - [2023-06-11T02:17:49.568+0200] {dagbag.py:525} INFO - Filling up the DagBag from /home/choco/airflow_venv/lib/python3.10/site-packages/airflow/example_dags/example_branch_datetime_operator.py
[2023-06-11T02:17:49.584+0200] {processor.py:768} INFO - DAG(s) dict_keys(['example_branch_datetime_operator', 'example_branch_datetime_operator_2', 'example_branch_datetime_operator_3']) retrieved from /home/choco/airflow_venv/lib/python3.10/site-packages/airflow/example_dags/example_branch_datetime_operator.py
[2023-06-11T02:17:49.606+0200] {logging_mixin.py:117} INFO - [2023-06-11T02:17:49.606+0200] {dag.py:2573} INFO - Sync 3 DAGs
[2023-06-11T02:17:49.622+0200] {logging_mixin.py:117} INFO - [2023-06-11T02:17:49.622+0200] {dag.py:3324} INFO - Setting next_dagrun for example_branch_datetime_operator to 2023-06-10T00:00:00+00:00, run_after=2023-06-11T00:00:00+00:00
[2023-06-11T02:17:49.626+0200] {logging_mixin.py:117} INFO - [2023-06-11T02:17:49.626+0200] {dag.py:3324} INFO - Setting next_dagrun for example_branch_datetime_operator_2 to 2023-06-10T00:00:00+00:00, run_after=2023-06-11T00:00:00+00:00
[2023-06-11T02:17:49.628+0200] {logging_mixin.py:117} INFO - [2023-06-11T02:17:49.628+0200] {dag.py:3324} INFO - Setting next_dagrun for example_branch_datetime_operator_3 to 2023-06-10T00:00:00+00:00, run_after=2023-06-11T00:00:00+00:00
[2023-06-11T02:17:49.645+0200] {processor.py:178} INFO - Processing /home/choco/airflow_venv/lib/python3.10/site-packages/airflow/example_dags/example_branch_datetime_operator.py took 0.080 seconds
[2023-06-11T02:19:17.598+0200] {processor.py:156} INFO - Started process (PID=47733) to work on /home/choco/airflow_venv/lib/python3.10/site-packages/airflow/example_dags/example_branch_datetime_operator.py
[2023-06-11T02:19:17.600+0200] {processor.py:758} INFO - Processing file /home/choco/airflow_venv/lib/python3.10/site-packages/airflow/example_dags/example_branch_datetime_operator.py for tasks to queue
[2023-06-11T02:19:17.601+0200] {logging_mixin.py:117} INFO - [2023-06-11T02:19:17.601+0200] {dagbag.py:525} INFO - Filling up the DagBag from /home/choco/airflow_venv/lib/python3.10/site-packages/airflow/example_dags/example_branch_datetime_operator.py
[2023-06-11T02:19:17.613+0200] {processor.py:768} INFO - DAG(s) dict_keys(['example_branch_datetime_operator_3', 'example_branch_datetime_operator_2', 'example_branch_datetime_operator']) retrieved from /home/choco/airflow_venv/lib/python3.10/site-packages/airflow/example_dags/example_branch_datetime_operator.py
[2023-06-11T02:19:17.638+0200] {logging_mixin.py:117} INFO - [2023-06-11T02:19:17.637+0200] {dag.py:2573} INFO - Sync 3 DAGs
[2023-06-11T02:19:17.655+0200] {logging_mixin.py:117} INFO - [2023-06-11T02:19:17.655+0200] {dag.py:3324} INFO - Setting next_dagrun for example_branch_datetime_operator to 2023-06-10T00:00:00+00:00, run_after=2023-06-11T00:00:00+00:00
[2023-06-11T02:19:17.658+0200] {logging_mixin.py:117} INFO - [2023-06-11T02:19:17.658+0200] {dag.py:3324} INFO - Setting next_dagrun for example_branch_datetime_operator_2 to 2023-06-10T00:00:00+00:00, run_after=2023-06-11T00:00:00+00:00
[2023-06-11T02:19:17.660+0200] {logging_mixin.py:117} INFO - [2023-06-11T02:19:17.660+0200] {dag.py:3324} INFO - Setting next_dagrun for example_branch_datetime_operator_3 to 2023-06-10T00:00:00+00:00, run_after=2023-06-11T00:00:00+00:00
[2023-06-11T02:19:17.678+0200] {processor.py:178} INFO - Processing /home/choco/airflow_venv/lib/python3.10/site-packages/airflow/example_dags/example_branch_datetime_operator.py took 0.082 seconds
[2023-06-11T02:22:20.527+0200] {processor.py:156} INFO - Started process (PID=47916) to work on /home/choco/airflow_venv/lib/python3.10/site-packages/airflow/example_dags/example_branch_datetime_operator.py
[2023-06-11T02:22:20.539+0200] {processor.py:758} INFO - Processing file /home/choco/airflow_venv/lib/python3.10/site-packages/airflow/example_dags/example_branch_datetime_operator.py for tasks to queue
[2023-06-11T02:22:20.539+0200] {logging_mixin.py:117} INFO - [2023-06-11T02:22:20.539+0200] {dagbag.py:525} INFO - Filling up the DagBag from /home/choco/airflow_venv/lib/python3.10/site-packages/airflow/example_dags/example_branch_datetime_operator.py
[2023-06-11T02:22:20.551+0200] {processor.py:768} INFO - DAG(s) dict_keys(['example_branch_datetime_operator_2', 'example_branch_datetime_operator_3', 'example_branch_datetime_operator']) retrieved from /home/choco/airflow_venv/lib/python3.10/site-packages/airflow/example_dags/example_branch_datetime_operator.py
[2023-06-11T02:22:20.573+0200] {logging_mixin.py:117} INFO - [2023-06-11T02:22:20.572+0200] {dag.py:2573} INFO - Sync 3 DAGs
[2023-06-11T02:22:20.588+0200] {logging_mixin.py:117} INFO - [2023-06-11T02:22:20.588+0200] {dag.py:3324} INFO - Setting next_dagrun for example_branch_datetime_operator to 2023-06-10T00:00:00+00:00, run_after=2023-06-11T00:00:00+00:00
[2023-06-11T02:22:20.591+0200] {logging_mixin.py:117} INFO - [2023-06-11T02:22:20.591+0200] {dag.py:3324} INFO - Setting next_dagrun for example_branch_datetime_operator_2 to 2023-06-10T00:00:00+00:00, run_after=2023-06-11T00:00:00+00:00
[2023-06-11T02:22:20.593+0200] {logging_mixin.py:117} INFO - [2023-06-11T02:22:20.593+0200] {dag.py:3324} INFO - Setting next_dagrun for example_branch_datetime_operator_3 to 2023-06-10T00:00:00+00:00, run_after=2023-06-11T00:00:00+00:00
[2023-06-11T02:22:20.611+0200] {processor.py:178} INFO - Processing /home/choco/airflow_venv/lib/python3.10/site-packages/airflow/example_dags/example_branch_datetime_operator.py took 0.085 seconds
[2023-06-11T02:23:12.682+0200] {processor.py:156} INFO - Started process (PID=47965) to work on /home/choco/airflow_venv/lib/python3.10/site-packages/airflow/example_dags/example_branch_datetime_operator.py
[2023-06-11T02:23:12.692+0200] {processor.py:758} INFO - Processing file /home/choco/airflow_venv/lib/python3.10/site-packages/airflow/example_dags/example_branch_datetime_operator.py for tasks to queue
[2023-06-11T02:23:12.693+0200] {logging_mixin.py:117} INFO - [2023-06-11T02:23:12.693+0200] {dagbag.py:525} INFO - Filling up the DagBag from /home/choco/airflow_venv/lib/python3.10/site-packages/airflow/example_dags/example_branch_datetime_operator.py
[2023-06-11T02:23:12.709+0200] {processor.py:768} INFO - DAG(s) dict_keys(['example_branch_datetime_operator_2', 'example_branch_datetime_operator_3', 'example_branch_datetime_operator']) retrieved from /home/choco/airflow_venv/lib/python3.10/site-packages/airflow/example_dags/example_branch_datetime_operator.py
[2023-06-11T02:23:12.739+0200] {logging_mixin.py:117} INFO - [2023-06-11T02:23:12.739+0200] {dag.py:2573} INFO - Sync 3 DAGs
[2023-06-11T02:23:12.756+0200] {logging_mixin.py:117} INFO - [2023-06-11T02:23:12.756+0200] {dag.py:3324} INFO - Setting next_dagrun for example_branch_datetime_operator to 2023-06-10T00:00:00+00:00, run_after=2023-06-11T00:00:00+00:00
[2023-06-11T02:23:12.761+0200] {logging_mixin.py:117} INFO - [2023-06-11T02:23:12.761+0200] {dag.py:3324} INFO - Setting next_dagrun for example_branch_datetime_operator_2 to 2023-06-10T00:00:00+00:00, run_after=2023-06-11T00:00:00+00:00
[2023-06-11T02:23:12.764+0200] {logging_mixin.py:117} INFO - [2023-06-11T02:23:12.764+0200] {dag.py:3324} INFO - Setting next_dagrun for example_branch_datetime_operator_3 to 2023-06-10T00:00:00+00:00, run_after=2023-06-11T00:00:00+00:00
[2023-06-11T02:23:12.787+0200] {processor.py:178} INFO - Processing /home/choco/airflow_venv/lib/python3.10/site-packages/airflow/example_dags/example_branch_datetime_operator.py took 0.108 seconds
[2023-06-11T02:23:54.275+0200] {processor.py:156} INFO - Started process (PID=48007) to work on /home/choco/airflow_venv/lib/python3.10/site-packages/airflow/example_dags/example_branch_datetime_operator.py
[2023-06-11T02:23:54.277+0200] {processor.py:758} INFO - Processing file /home/choco/airflow_venv/lib/python3.10/site-packages/airflow/example_dags/example_branch_datetime_operator.py for tasks to queue
[2023-06-11T02:23:54.278+0200] {logging_mixin.py:117} INFO - [2023-06-11T02:23:54.277+0200] {dagbag.py:525} INFO - Filling up the DagBag from /home/choco/airflow_venv/lib/python3.10/site-packages/airflow/example_dags/example_branch_datetime_operator.py
[2023-06-11T02:23:54.289+0200] {processor.py:768} INFO - DAG(s) dict_keys(['example_branch_datetime_operator', 'example_branch_datetime_operator_3', 'example_branch_datetime_operator_2']) retrieved from /home/choco/airflow_venv/lib/python3.10/site-packages/airflow/example_dags/example_branch_datetime_operator.py
[2023-06-11T02:23:54.313+0200] {logging_mixin.py:117} INFO - [2023-06-11T02:23:54.312+0200] {dag.py:2573} INFO - Sync 3 DAGs
[2023-06-11T02:23:54.329+0200] {logging_mixin.py:117} INFO - [2023-06-11T02:23:54.329+0200] {dag.py:3324} INFO - Setting next_dagrun for example_branch_datetime_operator to 2023-06-10T00:00:00+00:00, run_after=2023-06-11T00:00:00+00:00
[2023-06-11T02:23:54.332+0200] {logging_mixin.py:117} INFO - [2023-06-11T02:23:54.332+0200] {dag.py:3324} INFO - Setting next_dagrun for example_branch_datetime_operator_2 to 2023-06-10T00:00:00+00:00, run_after=2023-06-11T00:00:00+00:00
[2023-06-11T02:23:54.334+0200] {logging_mixin.py:117} INFO - [2023-06-11T02:23:54.334+0200] {dag.py:3324} INFO - Setting next_dagrun for example_branch_datetime_operator_3 to 2023-06-10T00:00:00+00:00, run_after=2023-06-11T00:00:00+00:00
[2023-06-11T02:23:54.352+0200] {processor.py:178} INFO - Processing /home/choco/airflow_venv/lib/python3.10/site-packages/airflow/example_dags/example_branch_datetime_operator.py took 0.078 seconds
[2023-06-11T02:24:45.985+0200] {processor.py:156} INFO - Started process (PID=48057) to work on /home/choco/airflow_venv/lib/python3.10/site-packages/airflow/example_dags/example_branch_datetime_operator.py
[2023-06-11T02:24:45.996+0200] {processor.py:758} INFO - Processing file /home/choco/airflow_venv/lib/python3.10/site-packages/airflow/example_dags/example_branch_datetime_operator.py for tasks to queue
[2023-06-11T02:24:45.996+0200] {logging_mixin.py:117} INFO - [2023-06-11T02:24:45.996+0200] {dagbag.py:525} INFO - Filling up the DagBag from /home/choco/airflow_venv/lib/python3.10/site-packages/airflow/example_dags/example_branch_datetime_operator.py
[2023-06-11T02:24:46.008+0200] {processor.py:768} INFO - DAG(s) dict_keys(['example_branch_datetime_operator_2', 'example_branch_datetime_operator_3', 'example_branch_datetime_operator']) retrieved from /home/choco/airflow_venv/lib/python3.10/site-packages/airflow/example_dags/example_branch_datetime_operator.py
[2023-06-11T02:24:46.031+0200] {logging_mixin.py:117} INFO - [2023-06-11T02:24:46.031+0200] {dag.py:2573} INFO - Sync 3 DAGs
[2023-06-11T02:24:46.045+0200] {logging_mixin.py:117} INFO - [2023-06-11T02:24:46.045+0200] {dag.py:3324} INFO - Setting next_dagrun for example_branch_datetime_operator to 2023-06-10T00:00:00+00:00, run_after=2023-06-11T00:00:00+00:00
[2023-06-11T02:24:46.049+0200] {logging_mixin.py:117} INFO - [2023-06-11T02:24:46.049+0200] {dag.py:3324} INFO - Setting next_dagrun for example_branch_datetime_operator_2 to 2023-06-10T00:00:00+00:00, run_after=2023-06-11T00:00:00+00:00
[2023-06-11T02:24:46.050+0200] {logging_mixin.py:117} INFO - [2023-06-11T02:24:46.050+0200] {dag.py:3324} INFO - Setting next_dagrun for example_branch_datetime_operator_3 to 2023-06-10T00:00:00+00:00, run_after=2023-06-11T00:00:00+00:00
[2023-06-11T02:24:46.071+0200] {processor.py:178} INFO - Processing /home/choco/airflow_venv/lib/python3.10/site-packages/airflow/example_dags/example_branch_datetime_operator.py took 0.087 seconds
