[2023-06-11T02:17:42.135+0200] {processor.py:156} INFO - Started process (PID=47544) to work on /home/choco/airflow_venv/lib/python3.10/site-packages/airflow/example_dags/example_skip_dag.py
[2023-06-11T02:17:42.135+0200] {processor.py:758} INFO - Processing file /home/choco/airflow_venv/lib/python3.10/site-packages/airflow/example_dags/example_skip_dag.py for tasks to queue
[2023-06-11T02:17:42.136+0200] {logging_mixin.py:117} INFO - [2023-06-11T02:17:42.136+0200] {dagbag.py:525} INFO - Filling up the DagBag from /home/choco/airflow_venv/lib/python3.10/site-packages/airflow/example_dags/example_skip_dag.py
[2023-06-11T02:17:42.145+0200] {processor.py:768} INFO - DAG(s) dict_keys(['example_skip_dag']) retrieved from /home/choco/airflow_venv/lib/python3.10/site-packages/airflow/example_dags/example_skip_dag.py
[2023-06-11T02:17:42.155+0200] {logging_mixin.py:117} INFO - [2023-06-11T02:17:42.155+0200] {dag.py:2573} INFO - Sync 1 DAGs
[2023-06-11T02:17:42.170+0200] {logging_mixin.py:117} INFO - [2023-06-11T02:17:42.169+0200] {dag.py:3324} INFO - Setting next_dagrun for example_skip_dag to 2023-06-10T00:17:42.169738+00:00, run_after=2023-06-11T00:17:42.169738+00:00
[2023-06-11T02:17:42.190+0200] {processor.py:178} INFO - Processing /home/choco/airflow_venv/lib/python3.10/site-packages/airflow/example_dags/example_skip_dag.py took 0.057 seconds
[2023-06-11T02:18:23.262+0200] {processor.py:156} INFO - Started process (PID=47590) to work on /home/choco/airflow_venv/lib/python3.10/site-packages/airflow/example_dags/example_skip_dag.py
[2023-06-11T02:18:23.272+0200] {processor.py:758} INFO - Processing file /home/choco/airflow_venv/lib/python3.10/site-packages/airflow/example_dags/example_skip_dag.py for tasks to queue
[2023-06-11T02:18:23.272+0200] {logging_mixin.py:117} INFO - [2023-06-11T02:18:23.272+0200] {dagbag.py:525} INFO - Filling up the DagBag from /home/choco/airflow_venv/lib/python3.10/site-packages/airflow/example_dags/example_skip_dag.py
[2023-06-11T02:18:23.287+0200] {processor.py:768} INFO - DAG(s) dict_keys(['example_skip_dag']) retrieved from /home/choco/airflow_venv/lib/python3.10/site-packages/airflow/example_dags/example_skip_dag.py
[2023-06-11T02:18:23.312+0200] {logging_mixin.py:117} INFO - [2023-06-11T02:18:23.312+0200] {dag.py:2573} INFO - Sync 1 DAGs
[2023-06-11T02:18:23.329+0200] {logging_mixin.py:117} INFO - [2023-06-11T02:18:23.329+0200] {dag.py:3324} INFO - Setting next_dagrun for example_skip_dag to 2023-06-10T00:18:23.329013+00:00, run_after=2023-06-11T00:18:23.329013+00:00
[2023-06-11T02:18:23.348+0200] {processor.py:178} INFO - Processing /home/choco/airflow_venv/lib/python3.10/site-packages/airflow/example_dags/example_skip_dag.py took 0.089 seconds
[2023-06-11T02:19:11.271+0200] {processor.py:156} INFO - Started process (PID=47726) to work on /home/choco/airflow_venv/lib/python3.10/site-packages/airflow/example_dags/example_skip_dag.py
[2023-06-11T02:19:11.282+0200] {processor.py:758} INFO - Processing file /home/choco/airflow_venv/lib/python3.10/site-packages/airflow/example_dags/example_skip_dag.py for tasks to queue
[2023-06-11T02:19:11.282+0200] {logging_mixin.py:117} INFO - [2023-06-11T02:19:11.282+0200] {dagbag.py:525} INFO - Filling up the DagBag from /home/choco/airflow_venv/lib/python3.10/site-packages/airflow/example_dags/example_skip_dag.py
[2023-06-11T02:19:11.292+0200] {processor.py:768} INFO - DAG(s) dict_keys(['example_skip_dag']) retrieved from /home/choco/airflow_venv/lib/python3.10/site-packages/airflow/example_dags/example_skip_dag.py
[2023-06-11T02:19:11.311+0200] {logging_mixin.py:117} INFO - [2023-06-11T02:19:11.311+0200] {dag.py:2573} INFO - Sync 1 DAGs
[2023-06-11T02:19:11.326+0200] {logging_mixin.py:117} INFO - [2023-06-11T02:19:11.326+0200] {dag.py:3324} INFO - Setting next_dagrun for example_skip_dag to 2023-06-10T00:19:11.326162+00:00, run_after=2023-06-11T00:19:11.326162+00:00
[2023-06-11T02:19:11.344+0200] {processor.py:178} INFO - Processing /home/choco/airflow_venv/lib/python3.10/site-packages/airflow/example_dags/example_skip_dag.py took 0.075 seconds
[2023-06-11T02:22:13.106+0200] {processor.py:156} INFO - Started process (PID=47909) to work on /home/choco/airflow_venv/lib/python3.10/site-packages/airflow/example_dags/example_skip_dag.py
[2023-06-11T02:22:13.116+0200] {processor.py:758} INFO - Processing file /home/choco/airflow_venv/lib/python3.10/site-packages/airflow/example_dags/example_skip_dag.py for tasks to queue
[2023-06-11T02:22:13.117+0200] {logging_mixin.py:117} INFO - [2023-06-11T02:22:13.117+0200] {dagbag.py:525} INFO - Filling up the DagBag from /home/choco/airflow_venv/lib/python3.10/site-packages/airflow/example_dags/example_skip_dag.py
[2023-06-11T02:22:13.128+0200] {processor.py:768} INFO - DAG(s) dict_keys(['example_skip_dag']) retrieved from /home/choco/airflow_venv/lib/python3.10/site-packages/airflow/example_dags/example_skip_dag.py
[2023-06-11T02:22:13.137+0200] {logging_mixin.py:117} INFO - [2023-06-11T02:22:13.137+0200] {dag.py:2573} INFO - Sync 1 DAGs
[2023-06-11T02:22:13.153+0200] {logging_mixin.py:117} INFO - [2023-06-11T02:22:13.153+0200] {dag.py:3324} INFO - Setting next_dagrun for example_skip_dag to 2023-06-10T00:22:13.153240+00:00, run_after=2023-06-11T00:22:13.153240+00:00
[2023-06-11T02:22:13.173+0200] {processor.py:178} INFO - Processing /home/choco/airflow_venv/lib/python3.10/site-packages/airflow/example_dags/example_skip_dag.py took 0.069 seconds
[2023-06-11T02:22:59.738+0200] {processor.py:156} INFO - Started process (PID=47951) to work on /home/choco/airflow_venv/lib/python3.10/site-packages/airflow/example_dags/example_skip_dag.py
[2023-06-11T02:22:59.749+0200] {processor.py:758} INFO - Processing file /home/choco/airflow_venv/lib/python3.10/site-packages/airflow/example_dags/example_skip_dag.py for tasks to queue
[2023-06-11T02:22:59.750+0200] {logging_mixin.py:117} INFO - [2023-06-11T02:22:59.750+0200] {dagbag.py:525} INFO - Filling up the DagBag from /home/choco/airflow_venv/lib/python3.10/site-packages/airflow/example_dags/example_skip_dag.py
[2023-06-11T02:22:59.760+0200] {processor.py:768} INFO - DAG(s) dict_keys(['example_skip_dag']) retrieved from /home/choco/airflow_venv/lib/python3.10/site-packages/airflow/example_dags/example_skip_dag.py
[2023-06-11T02:22:59.781+0200] {logging_mixin.py:117} INFO - [2023-06-11T02:22:59.780+0200] {dag.py:2573} INFO - Sync 1 DAGs
[2023-06-11T02:22:59.796+0200] {logging_mixin.py:117} INFO - [2023-06-11T02:22:59.796+0200] {dag.py:3324} INFO - Setting next_dagrun for example_skip_dag to 2023-06-10T00:22:59.796616+00:00, run_after=2023-06-11T00:22:59.796616+00:00
[2023-06-11T02:22:59.817+0200] {processor.py:178} INFO - Processing /home/choco/airflow_venv/lib/python3.10/site-packages/airflow/example_dags/example_skip_dag.py took 0.081 seconds
[2023-06-11T02:23:43.639+0200] {processor.py:156} INFO - Started process (PID=47995) to work on /home/choco/airflow_venv/lib/python3.10/site-packages/airflow/example_dags/example_skip_dag.py
[2023-06-11T02:23:43.651+0200] {processor.py:758} INFO - Processing file /home/choco/airflow_venv/lib/python3.10/site-packages/airflow/example_dags/example_skip_dag.py for tasks to queue
[2023-06-11T02:23:43.651+0200] {logging_mixin.py:117} INFO - [2023-06-11T02:23:43.651+0200] {dagbag.py:525} INFO - Filling up the DagBag from /home/choco/airflow_venv/lib/python3.10/site-packages/airflow/example_dags/example_skip_dag.py
[2023-06-11T02:23:43.660+0200] {processor.py:768} INFO - DAG(s) dict_keys(['example_skip_dag']) retrieved from /home/choco/airflow_venv/lib/python3.10/site-packages/airflow/example_dags/example_skip_dag.py
[2023-06-11T02:23:43.680+0200] {logging_mixin.py:117} INFO - [2023-06-11T02:23:43.680+0200] {dag.py:2573} INFO - Sync 1 DAGs
[2023-06-11T02:23:43.693+0200] {logging_mixin.py:117} INFO - [2023-06-11T02:23:43.693+0200] {dag.py:3324} INFO - Setting next_dagrun for example_skip_dag to 2023-06-10T00:23:43.693498+00:00, run_after=2023-06-11T00:23:43.693498+00:00
[2023-06-11T02:23:43.713+0200] {processor.py:178} INFO - Processing /home/choco/airflow_venv/lib/python3.10/site-packages/airflow/example_dags/example_skip_dag.py took 0.076 seconds
[2023-06-11T02:24:30.630+0200] {processor.py:156} INFO - Started process (PID=48042) to work on /home/choco/airflow_venv/lib/python3.10/site-packages/airflow/example_dags/example_skip_dag.py
[2023-06-11T02:24:30.641+0200] {processor.py:758} INFO - Processing file /home/choco/airflow_venv/lib/python3.10/site-packages/airflow/example_dags/example_skip_dag.py for tasks to queue
[2023-06-11T02:24:30.641+0200] {logging_mixin.py:117} INFO - [2023-06-11T02:24:30.641+0200] {dagbag.py:525} INFO - Filling up the DagBag from /home/choco/airflow_venv/lib/python3.10/site-packages/airflow/example_dags/example_skip_dag.py
[2023-06-11T02:24:30.652+0200] {processor.py:768} INFO - DAG(s) dict_keys(['example_skip_dag']) retrieved from /home/choco/airflow_venv/lib/python3.10/site-packages/airflow/example_dags/example_skip_dag.py
[2023-06-11T02:24:30.671+0200] {logging_mixin.py:117} INFO - [2023-06-11T02:24:30.671+0200] {dag.py:2573} INFO - Sync 1 DAGs
[2023-06-11T02:24:30.684+0200] {logging_mixin.py:117} INFO - [2023-06-11T02:24:30.684+0200] {dag.py:3324} INFO - Setting next_dagrun for example_skip_dag to 2023-06-10T00:24:30.684235+00:00, run_after=2023-06-11T00:24:30.684235+00:00
[2023-06-11T02:24:30.704+0200] {processor.py:178} INFO - Processing /home/choco/airflow_venv/lib/python3.10/site-packages/airflow/example_dags/example_skip_dag.py took 0.076 seconds
