[2023-06-11T02:17:39.271+0200] {processor.py:156} INFO - Started process (PID=47540) to work on /home/choco/airflow_venv/lib/python3.10/site-packages/airflow/example_dags/example_latest_only.py
[2023-06-11T02:17:39.271+0200] {processor.py:758} INFO - Processing file /home/choco/airflow_venv/lib/python3.10/site-packages/airflow/example_dags/example_latest_only.py for tasks to queue
[2023-06-11T02:17:39.272+0200] {logging_mixin.py:117} INFO - [2023-06-11T02:17:39.272+0200] {dagbag.py:525} INFO - Filling up the DagBag from /home/choco/airflow_venv/lib/python3.10/site-packages/airflow/example_dags/example_latest_only.py
[2023-06-11T02:17:39.280+0200] {processor.py:768} INFO - DAG(s) dict_keys(['latest_only']) retrieved from /home/choco/airflow_venv/lib/python3.10/site-packages/airflow/example_dags/example_latest_only.py
[2023-06-11T02:17:39.289+0200] {logging_mixin.py:117} INFO - [2023-06-11T02:17:39.289+0200] {dag.py:2573} INFO - Sync 1 DAGs
[2023-06-11T02:17:39.303+0200] {logging_mixin.py:117} INFO - [2023-06-11T02:17:39.303+0200] {dag.py:3324} INFO - Setting next_dagrun for latest_only to 2023-06-10T20:17:39.302942+00:00, run_after=2023-06-11T00:17:39.302942+00:00
[2023-06-11T02:17:39.323+0200] {processor.py:178} INFO - Processing /home/choco/airflow_venv/lib/python3.10/site-packages/airflow/example_dags/example_latest_only.py took 0.054 seconds
[2023-06-11T02:18:19.455+0200] {processor.py:156} INFO - Started process (PID=47581) to work on /home/choco/airflow_venv/lib/python3.10/site-packages/airflow/example_dags/example_latest_only.py
[2023-06-11T02:18:19.467+0200] {processor.py:758} INFO - Processing file /home/choco/airflow_venv/lib/python3.10/site-packages/airflow/example_dags/example_latest_only.py for tasks to queue
[2023-06-11T02:18:19.467+0200] {logging_mixin.py:117} INFO - [2023-06-11T02:18:19.467+0200] {dagbag.py:525} INFO - Filling up the DagBag from /home/choco/airflow_venv/lib/python3.10/site-packages/airflow/example_dags/example_latest_only.py
[2023-06-11T02:18:19.478+0200] {processor.py:768} INFO - DAG(s) dict_keys(['latest_only']) retrieved from /home/choco/airflow_venv/lib/python3.10/site-packages/airflow/example_dags/example_latest_only.py
[2023-06-11T02:18:19.499+0200] {logging_mixin.py:117} INFO - [2023-06-11T02:18:19.499+0200] {dag.py:2573} INFO - Sync 1 DAGs
[2023-06-11T02:18:19.515+0200] {logging_mixin.py:117} INFO - [2023-06-11T02:18:19.514+0200] {dag.py:3324} INFO - Setting next_dagrun for latest_only to 2023-06-10T20:18:19.514792+00:00, run_after=2023-06-11T00:18:19.514792+00:00
[2023-06-11T02:18:19.536+0200] {processor.py:178} INFO - Processing /home/choco/airflow_venv/lib/python3.10/site-packages/airflow/example_dags/example_latest_only.py took 0.082 seconds
[2023-06-11T02:19:07.262+0200] {processor.py:156} INFO - Started process (PID=47720) to work on /home/choco/airflow_venv/lib/python3.10/site-packages/airflow/example_dags/example_latest_only.py
[2023-06-11T02:19:07.266+0200] {processor.py:758} INFO - Processing file /home/choco/airflow_venv/lib/python3.10/site-packages/airflow/example_dags/example_latest_only.py for tasks to queue
[2023-06-11T02:19:07.267+0200] {logging_mixin.py:117} INFO - [2023-06-11T02:19:07.267+0200] {dagbag.py:525} INFO - Filling up the DagBag from /home/choco/airflow_venv/lib/python3.10/site-packages/airflow/example_dags/example_latest_only.py
[2023-06-11T02:19:07.278+0200] {processor.py:768} INFO - DAG(s) dict_keys(['latest_only']) retrieved from /home/choco/airflow_venv/lib/python3.10/site-packages/airflow/example_dags/example_latest_only.py
[2023-06-11T02:19:07.287+0200] {logging_mixin.py:117} INFO - [2023-06-11T02:19:07.287+0200] {dag.py:2573} INFO - Sync 1 DAGs
[2023-06-11T02:19:07.301+0200] {logging_mixin.py:117} INFO - [2023-06-11T02:19:07.301+0200] {dag.py:3324} INFO - Setting next_dagrun for latest_only to 2023-06-10T20:19:07.300987+00:00, run_after=2023-06-11T00:19:07.300987+00:00
[2023-06-11T02:19:07.323+0200] {processor.py:178} INFO - Processing /home/choco/airflow_venv/lib/python3.10/site-packages/airflow/example_dags/example_latest_only.py took 0.062 seconds
[2023-06-11T02:19:52.676+0200] {processor.py:156} INFO - Started process (PID=47777) to work on /home/choco/airflow_venv/lib/python3.10/site-packages/airflow/example_dags/example_latest_only.py
[2023-06-11T02:19:52.677+0200] {processor.py:758} INFO - Processing file /home/choco/airflow_venv/lib/python3.10/site-packages/airflow/example_dags/example_latest_only.py for tasks to queue
[2023-06-11T02:19:52.678+0200] {logging_mixin.py:117} INFO - [2023-06-11T02:19:52.678+0200] {dagbag.py:525} INFO - Filling up the DagBag from /home/choco/airflow_venv/lib/python3.10/site-packages/airflow/example_dags/example_latest_only.py
[2023-06-11T02:19:52.689+0200] {processor.py:768} INFO - DAG(s) dict_keys(['latest_only']) retrieved from /home/choco/airflow_venv/lib/python3.10/site-packages/airflow/example_dags/example_latest_only.py
[2023-06-11T02:19:52.709+0200] {logging_mixin.py:117} INFO - [2023-06-11T02:19:52.709+0200] {dag.py:2573} INFO - Sync 1 DAGs
[2023-06-11T02:19:52.727+0200] {logging_mixin.py:117} INFO - [2023-06-11T02:19:52.727+0200] {dag.py:3324} INFO - Setting next_dagrun for latest_only to 2023-06-10T20:19:52.727396+00:00, run_after=2023-06-11T00:19:52.727396+00:00
[2023-06-11T02:19:52.747+0200] {processor.py:178} INFO - Processing /home/choco/airflow_venv/lib/python3.10/site-packages/airflow/example_dags/example_latest_only.py took 0.073 seconds
[2023-06-11T02:22:10.244+0200] {processor.py:156} INFO - Started process (PID=47905) to work on /home/choco/airflow_venv/lib/python3.10/site-packages/airflow/example_dags/example_latest_only.py
[2023-06-11T02:22:10.256+0200] {processor.py:758} INFO - Processing file /home/choco/airflow_venv/lib/python3.10/site-packages/airflow/example_dags/example_latest_only.py for tasks to queue
[2023-06-11T02:22:10.257+0200] {logging_mixin.py:117} INFO - [2023-06-11T02:22:10.257+0200] {dagbag.py:525} INFO - Filling up the DagBag from /home/choco/airflow_venv/lib/python3.10/site-packages/airflow/example_dags/example_latest_only.py
[2023-06-11T02:22:10.267+0200] {processor.py:768} INFO - DAG(s) dict_keys(['latest_only']) retrieved from /home/choco/airflow_venv/lib/python3.10/site-packages/airflow/example_dags/example_latest_only.py
[2023-06-11T02:22:10.276+0200] {logging_mixin.py:117} INFO - [2023-06-11T02:22:10.276+0200] {dag.py:2573} INFO - Sync 1 DAGs
[2023-06-11T02:22:10.290+0200] {logging_mixin.py:117} INFO - [2023-06-11T02:22:10.289+0200] {dag.py:3324} INFO - Setting next_dagrun for latest_only to 2023-06-10T20:22:10.289777+00:00, run_after=2023-06-11T00:22:10.289777+00:00
[2023-06-11T02:22:10.314+0200] {processor.py:178} INFO - Processing /home/choco/airflow_venv/lib/python3.10/site-packages/airflow/example_dags/example_latest_only.py took 0.073 seconds
[2023-06-11T02:22:55.088+0200] {processor.py:156} INFO - Started process (PID=47947) to work on /home/choco/airflow_venv/lib/python3.10/site-packages/airflow/example_dags/example_latest_only.py
[2023-06-11T02:22:55.090+0200] {processor.py:758} INFO - Processing file /home/choco/airflow_venv/lib/python3.10/site-packages/airflow/example_dags/example_latest_only.py for tasks to queue
[2023-06-11T02:22:55.090+0200] {logging_mixin.py:117} INFO - [2023-06-11T02:22:55.090+0200] {dagbag.py:525} INFO - Filling up the DagBag from /home/choco/airflow_venv/lib/python3.10/site-packages/airflow/example_dags/example_latest_only.py
[2023-06-11T02:22:55.099+0200] {processor.py:768} INFO - DAG(s) dict_keys(['latest_only']) retrieved from /home/choco/airflow_venv/lib/python3.10/site-packages/airflow/example_dags/example_latest_only.py
[2023-06-11T02:22:55.118+0200] {logging_mixin.py:117} INFO - [2023-06-11T02:22:55.117+0200] {dag.py:2573} INFO - Sync 1 DAGs
[2023-06-11T02:22:55.132+0200] {logging_mixin.py:117} INFO - [2023-06-11T02:22:55.132+0200] {dag.py:3324} INFO - Setting next_dagrun for latest_only to 2023-06-10T20:22:55.131973+00:00, run_after=2023-06-11T00:22:55.131973+00:00
[2023-06-11T02:22:55.149+0200] {processor.py:178} INFO - Processing /home/choco/airflow_venv/lib/python3.10/site-packages/airflow/example_dags/example_latest_only.py took 0.064 seconds
[2023-06-11T02:23:38.984+0200] {processor.py:156} INFO - Started process (PID=47991) to work on /home/choco/airflow_venv/lib/python3.10/site-packages/airflow/example_dags/example_latest_only.py
[2023-06-11T02:23:38.985+0200] {processor.py:758} INFO - Processing file /home/choco/airflow_venv/lib/python3.10/site-packages/airflow/example_dags/example_latest_only.py for tasks to queue
[2023-06-11T02:23:38.986+0200] {logging_mixin.py:117} INFO - [2023-06-11T02:23:38.986+0200] {dagbag.py:525} INFO - Filling up the DagBag from /home/choco/airflow_venv/lib/python3.10/site-packages/airflow/example_dags/example_latest_only.py
[2023-06-11T02:23:38.995+0200] {processor.py:768} INFO - DAG(s) dict_keys(['latest_only']) retrieved from /home/choco/airflow_venv/lib/python3.10/site-packages/airflow/example_dags/example_latest_only.py
[2023-06-11T02:23:39.014+0200] {logging_mixin.py:117} INFO - [2023-06-11T02:23:39.013+0200] {dag.py:2573} INFO - Sync 1 DAGs
[2023-06-11T02:23:39.027+0200] {logging_mixin.py:117} INFO - [2023-06-11T02:23:39.027+0200] {dag.py:3324} INFO - Setting next_dagrun for latest_only to 2023-06-10T20:23:39.026888+00:00, run_after=2023-06-11T00:23:39.026888+00:00
[2023-06-11T02:23:39.046+0200] {processor.py:178} INFO - Processing /home/choco/airflow_venv/lib/python3.10/site-packages/airflow/example_dags/example_latest_only.py took 0.064 seconds
[2023-06-11T02:24:21.514+0200] {processor.py:156} INFO - Started process (PID=48033) to work on /home/choco/airflow_venv/lib/python3.10/site-packages/airflow/example_dags/example_latest_only.py
[2023-06-11T02:24:21.516+0200] {processor.py:758} INFO - Processing file /home/choco/airflow_venv/lib/python3.10/site-packages/airflow/example_dags/example_latest_only.py for tasks to queue
[2023-06-11T02:24:21.518+0200] {logging_mixin.py:117} INFO - [2023-06-11T02:24:21.517+0200] {dagbag.py:525} INFO - Filling up the DagBag from /home/choco/airflow_venv/lib/python3.10/site-packages/airflow/example_dags/example_latest_only.py
[2023-06-11T02:24:21.542+0200] {processor.py:768} INFO - DAG(s) dict_keys(['latest_only']) retrieved from /home/choco/airflow_venv/lib/python3.10/site-packages/airflow/example_dags/example_latest_only.py
[2023-06-11T02:24:21.586+0200] {logging_mixin.py:117} INFO - [2023-06-11T02:24:21.585+0200] {dag.py:2573} INFO - Sync 1 DAGs
[2023-06-11T02:24:21.613+0200] {logging_mixin.py:117} INFO - [2023-06-11T02:24:21.613+0200] {dag.py:3324} INFO - Setting next_dagrun for latest_only to 2023-06-10T20:24:21.613044+00:00, run_after=2023-06-11T00:24:21.613044+00:00
[2023-06-11T02:24:21.640+0200] {processor.py:178} INFO - Processing /home/choco/airflow_venv/lib/python3.10/site-packages/airflow/example_dags/example_latest_only.py took 0.132 seconds
