[2023-06-11T02:17:28.991+0200] {processor.py:156} INFO - Started process (PID=47322) to work on /home/choco/airflow_venv/lib/python3.10/site-packages/airflow/example_dags/example_task_group_decorator.py
[2023-06-11T02:17:28.993+0200] {processor.py:758} INFO - Processing file /home/choco/airflow_venv/lib/python3.10/site-packages/airflow/example_dags/example_task_group_decorator.py for tasks to queue
[2023-06-11T02:17:28.993+0200] {logging_mixin.py:117} INFO - [2023-06-11T02:17:28.993+0200] {dagbag.py:525} INFO - Filling up the DagBag from /home/choco/airflow_venv/lib/python3.10/site-packages/airflow/example_dags/example_task_group_decorator.py
[2023-06-11T02:17:29.028+0200] {processor.py:768} INFO - DAG(s) dict_keys(['example_task_group_decorator']) retrieved from /home/choco/airflow_venv/lib/python3.10/site-packages/airflow/example_dags/example_task_group_decorator.py
[2023-06-11T02:17:29.041+0200] {logging_mixin.py:117} INFO - [2023-06-11T02:17:29.040+0200] {dag.py:2573} INFO - Sync 1 DAGs
[2023-06-11T02:17:29.067+0200] {logging_mixin.py:117} INFO - [2023-06-11T02:17:29.067+0200] {dag.py:3324} INFO - Setting next_dagrun for example_task_group_decorator to 2023-06-10T00:17:29.067280+00:00, run_after=2023-06-11T00:17:29.067280+00:00
[2023-06-11T02:17:29.155+0200] {processor.py:178} INFO - Processing /home/choco/airflow_venv/lib/python3.10/site-packages/airflow/example_dags/example_task_group_decorator.py took 0.167 seconds
[2023-06-11T02:18:06.152+0200] {processor.py:156} INFO - Started process (PID=47567) to work on /home/choco/airflow_venv/lib/python3.10/site-packages/airflow/example_dags/example_task_group_decorator.py
[2023-06-11T02:18:06.164+0200] {processor.py:758} INFO - Processing file /home/choco/airflow_venv/lib/python3.10/site-packages/airflow/example_dags/example_task_group_decorator.py for tasks to queue
[2023-06-11T02:18:06.164+0200] {logging_mixin.py:117} INFO - [2023-06-11T02:18:06.164+0200] {dagbag.py:525} INFO - Filling up the DagBag from /home/choco/airflow_venv/lib/python3.10/site-packages/airflow/example_dags/example_task_group_decorator.py
[2023-06-11T02:18:06.188+0200] {processor.py:768} INFO - DAG(s) dict_keys(['example_task_group_decorator']) retrieved from /home/choco/airflow_venv/lib/python3.10/site-packages/airflow/example_dags/example_task_group_decorator.py
[2023-06-11T02:18:06.210+0200] {logging_mixin.py:117} INFO - [2023-06-11T02:18:06.209+0200] {dag.py:2573} INFO - Sync 1 DAGs
[2023-06-11T02:18:06.224+0200] {logging_mixin.py:117} INFO - [2023-06-11T02:18:06.223+0200] {dag.py:3324} INFO - Setting next_dagrun for example_task_group_decorator to 2023-06-10T00:18:06.223795+00:00, run_after=2023-06-11T00:18:06.223795+00:00
[2023-06-11T02:18:06.241+0200] {processor.py:178} INFO - Processing /home/choco/airflow_venv/lib/python3.10/site-packages/airflow/example_dags/example_task_group_decorator.py took 0.092 seconds
[2023-06-11T02:18:54.649+0200] {processor.py:156} INFO - Started process (PID=47708) to work on /home/choco/airflow_venv/lib/python3.10/site-packages/airflow/example_dags/example_task_group_decorator.py
[2023-06-11T02:18:54.660+0200] {processor.py:758} INFO - Processing file /home/choco/airflow_venv/lib/python3.10/site-packages/airflow/example_dags/example_task_group_decorator.py for tasks to queue
[2023-06-11T02:18:54.660+0200] {logging_mixin.py:117} INFO - [2023-06-11T02:18:54.660+0200] {dagbag.py:525} INFO - Filling up the DagBag from /home/choco/airflow_venv/lib/python3.10/site-packages/airflow/example_dags/example_task_group_decorator.py
[2023-06-11T02:18:54.683+0200] {processor.py:768} INFO - DAG(s) dict_keys(['example_task_group_decorator']) retrieved from /home/choco/airflow_venv/lib/python3.10/site-packages/airflow/example_dags/example_task_group_decorator.py
[2023-06-11T02:18:54.692+0200] {logging_mixin.py:117} INFO - [2023-06-11T02:18:54.692+0200] {dag.py:2573} INFO - Sync 1 DAGs
[2023-06-11T02:18:54.708+0200] {logging_mixin.py:117} INFO - [2023-06-11T02:18:54.708+0200] {dag.py:3324} INFO - Setting next_dagrun for example_task_group_decorator to 2023-06-10T00:18:54.707955+00:00, run_after=2023-06-11T00:18:54.707955+00:00
[2023-06-11T02:18:54.728+0200] {processor.py:178} INFO - Processing /home/choco/airflow_venv/lib/python3.10/site-packages/airflow/example_dags/example_task_group_decorator.py took 0.082 seconds
[2023-06-11T02:19:33.513+0200] {processor.py:156} INFO - Started process (PID=47748) to work on /home/choco/airflow_venv/lib/python3.10/site-packages/airflow/example_dags/example_task_group_decorator.py
[2023-06-11T02:19:33.524+0200] {processor.py:758} INFO - Processing file /home/choco/airflow_venv/lib/python3.10/site-packages/airflow/example_dags/example_task_group_decorator.py for tasks to queue
[2023-06-11T02:19:33.525+0200] {logging_mixin.py:117} INFO - [2023-06-11T02:19:33.525+0200] {dagbag.py:525} INFO - Filling up the DagBag from /home/choco/airflow_venv/lib/python3.10/site-packages/airflow/example_dags/example_task_group_decorator.py
[2023-06-11T02:19:33.546+0200] {processor.py:768} INFO - DAG(s) dict_keys(['example_task_group_decorator']) retrieved from /home/choco/airflow_venv/lib/python3.10/site-packages/airflow/example_dags/example_task_group_decorator.py
[2023-06-11T02:19:33.567+0200] {logging_mixin.py:117} INFO - [2023-06-11T02:19:33.567+0200] {dag.py:2573} INFO - Sync 1 DAGs
[2023-06-11T02:19:33.581+0200] {logging_mixin.py:117} INFO - [2023-06-11T02:19:33.581+0200] {dag.py:3324} INFO - Setting next_dagrun for example_task_group_decorator to 2023-06-10T00:19:33.581250+00:00, run_after=2023-06-11T00:19:33.581250+00:00
[2023-06-11T02:19:33.603+0200] {processor.py:178} INFO - Processing /home/choco/airflow_venv/lib/python3.10/site-packages/airflow/example_dags/example_task_group_decorator.py took 0.091 seconds
[2023-06-11T02:21:59.961+0200] {processor.py:156} INFO - Started process (PID=47889) to work on /home/choco/airflow_venv/lib/python3.10/site-packages/airflow/example_dags/example_task_group_decorator.py
[2023-06-11T02:21:59.962+0200] {processor.py:758} INFO - Processing file /home/choco/airflow_venv/lib/python3.10/site-packages/airflow/example_dags/example_task_group_decorator.py for tasks to queue
[2023-06-11T02:21:59.962+0200] {logging_mixin.py:117} INFO - [2023-06-11T02:21:59.962+0200] {dagbag.py:525} INFO - Filling up the DagBag from /home/choco/airflow_venv/lib/python3.10/site-packages/airflow/example_dags/example_task_group_decorator.py
[2023-06-11T02:21:59.988+0200] {processor.py:768} INFO - DAG(s) dict_keys(['example_task_group_decorator']) retrieved from /home/choco/airflow_venv/lib/python3.10/site-packages/airflow/example_dags/example_task_group_decorator.py
[2023-06-11T02:21:59.997+0200] {logging_mixin.py:117} INFO - [2023-06-11T02:21:59.997+0200] {dag.py:2573} INFO - Sync 1 DAGs
[2023-06-11T02:22:00.015+0200] {logging_mixin.py:117} INFO - [2023-06-11T02:22:00.015+0200] {dag.py:3324} INFO - Setting next_dagrun for example_task_group_decorator to 2023-06-10T00:22:00.014917+00:00, run_after=2023-06-11T00:22:00.014917+00:00
[2023-06-11T02:22:00.036+0200] {processor.py:178} INFO - Processing /home/choco/airflow_venv/lib/python3.10/site-packages/airflow/example_dags/example_task_group_decorator.py took 0.081 seconds
[2023-06-11T02:22:40.091+0200] {processor.py:156} INFO - Started process (PID=47933) to work on /home/choco/airflow_venv/lib/python3.10/site-packages/airflow/example_dags/example_task_group_decorator.py
[2023-06-11T02:22:40.093+0200] {processor.py:758} INFO - Processing file /home/choco/airflow_venv/lib/python3.10/site-packages/airflow/example_dags/example_task_group_decorator.py for tasks to queue
[2023-06-11T02:22:40.094+0200] {logging_mixin.py:117} INFO - [2023-06-11T02:22:40.094+0200] {dagbag.py:525} INFO - Filling up the DagBag from /home/choco/airflow_venv/lib/python3.10/site-packages/airflow/example_dags/example_task_group_decorator.py
[2023-06-11T02:22:40.121+0200] {processor.py:768} INFO - DAG(s) dict_keys(['example_task_group_decorator']) retrieved from /home/choco/airflow_venv/lib/python3.10/site-packages/airflow/example_dags/example_task_group_decorator.py
[2023-06-11T02:22:40.156+0200] {logging_mixin.py:117} INFO - [2023-06-11T02:22:40.155+0200] {dag.py:2573} INFO - Sync 1 DAGs
[2023-06-11T02:22:40.172+0200] {logging_mixin.py:117} INFO - [2023-06-11T02:22:40.172+0200] {dag.py:3324} INFO - Setting next_dagrun for example_task_group_decorator to 2023-06-10T00:22:40.172079+00:00, run_after=2023-06-11T00:22:40.172079+00:00
[2023-06-11T02:22:40.191+0200] {processor.py:178} INFO - Processing /home/choco/airflow_venv/lib/python3.10/site-packages/airflow/example_dags/example_task_group_decorator.py took 0.103 seconds
[2023-06-11T02:23:24.915+0200] {processor.py:156} INFO - Started process (PID=47977) to work on /home/choco/airflow_venv/lib/python3.10/site-packages/airflow/example_dags/example_task_group_decorator.py
[2023-06-11T02:23:24.925+0200] {processor.py:758} INFO - Processing file /home/choco/airflow_venv/lib/python3.10/site-packages/airflow/example_dags/example_task_group_decorator.py for tasks to queue
[2023-06-11T02:23:24.926+0200] {logging_mixin.py:117} INFO - [2023-06-11T02:23:24.926+0200] {dagbag.py:525} INFO - Filling up the DagBag from /home/choco/airflow_venv/lib/python3.10/site-packages/airflow/example_dags/example_task_group_decorator.py
[2023-06-11T02:23:24.950+0200] {processor.py:768} INFO - DAG(s) dict_keys(['example_task_group_decorator']) retrieved from /home/choco/airflow_venv/lib/python3.10/site-packages/airflow/example_dags/example_task_group_decorator.py
[2023-06-11T02:23:24.971+0200] {logging_mixin.py:117} INFO - [2023-06-11T02:23:24.970+0200] {dag.py:2573} INFO - Sync 1 DAGs
[2023-06-11T02:23:24.985+0200] {logging_mixin.py:117} INFO - [2023-06-11T02:23:24.985+0200] {dag.py:3324} INFO - Setting next_dagrun for example_task_group_decorator to 2023-06-10T00:23:24.985231+00:00, run_after=2023-06-11T00:23:24.985231+00:00
[2023-06-11T02:23:25.003+0200] {processor.py:178} INFO - Processing /home/choco/airflow_venv/lib/python3.10/site-packages/airflow/example_dags/example_task_group_decorator.py took 0.090 seconds
[2023-06-11T02:24:03.134+0200] {processor.py:156} INFO - Started process (PID=48015) to work on /home/choco/airflow_venv/lib/python3.10/site-packages/airflow/example_dags/example_task_group_decorator.py
[2023-06-11T02:24:03.145+0200] {processor.py:758} INFO - Processing file /home/choco/airflow_venv/lib/python3.10/site-packages/airflow/example_dags/example_task_group_decorator.py for tasks to queue
[2023-06-11T02:24:03.146+0200] {logging_mixin.py:117} INFO - [2023-06-11T02:24:03.146+0200] {dagbag.py:525} INFO - Filling up the DagBag from /home/choco/airflow_venv/lib/python3.10/site-packages/airflow/example_dags/example_task_group_decorator.py
[2023-06-11T02:24:03.167+0200] {processor.py:768} INFO - DAG(s) dict_keys(['example_task_group_decorator']) retrieved from /home/choco/airflow_venv/lib/python3.10/site-packages/airflow/example_dags/example_task_group_decorator.py
[2023-06-11T02:24:03.187+0200] {logging_mixin.py:117} INFO - [2023-06-11T02:24:03.187+0200] {dag.py:2573} INFO - Sync 1 DAGs
[2023-06-11T02:24:03.200+0200] {logging_mixin.py:117} INFO - [2023-06-11T02:24:03.200+0200] {dag.py:3324} INFO - Setting next_dagrun for example_task_group_decorator to 2023-06-10T00:24:03.200168+00:00, run_after=2023-06-11T00:24:03.200168+00:00
[2023-06-11T02:24:03.218+0200] {processor.py:178} INFO - Processing /home/choco/airflow_venv/lib/python3.10/site-packages/airflow/example_dags/example_task_group_decorator.py took 0.086 seconds
[2023-06-11T02:24:40.850+0200] {processor.py:156} INFO - Started process (PID=48052) to work on /home/choco/airflow_venv/lib/python3.10/site-packages/airflow/example_dags/example_task_group_decorator.py
[2023-06-11T02:24:40.861+0200] {processor.py:758} INFO - Processing file /home/choco/airflow_venv/lib/python3.10/site-packages/airflow/example_dags/example_task_group_decorator.py for tasks to queue
[2023-06-11T02:24:40.862+0200] {logging_mixin.py:117} INFO - [2023-06-11T02:24:40.862+0200] {dagbag.py:525} INFO - Filling up the DagBag from /home/choco/airflow_venv/lib/python3.10/site-packages/airflow/example_dags/example_task_group_decorator.py
[2023-06-11T02:24:40.884+0200] {processor.py:768} INFO - DAG(s) dict_keys(['example_task_group_decorator']) retrieved from /home/choco/airflow_venv/lib/python3.10/site-packages/airflow/example_dags/example_task_group_decorator.py
[2023-06-11T02:24:40.903+0200] {logging_mixin.py:117} INFO - [2023-06-11T02:24:40.903+0200] {dag.py:2573} INFO - Sync 1 DAGs
[2023-06-11T02:24:40.917+0200] {logging_mixin.py:117} INFO - [2023-06-11T02:24:40.917+0200] {dag.py:3324} INFO - Setting next_dagrun for example_task_group_decorator to 2023-06-10T00:24:40.917119+00:00, run_after=2023-06-11T00:24:40.917119+00:00
[2023-06-11T02:24:40.937+0200] {processor.py:178} INFO - Processing /home/choco/airflow_venv/lib/python3.10/site-packages/airflow/example_dags/example_task_group_decorator.py took 0.089 seconds
