[2023-06-11T02:17:31.698+0200] {processor.py:156} INFO - Started process (PID=47325) to work on /home/choco/airflow_venv/lib/python3.10/site-packages/airflow/example_dags/example_nested_branch_dag.py
[2023-06-11T02:17:31.699+0200] {processor.py:758} INFO - Processing file /home/choco/airflow_venv/lib/python3.10/site-packages/airflow/example_dags/example_nested_branch_dag.py for tasks to queue
[2023-06-11T02:17:31.699+0200] {logging_mixin.py:117} INFO - [2023-06-11T02:17:31.699+0200] {dagbag.py:525} INFO - Filling up the DagBag from /home/choco/airflow_venv/lib/python3.10/site-packages/airflow/example_dags/example_nested_branch_dag.py
[2023-06-11T02:17:31.718+0200] {processor.py:768} INFO - DAG(s) dict_keys(['example_nested_branch_dag']) retrieved from /home/choco/airflow_venv/lib/python3.10/site-packages/airflow/example_dags/example_nested_branch_dag.py
[2023-06-11T02:17:31.727+0200] {logging_mixin.py:117} INFO - [2023-06-11T02:17:31.727+0200] {dag.py:2573} INFO - Sync 1 DAGs
[2023-06-11T02:17:31.744+0200] {logging_mixin.py:117} INFO - [2023-06-11T02:17:31.744+0200] {dag.py:3324} INFO - Setting next_dagrun for example_nested_branch_dag to 2023-06-10T00:00:00+00:00, run_after=2023-06-11T00:00:00+00:00
[2023-06-11T02:17:31.779+0200] {processor.py:178} INFO - Processing /home/choco/airflow_venv/lib/python3.10/site-packages/airflow/example_dags/example_nested_branch_dag.py took 0.082 seconds
[2023-06-11T02:18:09.026+0200] {processor.py:156} INFO - Started process (PID=47570) to work on /home/choco/airflow_venv/lib/python3.10/site-packages/airflow/example_dags/example_nested_branch_dag.py
[2023-06-11T02:18:09.028+0200] {processor.py:758} INFO - Processing file /home/choco/airflow_venv/lib/python3.10/site-packages/airflow/example_dags/example_nested_branch_dag.py for tasks to queue
[2023-06-11T02:18:09.028+0200] {logging_mixin.py:117} INFO - [2023-06-11T02:18:09.028+0200] {dagbag.py:525} INFO - Filling up the DagBag from /home/choco/airflow_venv/lib/python3.10/site-packages/airflow/example_dags/example_nested_branch_dag.py
[2023-06-11T02:18:09.047+0200] {processor.py:768} INFO - DAG(s) dict_keys(['example_nested_branch_dag']) retrieved from /home/choco/airflow_venv/lib/python3.10/site-packages/airflow/example_dags/example_nested_branch_dag.py
[2023-06-11T02:18:09.067+0200] {logging_mixin.py:117} INFO - [2023-06-11T02:18:09.067+0200] {dag.py:2573} INFO - Sync 1 DAGs
[2023-06-11T02:18:09.082+0200] {logging_mixin.py:117} INFO - [2023-06-11T02:18:09.081+0200] {dag.py:3324} INFO - Setting next_dagrun for example_nested_branch_dag to 2023-06-10T00:00:00+00:00, run_after=2023-06-11T00:00:00+00:00
[2023-06-11T02:18:09.101+0200] {processor.py:178} INFO - Processing /home/choco/airflow_venv/lib/python3.10/site-packages/airflow/example_dags/example_nested_branch_dag.py took 0.077 seconds
[2023-06-11T02:18:57.785+0200] {processor.py:156} INFO - Started process (PID=47711) to work on /home/choco/airflow_venv/lib/python3.10/site-packages/airflow/example_dags/example_nested_branch_dag.py
[2023-06-11T02:18:57.797+0200] {processor.py:758} INFO - Processing file /home/choco/airflow_venv/lib/python3.10/site-packages/airflow/example_dags/example_nested_branch_dag.py for tasks to queue
[2023-06-11T02:18:57.797+0200] {logging_mixin.py:117} INFO - [2023-06-11T02:18:57.797+0200] {dagbag.py:525} INFO - Filling up the DagBag from /home/choco/airflow_venv/lib/python3.10/site-packages/airflow/example_dags/example_nested_branch_dag.py
[2023-06-11T02:18:57.816+0200] {processor.py:768} INFO - DAG(s) dict_keys(['example_nested_branch_dag']) retrieved from /home/choco/airflow_venv/lib/python3.10/site-packages/airflow/example_dags/example_nested_branch_dag.py
[2023-06-11T02:18:57.826+0200] {logging_mixin.py:117} INFO - [2023-06-11T02:18:57.826+0200] {dag.py:2573} INFO - Sync 1 DAGs
[2023-06-11T02:18:57.844+0200] {logging_mixin.py:117} INFO - [2023-06-11T02:18:57.844+0200] {dag.py:3324} INFO - Setting next_dagrun for example_nested_branch_dag to 2023-06-10T00:00:00+00:00, run_after=2023-06-11T00:00:00+00:00
[2023-06-11T02:18:57.864+0200] {processor.py:178} INFO - Processing /home/choco/airflow_venv/lib/python3.10/site-packages/airflow/example_dags/example_nested_branch_dag.py took 0.081 seconds
[2023-06-11T02:19:39.812+0200] {processor.py:156} INFO - Started process (PID=47753) to work on /home/choco/airflow_venv/lib/python3.10/site-packages/airflow/example_dags/example_nested_branch_dag.py
[2023-06-11T02:19:39.824+0200] {processor.py:758} INFO - Processing file /home/choco/airflow_venv/lib/python3.10/site-packages/airflow/example_dags/example_nested_branch_dag.py for tasks to queue
[2023-06-11T02:19:39.825+0200] {logging_mixin.py:117} INFO - [2023-06-11T02:19:39.824+0200] {dagbag.py:525} INFO - Filling up the DagBag from /home/choco/airflow_venv/lib/python3.10/site-packages/airflow/example_dags/example_nested_branch_dag.py
[2023-06-11T02:19:39.842+0200] {processor.py:768} INFO - DAG(s) dict_keys(['example_nested_branch_dag']) retrieved from /home/choco/airflow_venv/lib/python3.10/site-packages/airflow/example_dags/example_nested_branch_dag.py
[2023-06-11T02:19:39.862+0200] {logging_mixin.py:117} INFO - [2023-06-11T02:19:39.862+0200] {dag.py:2573} INFO - Sync 1 DAGs
[2023-06-11T02:19:39.877+0200] {logging_mixin.py:117} INFO - [2023-06-11T02:19:39.877+0200] {dag.py:3324} INFO - Setting next_dagrun for example_nested_branch_dag to 2023-06-10T00:00:00+00:00, run_after=2023-06-11T00:00:00+00:00
[2023-06-11T02:19:39.896+0200] {processor.py:178} INFO - Processing /home/choco/airflow_venv/lib/python3.10/site-packages/airflow/example_dags/example_nested_branch_dag.py took 0.085 seconds
[2023-06-11T02:22:02.573+0200] {processor.py:156} INFO - Started process (PID=47894) to work on /home/choco/airflow_venv/lib/python3.10/site-packages/airflow/example_dags/example_nested_branch_dag.py
[2023-06-11T02:22:02.575+0200] {processor.py:758} INFO - Processing file /home/choco/airflow_venv/lib/python3.10/site-packages/airflow/example_dags/example_nested_branch_dag.py for tasks to queue
[2023-06-11T02:22:02.575+0200] {logging_mixin.py:117} INFO - [2023-06-11T02:22:02.575+0200] {dagbag.py:525} INFO - Filling up the DagBag from /home/choco/airflow_venv/lib/python3.10/site-packages/airflow/example_dags/example_nested_branch_dag.py
[2023-06-11T02:22:02.594+0200] {processor.py:768} INFO - DAG(s) dict_keys(['example_nested_branch_dag']) retrieved from /home/choco/airflow_venv/lib/python3.10/site-packages/airflow/example_dags/example_nested_branch_dag.py
[2023-06-11T02:22:02.602+0200] {logging_mixin.py:117} INFO - [2023-06-11T02:22:02.602+0200] {dag.py:2573} INFO - Sync 1 DAGs
[2023-06-11T02:22:02.620+0200] {logging_mixin.py:117} INFO - [2023-06-11T02:22:02.620+0200] {dag.py:3324} INFO - Setting next_dagrun for example_nested_branch_dag to 2023-06-10T00:00:00+00:00, run_after=2023-06-11T00:00:00+00:00
[2023-06-11T02:22:02.640+0200] {processor.py:178} INFO - Processing /home/choco/airflow_venv/lib/python3.10/site-packages/airflow/example_dags/example_nested_branch_dag.py took 0.068 seconds
[2023-06-11T02:22:43.005+0200] {processor.py:156} INFO - Started process (PID=47936) to work on /home/choco/airflow_venv/lib/python3.10/site-packages/airflow/example_dags/example_nested_branch_dag.py
[2023-06-11T02:22:43.016+0200] {processor.py:758} INFO - Processing file /home/choco/airflow_venv/lib/python3.10/site-packages/airflow/example_dags/example_nested_branch_dag.py for tasks to queue
[2023-06-11T02:22:43.017+0200] {logging_mixin.py:117} INFO - [2023-06-11T02:22:43.017+0200] {dagbag.py:525} INFO - Filling up the DagBag from /home/choco/airflow_venv/lib/python3.10/site-packages/airflow/example_dags/example_nested_branch_dag.py
[2023-06-11T02:22:43.038+0200] {processor.py:768} INFO - DAG(s) dict_keys(['example_nested_branch_dag']) retrieved from /home/choco/airflow_venv/lib/python3.10/site-packages/airflow/example_dags/example_nested_branch_dag.py
[2023-06-11T02:22:43.061+0200] {logging_mixin.py:117} INFO - [2023-06-11T02:22:43.061+0200] {dag.py:2573} INFO - Sync 1 DAGs
[2023-06-11T02:22:43.081+0200] {logging_mixin.py:117} INFO - [2023-06-11T02:22:43.081+0200] {dag.py:3324} INFO - Setting next_dagrun for example_nested_branch_dag to 2023-06-10T00:00:00+00:00, run_after=2023-06-11T00:00:00+00:00
[2023-06-11T02:22:43.109+0200] {processor.py:178} INFO - Processing /home/choco/airflow_venv/lib/python3.10/site-packages/airflow/example_dags/example_nested_branch_dag.py took 0.106 seconds
[2023-06-11T02:23:27.878+0200] {processor.py:156} INFO - Started process (PID=47980) to work on /home/choco/airflow_venv/lib/python3.10/site-packages/airflow/example_dags/example_nested_branch_dag.py
[2023-06-11T02:23:27.880+0200] {processor.py:758} INFO - Processing file /home/choco/airflow_venv/lib/python3.10/site-packages/airflow/example_dags/example_nested_branch_dag.py for tasks to queue
[2023-06-11T02:23:27.880+0200] {logging_mixin.py:117} INFO - [2023-06-11T02:23:27.880+0200] {dagbag.py:525} INFO - Filling up the DagBag from /home/choco/airflow_venv/lib/python3.10/site-packages/airflow/example_dags/example_nested_branch_dag.py
[2023-06-11T02:23:27.898+0200] {processor.py:768} INFO - DAG(s) dict_keys(['example_nested_branch_dag']) retrieved from /home/choco/airflow_venv/lib/python3.10/site-packages/airflow/example_dags/example_nested_branch_dag.py
[2023-06-11T02:23:27.917+0200] {logging_mixin.py:117} INFO - [2023-06-11T02:23:27.917+0200] {dag.py:2573} INFO - Sync 1 DAGs
[2023-06-11T02:23:27.931+0200] {logging_mixin.py:117} INFO - [2023-06-11T02:23:27.931+0200] {dag.py:3324} INFO - Setting next_dagrun for example_nested_branch_dag to 2023-06-10T00:00:00+00:00, run_after=2023-06-11T00:00:00+00:00
[2023-06-11T02:23:27.950+0200] {processor.py:178} INFO - Processing /home/choco/airflow_venv/lib/python3.10/site-packages/airflow/example_dags/example_nested_branch_dag.py took 0.073 seconds
[2023-06-11T02:24:05.988+0200] {processor.py:156} INFO - Started process (PID=48018) to work on /home/choco/airflow_venv/lib/python3.10/site-packages/airflow/example_dags/example_nested_branch_dag.py
[2023-06-11T02:24:05.999+0200] {processor.py:758} INFO - Processing file /home/choco/airflow_venv/lib/python3.10/site-packages/airflow/example_dags/example_nested_branch_dag.py for tasks to queue
[2023-06-11T02:24:06.000+0200] {logging_mixin.py:117} INFO - [2023-06-11T02:24:06.000+0200] {dagbag.py:525} INFO - Filling up the DagBag from /home/choco/airflow_venv/lib/python3.10/site-packages/airflow/example_dags/example_nested_branch_dag.py
[2023-06-11T02:24:06.016+0200] {processor.py:768} INFO - DAG(s) dict_keys(['example_nested_branch_dag']) retrieved from /home/choco/airflow_venv/lib/python3.10/site-packages/airflow/example_dags/example_nested_branch_dag.py
[2023-06-11T02:24:06.036+0200] {logging_mixin.py:117} INFO - [2023-06-11T02:24:06.036+0200] {dag.py:2573} INFO - Sync 1 DAGs
[2023-06-11T02:24:06.056+0200] {logging_mixin.py:117} INFO - [2023-06-11T02:24:06.056+0200] {dag.py:3324} INFO - Setting next_dagrun for example_nested_branch_dag to 2023-06-10T00:00:00+00:00, run_after=2023-06-11T00:00:00+00:00
[2023-06-11T02:24:06.081+0200] {processor.py:178} INFO - Processing /home/choco/airflow_venv/lib/python3.10/site-packages/airflow/example_dags/example_nested_branch_dag.py took 0.094 seconds
[2023-06-11T02:24:44.262+0200] {processor.py:156} INFO - Started process (PID=48055) to work on /home/choco/airflow_venv/lib/python3.10/site-packages/airflow/example_dags/example_nested_branch_dag.py
[2023-06-11T02:24:44.273+0200] {processor.py:758} INFO - Processing file /home/choco/airflow_venv/lib/python3.10/site-packages/airflow/example_dags/example_nested_branch_dag.py for tasks to queue
[2023-06-11T02:24:44.273+0200] {logging_mixin.py:117} INFO - [2023-06-11T02:24:44.273+0200] {dagbag.py:525} INFO - Filling up the DagBag from /home/choco/airflow_venv/lib/python3.10/site-packages/airflow/example_dags/example_nested_branch_dag.py
[2023-06-11T02:24:44.291+0200] {processor.py:768} INFO - DAG(s) dict_keys(['example_nested_branch_dag']) retrieved from /home/choco/airflow_venv/lib/python3.10/site-packages/airflow/example_dags/example_nested_branch_dag.py
[2023-06-11T02:24:44.311+0200] {logging_mixin.py:117} INFO - [2023-06-11T02:24:44.310+0200] {dag.py:2573} INFO - Sync 1 DAGs
[2023-06-11T02:24:44.326+0200] {logging_mixin.py:117} INFO - [2023-06-11T02:24:44.326+0200] {dag.py:3324} INFO - Setting next_dagrun for example_nested_branch_dag to 2023-06-10T00:00:00+00:00, run_after=2023-06-11T00:00:00+00:00
[2023-06-11T02:24:44.347+0200] {processor.py:178} INFO - Processing /home/choco/airflow_venv/lib/python3.10/site-packages/airflow/example_dags/example_nested_branch_dag.py took 0.087 seconds
