[2023-06-11T02:17:32.987+0200] {processor.py:156} INFO - Started process (PID=47327) to work on /home/choco/airflow_venv/lib/python3.10/site-packages/airflow/example_dags/example_sla_dag.py
[2023-06-11T02:17:32.988+0200] {processor.py:758} INFO - Processing file /home/choco/airflow_venv/lib/python3.10/site-packages/airflow/example_dags/example_sla_dag.py for tasks to queue
[2023-06-11T02:17:32.988+0200] {logging_mixin.py:117} INFO - [2023-06-11T02:17:32.988+0200] {dagbag.py:525} INFO - Filling up the DagBag from /home/choco/airflow_venv/lib/python3.10/site-packages/airflow/example_dags/example_sla_dag.py
[2023-06-11T02:17:33.005+0200] {processor.py:768} INFO - DAG(s) dict_keys(['example_sla_dag']) retrieved from /home/choco/airflow_venv/lib/python3.10/site-packages/airflow/example_dags/example_sla_dag.py
[2023-06-11T02:17:33.013+0200] {logging_mixin.py:117} INFO - [2023-06-11T02:17:33.013+0200] {dag.py:2573} INFO - Sync 1 DAGs
[2023-06-11T02:17:33.031+0200] {logging_mixin.py:117} INFO - [2023-06-11T02:17:33.031+0200] {dag.py:3324} INFO - Setting next_dagrun for example_sla_dag to 2023-06-11T00:14:00+00:00, run_after=2023-06-11T00:16:00+00:00
[2023-06-11T02:17:33.059+0200] {processor.py:178} INFO - Processing /home/choco/airflow_venv/lib/python3.10/site-packages/airflow/example_dags/example_sla_dag.py took 0.074 seconds
[2023-06-11T02:18:11.302+0200] {processor.py:156} INFO - Started process (PID=47573) to work on /home/choco/airflow_venv/lib/python3.10/site-packages/airflow/example_dags/example_sla_dag.py
[2023-06-11T02:18:11.304+0200] {processor.py:758} INFO - Processing file /home/choco/airflow_venv/lib/python3.10/site-packages/airflow/example_dags/example_sla_dag.py for tasks to queue
[2023-06-11T02:18:11.306+0200] {logging_mixin.py:117} INFO - [2023-06-11T02:18:11.305+0200] {dagbag.py:525} INFO - Filling up the DagBag from /home/choco/airflow_venv/lib/python3.10/site-packages/airflow/example_dags/example_sla_dag.py
[2023-06-11T02:18:11.324+0200] {processor.py:768} INFO - DAG(s) dict_keys(['example_sla_dag']) retrieved from /home/choco/airflow_venv/lib/python3.10/site-packages/airflow/example_dags/example_sla_dag.py
[2023-06-11T02:18:11.346+0200] {logging_mixin.py:117} INFO - [2023-06-11T02:18:11.346+0200] {dag.py:2573} INFO - Sync 1 DAGs
[2023-06-11T02:18:11.373+0200] {logging_mixin.py:117} INFO - [2023-06-11T02:18:11.373+0200] {dag.py:3324} INFO - Setting next_dagrun for example_sla_dag to 2023-06-11T00:16:00+00:00, run_after=2023-06-11T00:18:00+00:00
[2023-06-11T02:18:11.394+0200] {processor.py:178} INFO - Processing /home/choco/airflow_venv/lib/python3.10/site-packages/airflow/example_dags/example_sla_dag.py took 0.094 seconds
[2023-06-11T02:18:59.808+0200] {processor.py:156} INFO - Started process (PID=47713) to work on /home/choco/airflow_venv/lib/python3.10/site-packages/airflow/example_dags/example_sla_dag.py
[2023-06-11T02:18:59.810+0200] {processor.py:758} INFO - Processing file /home/choco/airflow_venv/lib/python3.10/site-packages/airflow/example_dags/example_sla_dag.py for tasks to queue
[2023-06-11T02:18:59.811+0200] {logging_mixin.py:117} INFO - [2023-06-11T02:18:59.811+0200] {dagbag.py:525} INFO - Filling up the DagBag from /home/choco/airflow_venv/lib/python3.10/site-packages/airflow/example_dags/example_sla_dag.py
[2023-06-11T02:18:59.830+0200] {processor.py:768} INFO - DAG(s) dict_keys(['example_sla_dag']) retrieved from /home/choco/airflow_venv/lib/python3.10/site-packages/airflow/example_dags/example_sla_dag.py
[2023-06-11T02:18:59.842+0200] {logging_mixin.py:117} INFO - [2023-06-11T02:18:59.842+0200] {dag.py:2573} INFO - Sync 1 DAGs
[2023-06-11T02:18:59.860+0200] {logging_mixin.py:117} INFO - [2023-06-11T02:18:59.860+0200] {dag.py:3324} INFO - Setting next_dagrun for example_sla_dag to 2023-06-11T00:16:00+00:00, run_after=2023-06-11T00:18:00+00:00
[2023-06-11T02:18:59.878+0200] {processor.py:178} INFO - Processing /home/choco/airflow_venv/lib/python3.10/site-packages/airflow/example_dags/example_sla_dag.py took 0.072 seconds
[2023-06-11T02:19:41.633+0200] {processor.py:156} INFO - Started process (PID=47755) to work on /home/choco/airflow_venv/lib/python3.10/site-packages/airflow/example_dags/example_sla_dag.py
[2023-06-11T02:19:41.645+0200] {processor.py:758} INFO - Processing file /home/choco/airflow_venv/lib/python3.10/site-packages/airflow/example_dags/example_sla_dag.py for tasks to queue
[2023-06-11T02:19:41.645+0200] {logging_mixin.py:117} INFO - [2023-06-11T02:19:41.645+0200] {dagbag.py:525} INFO - Filling up the DagBag from /home/choco/airflow_venv/lib/python3.10/site-packages/airflow/example_dags/example_sla_dag.py
[2023-06-11T02:19:41.661+0200] {processor.py:768} INFO - DAG(s) dict_keys(['example_sla_dag']) retrieved from /home/choco/airflow_venv/lib/python3.10/site-packages/airflow/example_dags/example_sla_dag.py
[2023-06-11T02:19:41.681+0200] {logging_mixin.py:117} INFO - [2023-06-11T02:19:41.681+0200] {dag.py:2573} INFO - Sync 1 DAGs
[2023-06-11T02:19:41.697+0200] {logging_mixin.py:117} INFO - [2023-06-11T02:19:41.697+0200] {dag.py:3324} INFO - Setting next_dagrun for example_sla_dag to 2023-06-11T00:16:00+00:00, run_after=2023-06-11T00:18:00+00:00
[2023-06-11T02:19:41.715+0200] {processor.py:178} INFO - Processing /home/choco/airflow_venv/lib/python3.10/site-packages/airflow/example_dags/example_sla_dag.py took 0.084 seconds
[2023-06-11T02:22:03.967+0200] {processor.py:156} INFO - Started process (PID=47896) to work on /home/choco/airflow_venv/lib/python3.10/site-packages/airflow/example_dags/example_sla_dag.py
[2023-06-11T02:22:03.969+0200] {processor.py:758} INFO - Processing file /home/choco/airflow_venv/lib/python3.10/site-packages/airflow/example_dags/example_sla_dag.py for tasks to queue
[2023-06-11T02:22:03.970+0200] {logging_mixin.py:117} INFO - [2023-06-11T02:22:03.970+0200] {dagbag.py:525} INFO - Filling up the DagBag from /home/choco/airflow_venv/lib/python3.10/site-packages/airflow/example_dags/example_sla_dag.py
[2023-06-11T02:22:03.991+0200] {processor.py:768} INFO - DAG(s) dict_keys(['example_sla_dag']) retrieved from /home/choco/airflow_venv/lib/python3.10/site-packages/airflow/example_dags/example_sla_dag.py
[2023-06-11T02:22:04.004+0200] {logging_mixin.py:117} INFO - [2023-06-11T02:22:04.003+0200] {dag.py:2573} INFO - Sync 1 DAGs
[2023-06-11T02:22:04.026+0200] {logging_mixin.py:117} INFO - [2023-06-11T02:22:04.026+0200] {dag.py:3324} INFO - Setting next_dagrun for example_sla_dag to 2023-06-11T00:20:00+00:00, run_after=2023-06-11T00:22:00+00:00
[2023-06-11T02:22:04.043+0200] {processor.py:178} INFO - Processing /home/choco/airflow_venv/lib/python3.10/site-packages/airflow/example_dags/example_sla_dag.py took 0.079 seconds
[2023-06-11T02:22:45.235+0200] {processor.py:156} INFO - Started process (PID=47938) to work on /home/choco/airflow_venv/lib/python3.10/site-packages/airflow/example_dags/example_sla_dag.py
[2023-06-11T02:22:45.247+0200] {processor.py:758} INFO - Processing file /home/choco/airflow_venv/lib/python3.10/site-packages/airflow/example_dags/example_sla_dag.py for tasks to queue
[2023-06-11T02:22:45.247+0200] {logging_mixin.py:117} INFO - [2023-06-11T02:22:45.247+0200] {dagbag.py:525} INFO - Filling up the DagBag from /home/choco/airflow_venv/lib/python3.10/site-packages/airflow/example_dags/example_sla_dag.py
[2023-06-11T02:22:45.263+0200] {processor.py:768} INFO - DAG(s) dict_keys(['example_sla_dag']) retrieved from /home/choco/airflow_venv/lib/python3.10/site-packages/airflow/example_dags/example_sla_dag.py
[2023-06-11T02:22:45.283+0200] {logging_mixin.py:117} INFO - [2023-06-11T02:22:45.283+0200] {dag.py:2573} INFO - Sync 1 DAGs
[2023-06-11T02:22:45.299+0200] {logging_mixin.py:117} INFO - [2023-06-11T02:22:45.299+0200] {dag.py:3324} INFO - Setting next_dagrun for example_sla_dag to 2023-06-11T00:20:00+00:00, run_after=2023-06-11T00:22:00+00:00
[2023-06-11T02:22:45.316+0200] {processor.py:178} INFO - Processing /home/choco/airflow_venv/lib/python3.10/site-packages/airflow/example_dags/example_sla_dag.py took 0.082 seconds
[2023-06-11T02:23:30.172+0200] {processor.py:156} INFO - Started process (PID=47982) to work on /home/choco/airflow_venv/lib/python3.10/site-packages/airflow/example_dags/example_sla_dag.py
[2023-06-11T02:23:30.174+0200] {processor.py:758} INFO - Processing file /home/choco/airflow_venv/lib/python3.10/site-packages/airflow/example_dags/example_sla_dag.py for tasks to queue
[2023-06-11T02:23:30.175+0200] {logging_mixin.py:117} INFO - [2023-06-11T02:23:30.175+0200] {dagbag.py:525} INFO - Filling up the DagBag from /home/choco/airflow_venv/lib/python3.10/site-packages/airflow/example_dags/example_sla_dag.py
[2023-06-11T02:23:30.192+0200] {processor.py:768} INFO - DAG(s) dict_keys(['example_sla_dag']) retrieved from /home/choco/airflow_venv/lib/python3.10/site-packages/airflow/example_dags/example_sla_dag.py
[2023-06-11T02:23:30.215+0200] {logging_mixin.py:117} INFO - [2023-06-11T02:23:30.215+0200] {dag.py:2573} INFO - Sync 1 DAGs
[2023-06-11T02:23:30.233+0200] {logging_mixin.py:117} INFO - [2023-06-11T02:23:30.233+0200] {dag.py:3324} INFO - Setting next_dagrun for example_sla_dag to 2023-06-11T00:20:00+00:00, run_after=2023-06-11T00:22:00+00:00
[2023-06-11T02:23:30.253+0200] {processor.py:178} INFO - Processing /home/choco/airflow_venv/lib/python3.10/site-packages/airflow/example_dags/example_sla_dag.py took 0.082 seconds
[2023-06-11T02:24:14.407+0200] {processor.py:156} INFO - Started process (PID=48026) to work on /home/choco/airflow_venv/lib/python3.10/site-packages/airflow/example_dags/example_sla_dag.py
[2023-06-11T02:24:14.409+0200] {processor.py:758} INFO - Processing file /home/choco/airflow_venv/lib/python3.10/site-packages/airflow/example_dags/example_sla_dag.py for tasks to queue
[2023-06-11T02:24:14.410+0200] {logging_mixin.py:117} INFO - [2023-06-11T02:24:14.409+0200] {dagbag.py:525} INFO - Filling up the DagBag from /home/choco/airflow_venv/lib/python3.10/site-packages/airflow/example_dags/example_sla_dag.py
[2023-06-11T02:24:14.431+0200] {processor.py:768} INFO - DAG(s) dict_keys(['example_sla_dag']) retrieved from /home/choco/airflow_venv/lib/python3.10/site-packages/airflow/example_dags/example_sla_dag.py
[2023-06-11T02:24:14.458+0200] {logging_mixin.py:117} INFO - [2023-06-11T02:24:14.458+0200] {dag.py:2573} INFO - Sync 1 DAGs
[2023-06-11T02:24:14.477+0200] {logging_mixin.py:117} INFO - [2023-06-11T02:24:14.477+0200] {dag.py:3324} INFO - Setting next_dagrun for example_sla_dag to 2023-06-11T00:22:00+00:00, run_after=2023-06-11T00:24:00+00:00
[2023-06-11T02:24:14.504+0200] {processor.py:178} INFO - Processing /home/choco/airflow_venv/lib/python3.10/site-packages/airflow/example_dags/example_sla_dag.py took 0.099 seconds
