[2023-06-11T02:17:46.799+0200] {processor.py:156} INFO - Started process (PID=47548) to work on /home/choco/airflow_venv/lib/python3.10/site-packages/airflow/example_dags/tutorial_dag.py
[2023-06-11T02:17:46.800+0200] {processor.py:758} INFO - Processing file /home/choco/airflow_venv/lib/python3.10/site-packages/airflow/example_dags/tutorial_dag.py for tasks to queue
[2023-06-11T02:17:46.801+0200] {logging_mixin.py:117} INFO - [2023-06-11T02:17:46.801+0200] {dagbag.py:525} INFO - Filling up the DagBag from /home/choco/airflow_venv/lib/python3.10/site-packages/airflow/example_dags/tutorial_dag.py
[2023-06-11T02:17:46.812+0200] {processor.py:768} INFO - DAG(s) dict_keys(['tutorial_dag']) retrieved from /home/choco/airflow_venv/lib/python3.10/site-packages/airflow/example_dags/tutorial_dag.py
[2023-06-11T02:17:46.822+0200] {logging_mixin.py:117} INFO - [2023-06-11T02:17:46.822+0200] {dag.py:2573} INFO - Sync 1 DAGs
[2023-06-11T02:17:46.839+0200] {logging_mixin.py:117} INFO - [2023-06-11T02:17:46.838+0200] {dag.py:3324} INFO - Setting next_dagrun for tutorial_dag to None, run_after=None
[2023-06-11T02:17:46.872+0200] {processor.py:178} INFO - Processing /home/choco/airflow_venv/lib/python3.10/site-packages/airflow/example_dags/tutorial_dag.py took 0.075 seconds
[2023-06-11T02:19:14.124+0200] {processor.py:156} INFO - Started process (PID=47730) to work on /home/choco/airflow_venv/lib/python3.10/site-packages/airflow/example_dags/tutorial_dag.py
[2023-06-11T02:19:14.125+0200] {processor.py:758} INFO - Processing file /home/choco/airflow_venv/lib/python3.10/site-packages/airflow/example_dags/tutorial_dag.py for tasks to queue
[2023-06-11T02:19:14.126+0200] {logging_mixin.py:117} INFO - [2023-06-11T02:19:14.126+0200] {dagbag.py:525} INFO - Filling up the DagBag from /home/choco/airflow_venv/lib/python3.10/site-packages/airflow/example_dags/tutorial_dag.py
[2023-06-11T02:19:14.137+0200] {processor.py:768} INFO - DAG(s) dict_keys(['tutorial_dag']) retrieved from /home/choco/airflow_venv/lib/python3.10/site-packages/airflow/example_dags/tutorial_dag.py
[2023-06-11T02:19:14.157+0200] {logging_mixin.py:117} INFO - [2023-06-11T02:19:14.157+0200] {dag.py:2573} INFO - Sync 1 DAGs
[2023-06-11T02:19:14.171+0200] {logging_mixin.py:117} INFO - [2023-06-11T02:19:14.171+0200] {dag.py:3324} INFO - Setting next_dagrun for tutorial_dag to None, run_after=None
[2023-06-11T02:19:14.189+0200] {processor.py:178} INFO - Processing /home/choco/airflow_venv/lib/python3.10/site-packages/airflow/example_dags/tutorial_dag.py took 0.067 seconds
[2023-06-11T02:22:17.654+0200] {processor.py:156} INFO - Started process (PID=47913) to work on /home/choco/airflow_venv/lib/python3.10/site-packages/airflow/example_dags/tutorial_dag.py
[2023-06-11T02:22:17.664+0200] {processor.py:758} INFO - Processing file /home/choco/airflow_venv/lib/python3.10/site-packages/airflow/example_dags/tutorial_dag.py for tasks to queue
[2023-06-11T02:22:17.665+0200] {logging_mixin.py:117} INFO - [2023-06-11T02:22:17.665+0200] {dagbag.py:525} INFO - Filling up the DagBag from /home/choco/airflow_venv/lib/python3.10/site-packages/airflow/example_dags/tutorial_dag.py
[2023-06-11T02:22:17.673+0200] {processor.py:768} INFO - DAG(s) dict_keys(['tutorial_dag']) retrieved from /home/choco/airflow_venv/lib/python3.10/site-packages/airflow/example_dags/tutorial_dag.py
[2023-06-11T02:22:17.683+0200] {logging_mixin.py:117} INFO - [2023-06-11T02:22:17.683+0200] {dag.py:2573} INFO - Sync 1 DAGs
[2023-06-11T02:22:17.698+0200] {logging_mixin.py:117} INFO - [2023-06-11T02:22:17.698+0200] {dag.py:3324} INFO - Setting next_dagrun for tutorial_dag to None, run_after=None
[2023-06-11T02:22:17.717+0200] {processor.py:178} INFO - Processing /home/choco/airflow_venv/lib/python3.10/site-packages/airflow/example_dags/tutorial_dag.py took 0.064 seconds
[2023-06-11T02:23:03.400+0200] {processor.py:156} INFO - Started process (PID=47955) to work on /home/choco/airflow_venv/lib/python3.10/site-packages/airflow/example_dags/tutorial_dag.py
[2023-06-11T02:23:03.401+0200] {processor.py:758} INFO - Processing file /home/choco/airflow_venv/lib/python3.10/site-packages/airflow/example_dags/tutorial_dag.py for tasks to queue
[2023-06-11T02:23:03.402+0200] {logging_mixin.py:117} INFO - [2023-06-11T02:23:03.402+0200] {dagbag.py:525} INFO - Filling up the DagBag from /home/choco/airflow_venv/lib/python3.10/site-packages/airflow/example_dags/tutorial_dag.py
[2023-06-11T02:23:03.412+0200] {processor.py:768} INFO - DAG(s) dict_keys(['tutorial_dag']) retrieved from /home/choco/airflow_venv/lib/python3.10/site-packages/airflow/example_dags/tutorial_dag.py
[2023-06-11T02:23:03.432+0200] {logging_mixin.py:117} INFO - [2023-06-11T02:23:03.432+0200] {dag.py:2573} INFO - Sync 1 DAGs
[2023-06-11T02:23:03.449+0200] {logging_mixin.py:117} INFO - [2023-06-11T02:23:03.449+0200] {dag.py:3324} INFO - Setting next_dagrun for tutorial_dag to None, run_after=None
[2023-06-11T02:23:03.476+0200] {processor.py:178} INFO - Processing /home/choco/airflow_venv/lib/python3.10/site-packages/airflow/example_dags/tutorial_dag.py took 0.078 seconds
[2023-06-11T02:23:52.970+0200] {processor.py:156} INFO - Started process (PID=48004) to work on /home/choco/airflow_venv/lib/python3.10/site-packages/airflow/example_dags/tutorial_dag.py
[2023-06-11T02:23:52.982+0200] {processor.py:758} INFO - Processing file /home/choco/airflow_venv/lib/python3.10/site-packages/airflow/example_dags/tutorial_dag.py for tasks to queue
[2023-06-11T02:23:52.983+0200] {logging_mixin.py:117} INFO - [2023-06-11T02:23:52.983+0200] {dagbag.py:525} INFO - Filling up the DagBag from /home/choco/airflow_venv/lib/python3.10/site-packages/airflow/example_dags/tutorial_dag.py
[2023-06-11T02:23:52.992+0200] {processor.py:768} INFO - DAG(s) dict_keys(['tutorial_dag']) retrieved from /home/choco/airflow_venv/lib/python3.10/site-packages/airflow/example_dags/tutorial_dag.py
[2023-06-11T02:23:53.012+0200] {logging_mixin.py:117} INFO - [2023-06-11T02:23:53.011+0200] {dag.py:2573} INFO - Sync 1 DAGs
[2023-06-11T02:23:53.025+0200] {logging_mixin.py:117} INFO - [2023-06-11T02:23:53.025+0200] {dag.py:3324} INFO - Setting next_dagrun for tutorial_dag to None, run_after=None
[2023-06-11T02:23:53.045+0200] {processor.py:178} INFO - Processing /home/choco/airflow_venv/lib/python3.10/site-packages/airflow/example_dags/tutorial_dag.py took 0.077 seconds
[2023-06-11T02:24:34.725+0200] {processor.py:156} INFO - Started process (PID=48046) to work on /home/choco/airflow_venv/lib/python3.10/site-packages/airflow/example_dags/tutorial_dag.py
[2023-06-11T02:24:34.726+0200] {processor.py:758} INFO - Processing file /home/choco/airflow_venv/lib/python3.10/site-packages/airflow/example_dags/tutorial_dag.py for tasks to queue
[2023-06-11T02:24:34.727+0200] {logging_mixin.py:117} INFO - [2023-06-11T02:24:34.727+0200] {dagbag.py:525} INFO - Filling up the DagBag from /home/choco/airflow_venv/lib/python3.10/site-packages/airflow/example_dags/tutorial_dag.py
[2023-06-11T02:24:34.735+0200] {processor.py:768} INFO - DAG(s) dict_keys(['tutorial_dag']) retrieved from /home/choco/airflow_venv/lib/python3.10/site-packages/airflow/example_dags/tutorial_dag.py
[2023-06-11T02:24:34.754+0200] {logging_mixin.py:117} INFO - [2023-06-11T02:24:34.754+0200] {dag.py:2573} INFO - Sync 1 DAGs
[2023-06-11T02:24:34.767+0200] {logging_mixin.py:117} INFO - [2023-06-11T02:24:34.767+0200] {dag.py:3324} INFO - Setting next_dagrun for tutorial_dag to None, run_after=None
[2023-06-11T02:24:34.784+0200] {processor.py:178} INFO - Processing /home/choco/airflow_venv/lib/python3.10/site-packages/airflow/example_dags/tutorial_dag.py took 0.061 seconds
