[2023-06-11T02:17:43.281+0200] {processor.py:156} INFO - Started process (PID=47545) to work on /home/choco/airflow_venv/lib/python3.10/site-packages/airflow/example_dags/tutorial_taskflow_api_virtualenv.py
[2023-06-11T02:17:43.281+0200] {processor.py:758} INFO - Processing file /home/choco/airflow_venv/lib/python3.10/site-packages/airflow/example_dags/tutorial_taskflow_api_virtualenv.py for tasks to queue
[2023-06-11T02:17:43.282+0200] {logging_mixin.py:117} INFO - [2023-06-11T02:17:43.282+0200] {dagbag.py:525} INFO - Filling up the DagBag from /home/choco/airflow_venv/lib/python3.10/site-packages/airflow/example_dags/tutorial_taskflow_api_virtualenv.py
[2023-06-11T02:17:43.297+0200] {processor.py:768} INFO - DAG(s) dict_keys(['tutorial_taskflow_api_virtualenv']) retrieved from /home/choco/airflow_venv/lib/python3.10/site-packages/airflow/example_dags/tutorial_taskflow_api_virtualenv.py
[2023-06-11T02:17:43.306+0200] {logging_mixin.py:117} INFO - [2023-06-11T02:17:43.305+0200] {dag.py:2573} INFO - Sync 1 DAGs
[2023-06-11T02:17:43.321+0200] {logging_mixin.py:117} INFO - [2023-06-11T02:17:43.320+0200] {dag.py:3324} INFO - Setting next_dagrun for tutorial_taskflow_api_virtualenv to None, run_after=None
[2023-06-11T02:17:43.348+0200] {processor.py:178} INFO - Processing /home/choco/airflow_venv/lib/python3.10/site-packages/airflow/example_dags/tutorial_taskflow_api_virtualenv.py took 0.068 seconds
[2023-06-11T02:19:11.783+0200] {processor.py:156} INFO - Started process (PID=47727) to work on /home/choco/airflow_venv/lib/python3.10/site-packages/airflow/example_dags/tutorial_taskflow_api_virtualenv.py
[2023-06-11T02:19:11.794+0200] {processor.py:758} INFO - Processing file /home/choco/airflow_venv/lib/python3.10/site-packages/airflow/example_dags/tutorial_taskflow_api_virtualenv.py for tasks to queue
[2023-06-11T02:19:11.794+0200] {logging_mixin.py:117} INFO - [2023-06-11T02:19:11.794+0200] {dagbag.py:525} INFO - Filling up the DagBag from /home/choco/airflow_venv/lib/python3.10/site-packages/airflow/example_dags/tutorial_taskflow_api_virtualenv.py
[2023-06-11T02:19:11.810+0200] {processor.py:768} INFO - DAG(s) dict_keys(['tutorial_taskflow_api_virtualenv']) retrieved from /home/choco/airflow_venv/lib/python3.10/site-packages/airflow/example_dags/tutorial_taskflow_api_virtualenv.py
[2023-06-11T02:19:11.831+0200] {logging_mixin.py:117} INFO - [2023-06-11T02:19:11.831+0200] {dag.py:2573} INFO - Sync 1 DAGs
[2023-06-11T02:19:11.846+0200] {logging_mixin.py:117} INFO - [2023-06-11T02:19:11.845+0200] {dag.py:3324} INFO - Setting next_dagrun for tutorial_taskflow_api_virtualenv to None, run_after=None
[2023-06-11T02:19:11.866+0200] {processor.py:178} INFO - Processing /home/choco/airflow_venv/lib/python3.10/site-packages/airflow/example_dags/tutorial_taskflow_api_virtualenv.py took 0.085 seconds
[2023-06-11T02:22:14.250+0200] {processor.py:156} INFO - Started process (PID=47910) to work on /home/choco/airflow_venv/lib/python3.10/site-packages/airflow/example_dags/tutorial_taskflow_api_virtualenv.py
[2023-06-11T02:22:14.262+0200] {processor.py:758} INFO - Processing file /home/choco/airflow_venv/lib/python3.10/site-packages/airflow/example_dags/tutorial_taskflow_api_virtualenv.py for tasks to queue
[2023-06-11T02:22:14.263+0200] {logging_mixin.py:117} INFO - [2023-06-11T02:22:14.262+0200] {dagbag.py:525} INFO - Filling up the DagBag from /home/choco/airflow_venv/lib/python3.10/site-packages/airflow/example_dags/tutorial_taskflow_api_virtualenv.py
[2023-06-11T02:22:14.279+0200] {processor.py:768} INFO - DAG(s) dict_keys(['tutorial_taskflow_api_virtualenv']) retrieved from /home/choco/airflow_venv/lib/python3.10/site-packages/airflow/example_dags/tutorial_taskflow_api_virtualenv.py
[2023-06-11T02:22:14.287+0200] {logging_mixin.py:117} INFO - [2023-06-11T02:22:14.287+0200] {dag.py:2573} INFO - Sync 1 DAGs
[2023-06-11T02:22:14.304+0200] {logging_mixin.py:117} INFO - [2023-06-11T02:22:14.304+0200] {dag.py:3324} INFO - Setting next_dagrun for tutorial_taskflow_api_virtualenv to None, run_after=None
[2023-06-11T02:22:14.329+0200] {processor.py:178} INFO - Processing /home/choco/airflow_venv/lib/python3.10/site-packages/airflow/example_dags/tutorial_taskflow_api_virtualenv.py took 0.081 seconds
[2023-06-11T02:23:00.232+0200] {processor.py:156} INFO - Started process (PID=47952) to work on /home/choco/airflow_venv/lib/python3.10/site-packages/airflow/example_dags/tutorial_taskflow_api_virtualenv.py
[2023-06-11T02:23:00.233+0200] {processor.py:758} INFO - Processing file /home/choco/airflow_venv/lib/python3.10/site-packages/airflow/example_dags/tutorial_taskflow_api_virtualenv.py for tasks to queue
[2023-06-11T02:23:00.234+0200] {logging_mixin.py:117} INFO - [2023-06-11T02:23:00.234+0200] {dagbag.py:525} INFO - Filling up the DagBag from /home/choco/airflow_venv/lib/python3.10/site-packages/airflow/example_dags/tutorial_taskflow_api_virtualenv.py
[2023-06-11T02:23:00.249+0200] {processor.py:768} INFO - DAG(s) dict_keys(['tutorial_taskflow_api_virtualenv']) retrieved from /home/choco/airflow_venv/lib/python3.10/site-packages/airflow/example_dags/tutorial_taskflow_api_virtualenv.py
[2023-06-11T02:23:00.268+0200] {logging_mixin.py:117} INFO - [2023-06-11T02:23:00.268+0200] {dag.py:2573} INFO - Sync 1 DAGs
[2023-06-11T02:23:00.282+0200] {logging_mixin.py:117} INFO - [2023-06-11T02:23:00.282+0200] {dag.py:3324} INFO - Setting next_dagrun for tutorial_taskflow_api_virtualenv to None, run_after=None
[2023-06-11T02:23:00.300+0200] {processor.py:178} INFO - Processing /home/choco/airflow_venv/lib/python3.10/site-packages/airflow/example_dags/tutorial_taskflow_api_virtualenv.py took 0.070 seconds
[2023-06-11T02:23:43.996+0200] {processor.py:156} INFO - Started process (PID=47996) to work on /home/choco/airflow_venv/lib/python3.10/site-packages/airflow/example_dags/tutorial_taskflow_api_virtualenv.py
[2023-06-11T02:23:43.998+0200] {processor.py:758} INFO - Processing file /home/choco/airflow_venv/lib/python3.10/site-packages/airflow/example_dags/tutorial_taskflow_api_virtualenv.py for tasks to queue
[2023-06-11T02:23:43.998+0200] {logging_mixin.py:117} INFO - [2023-06-11T02:23:43.998+0200] {dagbag.py:525} INFO - Filling up the DagBag from /home/choco/airflow_venv/lib/python3.10/site-packages/airflow/example_dags/tutorial_taskflow_api_virtualenv.py
[2023-06-11T02:23:44.016+0200] {processor.py:768} INFO - DAG(s) dict_keys(['tutorial_taskflow_api_virtualenv']) retrieved from /home/choco/airflow_venv/lib/python3.10/site-packages/airflow/example_dags/tutorial_taskflow_api_virtualenv.py
[2023-06-11T02:23:44.035+0200] {logging_mixin.py:117} INFO - [2023-06-11T02:23:44.035+0200] {dag.py:2573} INFO - Sync 1 DAGs
[2023-06-11T02:23:44.049+0200] {logging_mixin.py:117} INFO - [2023-06-11T02:23:44.049+0200] {dag.py:3324} INFO - Setting next_dagrun for tutorial_taskflow_api_virtualenv to None, run_after=None
[2023-06-11T02:23:44.068+0200] {processor.py:178} INFO - Processing /home/choco/airflow_venv/lib/python3.10/site-packages/airflow/example_dags/tutorial_taskflow_api_virtualenv.py took 0.074 seconds
[2023-06-11T02:24:31.766+0200] {processor.py:156} INFO - Started process (PID=48043) to work on /home/choco/airflow_venv/lib/python3.10/site-packages/airflow/example_dags/tutorial_taskflow_api_virtualenv.py
[2023-06-11T02:24:31.777+0200] {processor.py:758} INFO - Processing file /home/choco/airflow_venv/lib/python3.10/site-packages/airflow/example_dags/tutorial_taskflow_api_virtualenv.py for tasks to queue
[2023-06-11T02:24:31.777+0200] {logging_mixin.py:117} INFO - [2023-06-11T02:24:31.777+0200] {dagbag.py:525} INFO - Filling up the DagBag from /home/choco/airflow_venv/lib/python3.10/site-packages/airflow/example_dags/tutorial_taskflow_api_virtualenv.py
[2023-06-11T02:24:31.792+0200] {processor.py:768} INFO - DAG(s) dict_keys(['tutorial_taskflow_api_virtualenv']) retrieved from /home/choco/airflow_venv/lib/python3.10/site-packages/airflow/example_dags/tutorial_taskflow_api_virtualenv.py
[2023-06-11T02:24:31.811+0200] {logging_mixin.py:117} INFO - [2023-06-11T02:24:31.811+0200] {dag.py:2573} INFO - Sync 1 DAGs
[2023-06-11T02:24:31.824+0200] {logging_mixin.py:117} INFO - [2023-06-11T02:24:31.824+0200] {dag.py:3324} INFO - Setting next_dagrun for tutorial_taskflow_api_virtualenv to None, run_after=None
[2023-06-11T02:24:31.843+0200] {processor.py:178} INFO - Processing /home/choco/airflow_venv/lib/python3.10/site-packages/airflow/example_dags/tutorial_taskflow_api_virtualenv.py took 0.078 seconds
