[2023-06-11T02:17:34.124+0200] {processor.py:156} INFO - Started process (PID=47355) to work on /home/choco/airflow_venv/lib/python3.10/site-packages/airflow/example_dags/tutorial_taskflow_api.py
[2023-06-11T02:17:34.125+0200] {processor.py:758} INFO - Processing file /home/choco/airflow_venv/lib/python3.10/site-packages/airflow/example_dags/tutorial_taskflow_api.py for tasks to queue
[2023-06-11T02:17:34.126+0200] {logging_mixin.py:117} INFO - [2023-06-11T02:17:34.126+0200] {dagbag.py:525} INFO - Filling up the DagBag from /home/choco/airflow_venv/lib/python3.10/site-packages/airflow/example_dags/tutorial_taskflow_api.py
[2023-06-11T02:17:34.166+0200] {processor.py:768} INFO - DAG(s) dict_keys(['tutorial_taskflow_api']) retrieved from /home/choco/airflow_venv/lib/python3.10/site-packages/airflow/example_dags/tutorial_taskflow_api.py
[2023-06-11T02:17:34.179+0200] {logging_mixin.py:117} INFO - [2023-06-11T02:17:34.178+0200] {dag.py:2573} INFO - Sync 1 DAGs
[2023-06-11T02:17:34.200+0200] {logging_mixin.py:117} INFO - [2023-06-11T02:17:34.199+0200] {dag.py:3324} INFO - Setting next_dagrun for tutorial_taskflow_api to None, run_after=None
[2023-06-11T02:17:34.227+0200] {processor.py:178} INFO - Processing /home/choco/airflow_venv/lib/python3.10/site-packages/airflow/example_dags/tutorial_taskflow_api.py took 0.106 seconds
[2023-06-11T02:18:12.118+0200] {processor.py:156} INFO - Started process (PID=47574) to work on /home/choco/airflow_venv/lib/python3.10/site-packages/airflow/example_dags/tutorial_taskflow_api.py
[2023-06-11T02:18:12.120+0200] {processor.py:758} INFO - Processing file /home/choco/airflow_venv/lib/python3.10/site-packages/airflow/example_dags/tutorial_taskflow_api.py for tasks to queue
[2023-06-11T02:18:12.121+0200] {logging_mixin.py:117} INFO - [2023-06-11T02:18:12.121+0200] {dagbag.py:525} INFO - Filling up the DagBag from /home/choco/airflow_venv/lib/python3.10/site-packages/airflow/example_dags/tutorial_taskflow_api.py
[2023-06-11T02:18:12.135+0200] {processor.py:768} INFO - DAG(s) dict_keys(['tutorial_taskflow_api']) retrieved from /home/choco/airflow_venv/lib/python3.10/site-packages/airflow/example_dags/tutorial_taskflow_api.py
[2023-06-11T02:18:12.154+0200] {logging_mixin.py:117} INFO - [2023-06-11T02:18:12.154+0200] {dag.py:2573} INFO - Sync 1 DAGs
[2023-06-11T02:18:12.168+0200] {logging_mixin.py:117} INFO - [2023-06-11T02:18:12.167+0200] {dag.py:3324} INFO - Setting next_dagrun for tutorial_taskflow_api to None, run_after=None
[2023-06-11T02:18:12.186+0200] {processor.py:178} INFO - Processing /home/choco/airflow_venv/lib/python3.10/site-packages/airflow/example_dags/tutorial_taskflow_api.py took 0.070 seconds
[2023-06-11T02:19:00.957+0200] {processor.py:156} INFO - Started process (PID=47714) to work on /home/choco/airflow_venv/lib/python3.10/site-packages/airflow/example_dags/tutorial_taskflow_api.py
[2023-06-11T02:19:00.958+0200] {processor.py:758} INFO - Processing file /home/choco/airflow_venv/lib/python3.10/site-packages/airflow/example_dags/tutorial_taskflow_api.py for tasks to queue
[2023-06-11T02:19:00.959+0200] {logging_mixin.py:117} INFO - [2023-06-11T02:19:00.959+0200] {dagbag.py:525} INFO - Filling up the DagBag from /home/choco/airflow_venv/lib/python3.10/site-packages/airflow/example_dags/tutorial_taskflow_api.py
[2023-06-11T02:19:00.975+0200] {processor.py:768} INFO - DAG(s) dict_keys(['tutorial_taskflow_api']) retrieved from /home/choco/airflow_venv/lib/python3.10/site-packages/airflow/example_dags/tutorial_taskflow_api.py
[2023-06-11T02:19:00.984+0200] {logging_mixin.py:117} INFO - [2023-06-11T02:19:00.984+0200] {dag.py:2573} INFO - Sync 1 DAGs
[2023-06-11T02:19:01.001+0200] {logging_mixin.py:117} INFO - [2023-06-11T02:19:01.001+0200] {dag.py:3324} INFO - Setting next_dagrun for tutorial_taskflow_api to None, run_after=None
[2023-06-11T02:19:01.021+0200] {processor.py:178} INFO - Processing /home/choco/airflow_venv/lib/python3.10/site-packages/airflow/example_dags/tutorial_taskflow_api.py took 0.066 seconds
[2023-06-11T02:19:42.521+0200] {processor.py:156} INFO - Started process (PID=47756) to work on /home/choco/airflow_venv/lib/python3.10/site-packages/airflow/example_dags/tutorial_taskflow_api.py
[2023-06-11T02:19:42.522+0200] {processor.py:758} INFO - Processing file /home/choco/airflow_venv/lib/python3.10/site-packages/airflow/example_dags/tutorial_taskflow_api.py for tasks to queue
[2023-06-11T02:19:42.523+0200] {logging_mixin.py:117} INFO - [2023-06-11T02:19:42.523+0200] {dagbag.py:525} INFO - Filling up the DagBag from /home/choco/airflow_venv/lib/python3.10/site-packages/airflow/example_dags/tutorial_taskflow_api.py
[2023-06-11T02:19:42.541+0200] {processor.py:768} INFO - DAG(s) dict_keys(['tutorial_taskflow_api']) retrieved from /home/choco/airflow_venv/lib/python3.10/site-packages/airflow/example_dags/tutorial_taskflow_api.py
[2023-06-11T02:19:42.567+0200] {logging_mixin.py:117} INFO - [2023-06-11T02:19:42.567+0200] {dag.py:2573} INFO - Sync 1 DAGs
[2023-06-11T02:19:42.583+0200] {logging_mixin.py:117} INFO - [2023-06-11T02:19:42.583+0200] {dag.py:3324} INFO - Setting next_dagrun for tutorial_taskflow_api to None, run_after=None
[2023-06-11T02:19:42.602+0200] {processor.py:178} INFO - Processing /home/choco/airflow_venv/lib/python3.10/site-packages/airflow/example_dags/tutorial_taskflow_api.py took 0.084 seconds
[2023-06-11T02:22:05.096+0200] {processor.py:156} INFO - Started process (PID=47897) to work on /home/choco/airflow_venv/lib/python3.10/site-packages/airflow/example_dags/tutorial_taskflow_api.py
[2023-06-11T02:22:05.107+0200] {processor.py:758} INFO - Processing file /home/choco/airflow_venv/lib/python3.10/site-packages/airflow/example_dags/tutorial_taskflow_api.py for tasks to queue
[2023-06-11T02:22:05.107+0200] {logging_mixin.py:117} INFO - [2023-06-11T02:22:05.107+0200] {dagbag.py:525} INFO - Filling up the DagBag from /home/choco/airflow_venv/lib/python3.10/site-packages/airflow/example_dags/tutorial_taskflow_api.py
[2023-06-11T02:22:05.122+0200] {processor.py:768} INFO - DAG(s) dict_keys(['tutorial_taskflow_api']) retrieved from /home/choco/airflow_venv/lib/python3.10/site-packages/airflow/example_dags/tutorial_taskflow_api.py
[2023-06-11T02:22:05.130+0200] {logging_mixin.py:117} INFO - [2023-06-11T02:22:05.130+0200] {dag.py:2573} INFO - Sync 1 DAGs
[2023-06-11T02:22:05.146+0200] {logging_mixin.py:117} INFO - [2023-06-11T02:22:05.146+0200] {dag.py:3324} INFO - Setting next_dagrun for tutorial_taskflow_api to None, run_after=None
[2023-06-11T02:22:05.165+0200] {processor.py:178} INFO - Processing /home/choco/airflow_venv/lib/python3.10/site-packages/airflow/example_dags/tutorial_taskflow_api.py took 0.070 seconds
[2023-06-11T02:22:46.369+0200] {processor.py:156} INFO - Started process (PID=47939) to work on /home/choco/airflow_venv/lib/python3.10/site-packages/airflow/example_dags/tutorial_taskflow_api.py
[2023-06-11T02:22:46.381+0200] {processor.py:758} INFO - Processing file /home/choco/airflow_venv/lib/python3.10/site-packages/airflow/example_dags/tutorial_taskflow_api.py for tasks to queue
[2023-06-11T02:22:46.381+0200] {logging_mixin.py:117} INFO - [2023-06-11T02:22:46.381+0200] {dagbag.py:525} INFO - Filling up the DagBag from /home/choco/airflow_venv/lib/python3.10/site-packages/airflow/example_dags/tutorial_taskflow_api.py
[2023-06-11T02:22:46.396+0200] {processor.py:768} INFO - DAG(s) dict_keys(['tutorial_taskflow_api']) retrieved from /home/choco/airflow_venv/lib/python3.10/site-packages/airflow/example_dags/tutorial_taskflow_api.py
[2023-06-11T02:22:46.416+0200] {logging_mixin.py:117} INFO - [2023-06-11T02:22:46.415+0200] {dag.py:2573} INFO - Sync 1 DAGs
[2023-06-11T02:22:46.429+0200] {logging_mixin.py:117} INFO - [2023-06-11T02:22:46.429+0200] {dag.py:3324} INFO - Setting next_dagrun for tutorial_taskflow_api to None, run_after=None
[2023-06-11T02:22:46.447+0200] {processor.py:178} INFO - Processing /home/choco/airflow_venv/lib/python3.10/site-packages/airflow/example_dags/tutorial_taskflow_api.py took 0.079 seconds
[2023-06-11T02:23:31.310+0200] {processor.py:156} INFO - Started process (PID=47983) to work on /home/choco/airflow_venv/lib/python3.10/site-packages/airflow/example_dags/tutorial_taskflow_api.py
[2023-06-11T02:23:31.321+0200] {processor.py:758} INFO - Processing file /home/choco/airflow_venv/lib/python3.10/site-packages/airflow/example_dags/tutorial_taskflow_api.py for tasks to queue
[2023-06-11T02:23:31.321+0200] {logging_mixin.py:117} INFO - [2023-06-11T02:23:31.321+0200] {dagbag.py:525} INFO - Filling up the DagBag from /home/choco/airflow_venv/lib/python3.10/site-packages/airflow/example_dags/tutorial_taskflow_api.py
[2023-06-11T02:23:31.336+0200] {processor.py:768} INFO - DAG(s) dict_keys(['tutorial_taskflow_api']) retrieved from /home/choco/airflow_venv/lib/python3.10/site-packages/airflow/example_dags/tutorial_taskflow_api.py
[2023-06-11T02:23:31.355+0200] {logging_mixin.py:117} INFO - [2023-06-11T02:23:31.355+0200] {dag.py:2573} INFO - Sync 1 DAGs
[2023-06-11T02:23:31.368+0200] {logging_mixin.py:117} INFO - [2023-06-11T02:23:31.368+0200] {dag.py:3324} INFO - Setting next_dagrun for tutorial_taskflow_api to None, run_after=None
[2023-06-11T02:23:31.385+0200] {processor.py:178} INFO - Processing /home/choco/airflow_venv/lib/python3.10/site-packages/airflow/example_dags/tutorial_taskflow_api.py took 0.077 seconds
[2023-06-11T02:24:15.124+0200] {processor.py:156} INFO - Started process (PID=48027) to work on /home/choco/airflow_venv/lib/python3.10/site-packages/airflow/example_dags/tutorial_taskflow_api.py
[2023-06-11T02:24:15.135+0200] {processor.py:758} INFO - Processing file /home/choco/airflow_venv/lib/python3.10/site-packages/airflow/example_dags/tutorial_taskflow_api.py for tasks to queue
[2023-06-11T02:24:15.135+0200] {logging_mixin.py:117} INFO - [2023-06-11T02:24:15.135+0200] {dagbag.py:525} INFO - Filling up the DagBag from /home/choco/airflow_venv/lib/python3.10/site-packages/airflow/example_dags/tutorial_taskflow_api.py
[2023-06-11T02:24:15.152+0200] {processor.py:768} INFO - DAG(s) dict_keys(['tutorial_taskflow_api']) retrieved from /home/choco/airflow_venv/lib/python3.10/site-packages/airflow/example_dags/tutorial_taskflow_api.py
[2023-06-11T02:24:15.174+0200] {logging_mixin.py:117} INFO - [2023-06-11T02:24:15.174+0200] {dag.py:2573} INFO - Sync 1 DAGs
[2023-06-11T02:24:15.189+0200] {logging_mixin.py:117} INFO - [2023-06-11T02:24:15.188+0200] {dag.py:3324} INFO - Setting next_dagrun for tutorial_taskflow_api to None, run_after=None
[2023-06-11T02:24:15.208+0200] {processor.py:178} INFO - Processing /home/choco/airflow_venv/lib/python3.10/site-packages/airflow/example_dags/tutorial_taskflow_api.py took 0.086 seconds
